----- Prover9 July-2005X, 13 July 2005 -----
Process 10960 was started by mccune on gyro.thornwood,
Fri Jul 15 15:30:33 2005
The command was "prover9 -f H65d.in".

% Reading from file H65d.in

set(auto).
    % set(auto) -> set(auto1).
    % set(auto1) -> set(auto_inference).
    % set(auto1) -> set(fof_reduction).
    % set(auto1) -> set(predicate_elimination).
    % set(auto1) -> set(unfold_eq).
    % set(unfold_eq) -> assign(unfold_eq_limit, 2147483647).
    % set(unfold_eq) -> clear(fold_eq).
    % set(auto1) -> set(inverse_order).
    % set(auto1) -> assign(new_constants, 1).
    % assign(new_constants, 1) -> clear(x_proofs).
    % assign(new_constants, 1) -> clear(rx_proofs).
    % set(auto1) -> assign(lex_dep_demod_lim, 11).
    % set(auto1) -> set(lex_dep_demod_sane).
    % set(auto1) -> assign(max_weight, 100).
    % set(auto1) -> assign(age_part, 1).
    % set(auto1) -> assign(weight_part, 2).
    % set(auto1) -> assign(weight_neg_part, 2).
    % set(auto1) -> assign(sos_limit, 10000).
    % set(auto1) -> clear(x_proofs).
    % set(auto1) -> assign(stats, lots).
    % set(auto1) -> assign(max_megs, 200).
    % set(auto1) -> clear(clocks).

terms(weights).
end_of_list.

clauses(sos).
x v y = y v x.
(x v y) v z = x v (y v z).
x ^ y = y ^ x.
(x ^ y) ^ z = x ^ (y ^ z).
x ^ (x v y) = x.
x v (x ^ y) = x.
x v x ' = 1.
x ^ x ' = 0.
x v y != 1 | x ^ y != 0 | x ' = y.
x ^ (y v (z ^ u)) = x ^ (y v (x ^ ((x ^ y) v (z ^ u)))) # label(H65).
A ^ (B v C) != (A ^ B) v (A ^ C) # label(dist).
end_of_list.

% Finished reading the input.

% Entering prover search function.
% Assigned IDs to 11 clauses.

% Predicate elimination: (none).
% Relation symbol precedence:  lex([ = ]).
% Function symbol precedence:  lex([ 0, 1, A, B, C, ^, v, ' ]).
% After inverse_order: % Function symbol precedence:  lex([ 0, 1, A, B, C, v, ^, ' ]).
% Unfolding symbols: (none).

% Auto inference settings:
  % set(paramodulation).  % (positive equality literals)
    % set(paramodulation) -> set(back_demod).
  % set(hyper_resolution).  % (nonunit Horn with equality)
  % set(neg_ur_resolution).  % (nonunit Horn with equality)
  % assign(para_lit_limit, 2).  % (nonunit Horn with equality)

% Reasonable options, based on the structure of the clauses:
  % (nothing changed)

% Operation v is commutative; redundancy checks enabled.

% Operation v is associative-commutative; redundancy checks enabled.

% Operation ^ is commutative; redundancy checks enabled.

% Operation ^ is associative-commutative; redundancy checks enabled.

% Clauses after input processing:

clauses(usable).
end_of_list.

clauses(sos).
12 x v y = y v x.  [input]
13 (x v y) v z = x v (y v z).  [input]
14 x ^ y = y ^ x.  [input]
15 (x ^ y) ^ z = x ^ (y ^ z).  [input]
16 x ^ (x v y) = x.  [input]
17 x v (x ^ y) = x.  [input]
18 x v x ' = 1.  [input]
19 x ^ x ' = 0.  [input]
20 x v y != 1 | x ^ y != 0 | x ' = y.  [input]
21 x ^ (y v (x ^ ((x ^ y) v (z ^ u)))) = x ^ (y v (z ^ u)) # label(H65).  [copy 10 flip a]
22 A ^ (B v C) != (A ^ B) v (A ^ C) # label(dist).  [input]
end_of_list.

clauses(demodulators).
12 x v y = y v x.  [input]
        % (lex-dep)
13 (x v y) v z = x v (y v z).  [input]
14 x ^ y = y ^ x.  [input]
        % (lex-dep)
15 (x ^ y) ^ z = x ^ (y ^ z).  [input]
16 x ^ (x v y) = x.  [input]
17 x v (x ^ y) = x.  [input]
18 x v x ' = 1.  [input]
19 x ^ x ' = 0.  [input]
21 x ^ (y v (x ^ ((x ^ y) v (z ^ u)))) = x ^ (y v (z ^ u)) # label(H65).  [copy 10 flip a]
end_of_list.

clauses(goals).
end_of_list.

% Starting search at 0.00 seconds.

given #1 (wt=7): 12 x v y = y v x.  [input]

given #2 (wt=11): 13 (x v y) v z = x v (y v z).  [input]

given #3 (wt=7): 14 x ^ y = y ^ x.  [input]

given #4 (wt=11): 15 (x ^ y) ^ z = x ^ (y ^ z).  [input]

given #5 (wt=7): 16 x ^ (x v y) = x.  [input]

given #6 (wt=7): 17 x v (x ^ y) = x.  [input]

given #7 (wt=6): 18 x v x ' = 1.  [input]

given #8 (wt=6): 19 x ^ x ' = 0.  [input]

given #9 (wt=14): 20 x v y != 1 | x ^ y != 0 | x ' = y.  [input]

given #10 (wt=21): 21 x ^ (y v (x ^ ((x ^ y) v (z ^ u)))) = x ^ (y v (z ^ u)) # label(H65).  [copy 10 flip a]

given #11 (wt=13): 22 A ^ (B v C) != (A ^ B) v (A ^ C) # label(dist).  [input]

given #12 (wt=5): 33 x ^ x = x.  [para (17 (a 1) 16 (a 1 2))]

given #13 (wt=5): 34 x v x = x.  [para (16 (a 1) 17 (a 1 2))]

given #14 (wt=5): 37 x ^ 1 = x.  [para (18 (a 1) 16 (a 1 2))]

given #15 (wt=5): 40 x v 0 = x.  [para (19 (a 1) 17 (a 1 2))]

given #16 (wt=11): 23 x v (y v z) = y v (x v z).  [para (12 (a 1) 13 (a 1 1)) demod (13)]

given #17 (wt=5): 59 1 ^ x = x.  [para (37 (a 1) 14 (a 1)) flip a]

given #18 (wt=4): 65 1 ' = 0.  [hyper (20 a 40 a b 59 a)]

given #19 (wt=5): 60 0 v x = x.  [para (40 (a 1) 12 (a 1)) flip a]

given #20 (wt=4): 68 0 ' = 1.  [hyper (20 a 60 a b 37 a)]

given #21 (wt=11): 24 x ^ (y ^ z) = y ^ (x ^ z).  [para (14 (a 1) 15 (a 1 1)) demod (15)]

given #22 (wt=5): 66 1 v x = 1.  [para (59 (a 1) 16 (a 1))]

given #23 (wt=5): 69 0 ^ x = 0.  [para (60 (a 1) 16 (a 1 2))]

given #24 (wt=5): 74 x v 1 = 1.  [para (66 (a 1) 12 (a 1)) flip a]

given #25 (wt=5): 76 x ^ 0 = 0.  [para (69 (a 1) 14 (a 1)) flip a]

given #26 (wt=7): 25 x ^ (y v x) = x.  [para (12 (a 1) 16 (a 1 2))]

given #27 (wt=7): 31 x v (y ^ x) = x.  [para (14 (a 1) 17 (a 1 2))]

given #28 (wt=8): 67 x v (x ' v y) = 1.  [back_demod 35 demod (66)]

given #29 (wt=8): 70 x ^ (x ' ^ y) = 0.  [back_demod 38 demod (69)]

given #30 (wt=8): 75 x v (y v x ') = 1.  [back_demod 64 demod (74)]

given #31 (wt=13): 26 (x v y) ^ (x v (y v z)) = x v y.  [para (13 (a 1) 16 (a 1 2))]

given #32 (wt=8): 77 x ^ (y ^ x ') = 0.  [back_demod 73 demod (76)]

given #33 (wt=9): 52 x ^ (x ^ y) = x ^ y.  [para (33 (a 1) 15 (a 1 1)) flip a]

given #34 (wt=9): 54 x ^ (y ^ x) = y ^ x.  [para (33 (a 1) 15 (a 2 2)) demod (14)]

given #35 (wt=9): 56 x v (x v y) = x v y.  [para (34 (a 1) 13 (a 1 1)) flip a]

given #36 (wt=11): 27 x ^ ((x v y) ^ z) = x ^ z.  [para (16 (a 1) 15 (a 1 1)) flip a]

given #37 (wt=8): 110 x ^ (x v y) ' = 0.  [para (19 (a 1) 27 (a 1 2)) demod (76) flip a]

given #38 (wt=8): 117 x ^ (y v x) ' = 0.  [para (12 (a 1) 110 (a 1 2 1))]

given #39 (wt=9): 58 x v (y v x) = y v x.  [para (34 (a 1) 13 (a 2 2)) demod (12)]

given #40 (wt=9): 62 x ^ (y v (x v z)) = x.  [para (23 (a 1) 16 (a 1 2))]

given #41 (wt=13): 28 x ^ (y ^ ((x ^ y) v z)) = x ^ y.  [para (16 (a 1) 15 (a 1)) flip a]

given #42 (wt=9): 72 x v (y ^ (x ^ z)) = x.  [para (24 (a 1) 17 (a 1 2))]

given #43 (wt=9): 78 x ^ (y v (z v x)) = x.  [para (13 (a 1) 25 (a 1 2))]

given #44 (wt=9): 85 x v (y ^ (z ^ x)) = x.  [para (15 (a 1) 31 (a 1 2))]

given #45 (wt=10): 36 x v (y v (x v y) ') = 1.  [para (18 (a 1) 13 (a 1)) flip a]

given #46 (wt=11): 29 x v ((x ^ y) v z) = x v z.  [para (17 (a 1) 13 (a 1 1)) flip a]

given #47 (wt=8): 163 x v (x ^ y) ' = 1.  [para (18 (a 1) 29 (a 1 2)) demod (74) flip a]

given #48 (wt=8): 173 x v (y ^ x) ' = 1.  [para (14 (a 1) 163 (a 1 2 1))]

given #49 (wt=10): 39 x ^ (y ^ (x ^ y) ') = 0.  [para (19 (a 1) 15 (a 1)) flip a]

given #50 (wt=10): 89 x v (y v (x ' v z)) = 1.  [para (67 (a 1) 23 (a 1 2)) demod (74) flip a]

given #51 (wt=13): 30 x v (y v ((x v y) ^ z)) = x v y.  [para (17 (a 1) 13 (a 1)) flip a]

given #52 (wt=10): 91 x ^ (y ^ (x ' ^ z)) = 0.  [para (70 (a 1) 24 (a 1 2)) demod (76) flip a]

given #53 (wt=10): 93 x v (y v (z v x ')) = 1.  [para (13 (a 1) 75 (a 1 2))]

given #54 (wt=10): 103 x ^ (y ^ (z ^ x ')) = 0.  [para (15 (a 1) 77 (a 1 2))]

given #55 (wt=10): 114 x ^ ((x v y) ' ^ z) = 0.  [para (70 (a 1) 27 (a 1 2)) demod (76) flip a]

given #56 (wt=13): 32 (x ^ y) v (x ^ (y ^ z)) = x ^ y.  [para (15 (a 1) 17 (a 1 2))]

given #57 (wt=10): 115 x ^ (y ^ (x v z) ') = 0.  [para (77 (a 1) 27 (a 1 2)) demod (76) flip a]

given #58 (wt=10): 120 x ^ (y v (x v z)) ' = 0.  [para (23 (a 1) 110 (a 1 2 1))]

given #59 (wt=10): 121 x ^ (y v (z v x)) ' = 0.  [para (13 (a 1) 117 (a 1 2 1))]

given #60 (wt=10): 122 x ^ ((y v x) ' ^ z) = 0.  [para (117 (a 1) 15 (a 1 1)) demod (69) flip a]

given #61 (wt=21): 41 x ^ (y v (x ^ ((z ^ u) v (x ^ y)))) = x ^ (y v (z ^ u)).  [para (12 (a 1) 21 (a 1 2 2 2))]

given #62 (wt=10): 125 x ^ (y ^ (z v x) ') = 0.  [para (117 (a 1) 24 (a 1 2)) demod (76) flip a]

given #63 (wt=10): 157 x v (y v (y v x) ') = 1.  [para (12 (a 1) 36 (a 1 2 2 1))]

given #64 (wt=10): 166 x v ((x ^ y) ' v z) = 1.  [para (67 (a 1) 29 (a 1 2)) demod (74) flip a]

given #65 (wt=10): 167 x v (y v (x ^ z) ') = 1.  [para (75 (a 1) 29 (a 1 2)) demod (74) flip a]

given #66 (wt=27): 42 x ^ (y v (z v (x ^ ((x ^ (y v z)) v (u ^ v))))) = x ^ (y v (z v (u ^ v))).  [para (13 (a 1) 21 (a 1 2)) demod (13)]

given #67 (wt=10): 175 x v (y ^ (x ^ z)) ' = 1.  [para (24 (a 1) 163 (a 1 2 1))]

given #68 (wt=10): 176 x v ((y ^ x) ' v z) = 1.  [para (173 (a 1) 13 (a 1 1)) demod (66) flip a]

given #69 (wt=10): 178 x v (y ^ (z ^ x)) ' = 1.  [para (15 (a 1) 173 (a 1 2 1))]

given #70 (wt=10): 179 x v (y v (z ^ x) ') = 1.  [para (173 (a 1) 23 (a 1 2)) demod (74) flip a]

given #71 (wt=21): 43 x ^ (y v (x ^ ((y ^ x) v (z ^ u)))) = x ^ (y v (z ^ u)).  [para (14 (a 1) 21 (a 1 2 2 2 1))]

given #72 (wt=10): 183 x ^ (y ^ (y ^ x) ') = 0.  [para (14 (a 1) 39 (a 1 2 2 1))]

given #73 (wt=11): 63 x v (y v (x ^ z)) = y v x.  [para (17 (a 1) 23 (a 1 2)) flip a]

given #74 (wt=11): 71 x ^ (y ^ (x v z)) = y ^ x.  [para (16 (a 1) 24 (a 1 2)) flip a]

given #75 (wt=11): 79 x ^ ((y v x) ^ z) = x ^ z.  [para (25 (a 1) 15 (a 1 1)) flip a]

given #76 (wt=25): 44 x ^ ((y v (x ^ ((x ^ y) v (z ^ u)))) ^ v) = x ^ ((y v (z ^ u)) ^ v).  [para (21 (a 1) 15 (a 1 1)) demod (15) flip a]

given #77 (wt=11): 82 x ^ (y ^ (z v x)) = y ^ x.  [para (25 (a 1) 24 (a 1 2)) flip a]

given #78 (wt=11): 83 x v ((y ^ x) v z) = x v z.  [para (31 (a 1) 13 (a 1 1)) flip a]

given #79 (wt=11): 86 x v (y v (z ^ x)) = y v x.  [para (31 (a 1) 23 (a 1 2)) flip a]

given #80 (wt=11): 116 (x v y) ^ (z ^ x) = z ^ x.  [para (54 (a 1) 27 (a 2)) demod (107)]

given #81 (wt=29): 45 x ^ (y ^ (z v (x ^ (y ^ ((x ^ (y ^ z)) v (u ^ v)))))) = x ^ (y ^ (z v (u ^ v))).  [para (21 (a 1) 15 (a 1)) demod (15 15 15) flip a]

given #82 (wt=11): 128 (x v y) ^ (y v x) = x v y.  [para (58 (a 1) 26 (a 1 2))]

given #83 (wt=11): 130 x ^ (y v (z v (x v u))) = x.  [para (13 (a 1) 62 (a 1 2))]

given #84 (wt=11): 142 x v (y ^ (z ^ (x ^ u))) = x.  [para (15 (a 1) 72 (a 1 2))]

given #85 (wt=11): 144 x ^ (y v (z v (u v x))) = x.  [para (13 (a 1) 78 (a 1 2 2))]

given #86 (wt=17): 46 x ^ (y v (x ^ ((x ^ y) v z))) = x ^ (y v z).  [para (16 (a 1) 21 (a 1 2 2 2 2)) demod (16)]

given #87 (wt=11): 151 x v (y ^ (z ^ (u ^ x))) = x.  [para (15 (a 1) 85 (a 1 2 2))]

given #88 (wt=11): 169 (x ^ y) v (z v x) = z v x.  [para (58 (a 1) 29 (a 2)) demod (127)]

given #89 (wt=11): 217 (x ^ y) v (y ^ x) = x ^ y.  [para (54 (a 1) 32 (a 1 2))]

given #90 (wt=11): 384 (x v y) ^ (z ^ y) = z ^ y.  [para (54 (a 1) 79 (a 2)) demod (107)]

given #91 (wt=13): 80 x ^ (y ^ (z v (x ^ y))) = x ^ y.  [para (25 (a 1) 15 (a 1)) flip a]

given #92 (wt=11): 478 (x ^ y) v (z v y) = z v y.  [para (58 (a 1) 83 (a 2)) demod (127)]

given #93 (wt=12): 88 x v (y v ((x v y) ' v z)) = 1.  [para (67 (a 1) 13 (a 1)) flip a]

given #94 (wt=12): 90 x ^ (y ^ ((x ^ y) ' ^ z)) = 0.  [para (70 (a 1) 15 (a 1)) flip a]

given #95 (wt=12): 92 x v (y v (z v (x v y) ')) = 1.  [para (75 (a 1) 13 (a 1)) flip a]

given #96 (wt=13): 81 (x v y) ^ (x v (z v y)) = x v y.  [para (23 (a 1) 25 (a 1 2))]

given #97 (wt=12): 102 x ^ (y ^ (z ^ (x ^ y) ')) = 0.  [para (77 (a 1) 15 (a 1)) flip a]

given #98 (wt=12): 118 (x v y) ^ (x v (y v z)) ' = 0.  [para (13 (a 1) 110 (a 1 2 1))]

given #99 (wt=10): 794 (x v y) ^ (y v x) ' = 0.  [para (58 (a 1) 118 (a 1 2 1))]

given #100 (wt=12): 119 x ^ (y ^ ((x ^ y) v z) ') = 0.  [para (110 (a 1) 15 (a 1)) flip a]

given #101 (wt=13): 84 x v (y v (z ^ (x v y))) = x v y.  [para (31 (a 1) 13 (a 1)) flip a]

given #102 (wt=12): 123 x ^ (y ^ (z v (x ^ y)) ') = 0.  [para (117 (a 1) 15 (a 1)) flip a]

given #103 (wt=12): 124 (x v y) ^ (x v (z v y)) ' = 0.  [para (23 (a 1) 117 (a 1 2 1))]

given #104 (wt=12): 159 x v (y v (z v (x v z) ')) = 1.  [para (36 (a 1) 23 (a 1 2)) demod (74) flip a]

given #105 (wt=12): 168 ((x ^ y) v z) ^ (x v z) ' = 0.  [para (29 (a 1) 117 (a 1 2 1))]

given #106 (wt=13): 87 (x ^ y) v (x ^ (z ^ y)) = x ^ y.  [para (24 (a 1) 31 (a 1 2))]

given #107 (wt=12): 171 x v (y v ((x ^ z) v y) ') = 1.  [para (36 (a 1) 29 (a 1 2)) demod (74) flip a]

given #108 (wt=12): 172 x v (y v ((x v y) ^ z) ') = 1.  [para (163 (a 1) 13 (a 1)) flip a]

given #109 (wt=12): 174 (x ^ y) v (x ^ (y ^ z)) ' = 1.  [para (15 (a 1) 163 (a 1 2 1))]

given #110 (wt=10): 928 (x ^ y) v (y ^ x) ' = 1.  [para (54 (a 1) 174 (a 1 2 1))]

given #111 (wt=13): 94 (x v y) ^ (y v (x v z)) = y v x.  [para (12 (a 1) 26 (a 1 1))]

given #112 (wt=12): 177 x v (y v (z ^ (x v y)) ') = 1.  [para (173 (a 1) 13 (a 1)) flip a]

given #113 (wt=12): 180 (x ^ y) v (x ^ (z ^ y)) ' = 1.  [para (24 (a 1) 173 (a 1 2 1))]

given #114 (wt=12): 181 ((x v y) ^ z) v (x ^ z) ' = 1.  [para (27 (a 1) 173 (a 1 2 1))]

given #115 (wt=12): 185 x ^ (y ^ (z ^ (x ^ z) ')) = 0.  [para (39 (a 1) 24 (a 1 2)) demod (76) flip a]

given #116 (wt=13): 95 (x v y) ^ (y v (z v x)) = x v y.  [para (12 (a 1) 26 (a 1 2)) demod (13)]

given #117 (wt=8): 1012 x ' v (y v x) = 1.  [para (18 (a 1) 95 (a 1 1)) demod (59 18)]

given #118 (wt=10): 1016 x ' v (y v (z v x)) = 1.  [para (67 (a 1) 95 (a 1 1)) demod (13 59 67)]

given #119 (wt=10): 1022 (x ^ y) ' v (z v x) = 1.  [para (163 (a 1) 95 (a 1 1)) demod (59 163)]

given #120 (wt=10): 1023 (x ^ y) ' v (z v y) = 1.  [para (173 (a 1) 95 (a 1 1)) demod (59 173)]

given #121 (wt=19): 96 (x v (y v z)) ^ (x v (y v (z v u))) = x v (y v z).  [para (13 (a 1) 26 (a 1 1)) demod (13 13)]

given #122 (wt=10): 1057 x ' v (y v (x v z)) = 1.  [para (1012 (a 1) 13 (a 1 1)) demod (66 13) flip a]

given #123 (wt=12): 187 x ^ (y ^ ((x v z) ^ y) ') = 0.  [para (39 (a 1) 27 (a 1 2)) demod (76) flip a]

given #124 (wt=12): 189 x v (y v (z v (x ' v u))) = 1.  [para (13 (a 1) 89 (a 1 2))]

given #125 (wt=12): 190 x v (y v ((x ^ z) ' v u)) = 1.  [para (89 (a 1) 29 (a 1 2)) demod (74) flip a]

given #126 (wt=17): 97 (x v y) ^ ((x v (y v z)) ^ u) = (x v y) ^ u.  [para (26 (a 1) 15 (a 1 1)) flip a]

given #127 (wt=12): 200 x ^ (y ^ (z ^ (x ' ^ u))) = 0.  [para (15 (a 1) 91 (a 1 2))]

given #128 (wt=12): 201 x ^ (y ^ ((x v z) ' ^ u)) = 0.  [para (91 (a 1) 27 (a 1 2)) demod (76) flip a]

given #129 (wt=12): 203 x v (y v (z v (u v x '))) = 1.  [para (13 (a 1) 93 (a 1 2 2))]

given #130 (wt=12): 204 x v (y v (z v (x ^ u) ')) = 1.  [para (93 (a 1) 29 (a 1 2)) demod (74) flip a]

given #131 (wt=19): 98 (x v (y v z)) ^ (y v (x v (z v u))) = y v (x v z).  [para (23 (a 1) 26 (a 1 1)) demod (13)]

given #132 (wt=12): 206 x ^ (y ^ (z ^ (u ^ x '))) = 0.  [para (15 (a 1) 103 (a 1 2 2))]

given #133 (wt=12): 207 x ^ (y ^ (z ^ (x v u) ')) = 0.  [para (103 (a 1) 27 (a 1 2)) demod (76) flip a]

given #134 (wt=12): 210 x ^ ((y v (x v z)) ' ^ u) = 0.  [para (23 (a 1) 114 (a 1 2 1 1))]

given #135 (wt=12): 221 x ^ (y ^ (z v (x v u)) ') = 0.  [para (23 (a 1) 115 (a 1 2 2 1))]

given #136 (wt=15): 99 (x v y) ^ (x v (z v (y v u))) = x v y.  [para (23 (a 1) 26 (a 1 2 2))]

given #137 (wt=12): 223 x ^ (y v (z v (x v u))) ' = 0.  [para (13 (a 1) 120 (a 1 2 1))]

given #138 (wt=12): 225 x ^ (y v (z v (u v x))) ' = 0.  [para (13 (a 1) 121 (a 1 2 1 2))]

given #139 (wt=12): 226 x ^ ((y v (z v x)) ' ^ u) = 0.  [para (121 (a 1) 15 (a 1 1)) demod (69) flip a]

given #140 (wt=12): 229 x ^ (y ^ (z v (u v x)) ') = 0.  [para (121 (a 1) 24 (a 1 2)) demod (76) flip a]

given #141 (wt=17): 100 (x v y) ^ (z ^ (x v (y v u))) = z ^ (x v y).  [para (26 (a 1) 24 (a 1 2)) flip a]

given #142 (wt=12): 235 x ^ (y ^ ((z v x) ' ^ u)) = 0.  [para (122 (a 1) 24 (a 1 2)) demod (76) flip a]

given #143 (wt=12): 271 x ^ (y ^ (z ^ (u v x) ')) = 0.  [para (15 (a 1) 125 (a 1 2))]

given #144 (wt=12): 275 x v (y v ((y v x) ' v z)) = 1.  [para (157 (a 1) 13 (a 1 1)) demod (66 13) flip a]

given #145 (wt=12): 278 x v (y v (z v (z v x) ')) = 1.  [para (157 (a 1) 23 (a 1 2)) demod (74) flip a]

given #146 (wt=13): 105 x ^ (y ^ (x ^ z)) = y ^ (x ^ z).  [para (52 (a 1) 15 (a 2 2)) demod (24 15)]

given #147 (wt=12): 280 x v (y v (y v (x ^ z)) ') = 1.  [para (157 (a 1) 29 (a 1 2)) demod (74) flip a]

given #148 (wt=12): 283 x v ((y ^ (x ^ z)) ' v u) = 1.  [para (24 (a 1) 166 (a 1 2 1 1))]

given #149 (wt=12): 286 x v (y v (z ^ (x ^ u)) ') = 1.  [para (24 (a 1) 167 (a 1 2 2 1))]

given #150 (wt=12): 304 x v (y ^ (z ^ (x ^ u))) ' = 1.  [para (15 (a 1) 175 (a 1 2 1))]

given #151 (wt=13): 107 x ^ (y ^ (z ^ x)) = y ^ (z ^ x).  [para (15 (a 1) 54 (a 1 2)) demod (15)]

given #152 (wt=8): 1405 x ' ^ (y ^ x) = 0.  [para (107 (a 1) 70 (a 1))]

given #153 (wt=10): 1406 (x v y) ' ^ (z ^ x) = 0.  [para (107 (a 1) 114 (a 1))]

given #154 (wt=10): 1407 (x v y) ' ^ (z ^ y) = 0.  [para (107 (a 1) 122 (a 1))]

given #155 (wt=10): 1422 x ' ^ (y ^ (x ^ z)) = 0.  [para (1405 (a 1) 15 (a 1 1)) demod (69 15) flip a]

given #156 (wt=13): 108 x v (y v (x v z)) = y v (x v z).  [para (56 (a 1) 13 (a 2 2)) demod (23 13)]

given #157 (wt=10): 1423 x ' ^ (y ^ (z ^ x)) = 0.  [para (15 (a 1) 1405 (a 1 2))]

given #158 (wt=12): 306 x v ((y ^ (z ^ x)) ' v u) = 1.  [para (15 (a 1) 176 (a 1 2 1 1))]

given #159 (wt=12): 307 x v (y v ((z ^ x) ' v u)) = 1.  [para (176 (a 1) 23 (a 1 2)) demod (74) flip a]

given #160 (wt=12): 312 x v (y ^ (z ^ (u ^ x))) ' = 1.  [para (15 (a 1) 178 (a 1 2 1 2))]

given #161 (wt=17): 109 x ^ (y ^ (((x ^ y) v z) ^ u)) = x ^ (y ^ u).  [para (27 (a 1) 15 (a 1)) demod (15) flip a]

given #162 (wt=12): 313 x v (y v (z ^ (u ^ x)) ') = 1.  [para (178 (a 1) 23 (a 1 2)) demod (74) flip a]

given #163 (wt=12): 318 x v (y v (z v (u ^ x) ')) = 1.  [para (13 (a 1) 179 (a 1 2))]

given #164 (wt=12): 357 x ^ (y ^ ((y ^ x) ' ^ z)) = 0.  [para (183 (a 1) 15 (a 1 1)) demod (69 15) flip a]

given #165 (wt=12): 360 x ^ (y ^ (z ^ (z ^ x) ')) = 0.  [para (183 (a 1) 24 (a 1 2)) demod (76) flip a]

given #166 (wt=13): 111 x ^ ((y v (x v z)) ^ u) = x ^ u.  [para (23 (a 1) 27 (a 1 2 1))]

given #167 (wt=12): 362 x ^ (y ^ (y ^ (x v z)) ') = 0.  [para (183 (a 1) 27 (a 1 2)) demod (76) flip a]

given #168 (wt=12): 366 (x v (y ^ z)) ^ (x v y) ' = 0.  [para (63 (a 1) 117 (a 1 2 1))]

given #169 (wt=12): 375 (x ^ (y v z)) v (x ^ y) ' = 1.  [para (71 (a 1) 173 (a 1 2 1))]

given #170 (wt=12): 389 ((x v y) ^ z) v (y ^ z) ' = 1.  [para (79 (a 1) 173 (a 1 2 1))]

given #171 (wt=15): 112 x ^ (y ^ ((x v z) ^ u)) = y ^ (x ^ u).  [para (27 (a 1) 24 (a 1 2)) flip a]

given #172 (wt=12): 390 x ^ (y ^ ((z v x) ^ y) ') = 0.  [para (39 (a 1) 79 (a 1 2)) demod (76) flip a]

given #173 (wt=12): 395 x ^ (y ^ (y ^ (z v x)) ') = 0.  [para (183 (a 1) 79 (a 1 2)) demod (76) flip a]

given #174 (wt=12): 465 (x ^ (y v z)) v (x ^ z) ' = 1.  [para (82 (a 1) 173 (a 1 2 1))]

given #175 (wt=12): 477 ((x ^ y) v z) ^ (y v z) ' = 0.  [para (83 (a 1) 117 (a 1 2 1))]

given #176 (wt=15): 113 (x ^ y) v ((x v z) ^ y) = (x v z) ^ y.  [para (27 (a 1) 31 (a 1 2)) demod (12)]

given #177 (wt=12): 482 x v (y v ((z ^ x) v y) ') = 1.  [para (36 (a 1) 83 (a 1 2)) demod (74) flip a]

given #178 (wt=12): 487 x v (y v (y v (z ^ x)) ') = 1.  [para (157 (a 1) 83 (a 1 2)) demod (74) flip a]

given #179 (wt=12): 498 (x v (y ^ z)) ^ (x v z) ' = 0.  [para (86 (a 1) 117 (a 1 2 1))]

given #180 (wt=12): 586 x v (y v (z ^ (y v x)) ') = 1.  [para (128 (a 1) 178 (a 1 2 1 2)) demod (13)]

given #181 (wt=13): 127 x v (y v (z v x)) = y v (z v x).  [para (13 (a 1) 58 (a 1 2)) demod (13)]

given #182 (wt=12): 587 x v (y v (z v (y v x) ')) = 1.  [para (128 (a 1) 179 (a 1 2 2 1)) demod (13)]

given #183 (wt=12): 686 x ^ (y ^ (z v (y ^ x)) ') = 0.  [para (217 (a 1) 121 (a 1 2 1 2)) demod (15)]

given #184 (wt=12): 687 x ^ (y ^ (z ^ (y ^ x) ')) = 0.  [para (217 (a 1) 125 (a 1 2 2 1)) demod (15)]

given #185 (wt=12): 749 x v (y v (x v (y ^ z)) ') = 1.  [para (169 (a 1) 88 (a 1 2)) demod (12)]

given #186 (wt=15): 129 (x v y) ^ (z v (x v (y v u))) = x v y.  [para (13 (a 1) 62 (a 1 2 2))]

given #187 (wt=12): 750 x v (y v (x v (z ^ y)) ') = 1.  [para (478 (a 1) 88 (a 1 2)) demod (12)]

given #188 (wt=12): 756 x ^ (y ^ (x ^ (y v z)) ') = 0.  [para (116 (a 1) 90 (a 1 2)) demod (14)]

given #189 (wt=12): 758 x ^ (y ^ (x ^ (z v y)) ') = 0.  [para (384 (a 1) 90 (a 1 2)) demod (14)]

given #190 (wt=12): 789 (x v y) ^ (y v (x v z)) ' = 0.  [para (12 (a 1) 118 (a 1 1))]

given #191 (wt=15): 131 x ^ (y ^ (z v ((x ^ y) v u))) = x ^ y.  [para (62 (a 1) 15 (a 1)) flip a]

given #192 (wt=12): 790 (x v y) ^ (y v (z v x)) ' = 0.  [para (12 (a 1) 118 (a 1 2 1)) demod (13)]

given #193 (wt=12): 797 ((x ^ y) v z) ^ (z v x) ' = 0.  [para (169 (a 1) 118 (a 1 2 1))]

given #194 (wt=12): 799 ((x ^ y) v z) ^ (z v y) ' = 0.  [para (478 (a 1) 118 (a 1 2 1))]

given #195 (wt=12): 802 (x v y) ^ ((y v x) ' ^ z) = 0.  [para (794 (a 1) 15 (a 1 1)) demod (69) flip a]

given #196 (wt=13): 132 x ^ (y ^ (z v (x v u))) = y ^ x.  [para (62 (a 1) 24 (a 1 2)) flip a]

given #197 (wt=12): 804 (x v y) ^ (z ^ (y v x) ') = 0.  [para (794 (a 1) 24 (a 1 2)) demod (76) flip a]

given #198 (wt=12): 806 x ^ (y ^ ((y ^ x) v z) ') = 0.  [para (14 (a 1) 119 (a 1 2 2 1 1))]

given #199 (wt=12): 835 (x v y) ^ (z v (y v x)) ' = 0.  [para (12 (a 1) 124 (a 1 2 1)) demod (13)]

given #200 (wt=12): 862 (x v (y ^ z)) ^ (y v x) ' = 0.  [para (12 (a 1) 168 (a 1 1))]

given #201 (wt=13): 133 x ^ (y ^ ((y ^ x) v z)) = x ^ y.  [para (14 (a 1) 28 (a 1 2 2 1))]

given #202 (wt=12): 864 (x v y) ' ^ ((x ^ z) v y) = 0.  [para (168 (a 1) 14 (a 1)) flip a]

given #203 (wt=12): 866 ((x ^ y) v (x ^ z)) ^ x ' = 0.  [para (17 (a 1) 168 (a 1 2 1))]

given #204 (wt=12): 870 ((x ^ y) v (z ^ x)) ^ x ' = 0.  [para (31 (a 1) 168 (a 1 2 1))]

given #205 (wt=12): 911 x v (y v ((y ^ z) v x) ') = 1.  [para (171 (a 1) 23 (a 1)) flip a]

given #206 (wt=19): 134 x ^ (y ^ (z ^ ((x ^ (y ^ z)) v u))) = x ^ (y ^ z).  [para (28 (a 1) 15 (a 1)) demod (15 15) flip a]

given #207 (wt=12): 914 x v ((x ^ y) v (x ^ z)) ' = 1.  [para (171 (a 1) 29 (a 1)) flip a]

given #208 (wt=12): 915 x v ((x ^ y) v (z ^ x)) ' = 1.  [para (171 (a 1) 83 (a 1)) flip a]

given #209 (wt=12): 917 x v (y v ((y v x) ^ z) ') = 1.  [para (12 (a 1) 172 (a 1 2 2 1 1))]

given #210 (wt=12): 923 (x ^ y) v (y ^ (x ^ z)) ' = 1.  [para (14 (a 1) 174 (a 1 1))]

given #211 (wt=17): 135 x ^ (y ^ (z ^ ((x ^ z) v u))) = y ^ (x ^ z).  [para (28 (a 1) 24 (a 1 2)) flip a]

given #212 (wt=12): 924 (x ^ y) v (y ^ (z ^ x)) ' = 1.  [para (14 (a 1) 174 (a 1 2 1)) demod (15)]

given #213 (wt=12): 930 ((x v y) ^ z) v (z ^ x) ' = 1.  [para (116 (a 1) 174 (a 1 2 1))]

given #214 (wt=12): 932 ((x v y) ^ z) v (z ^ y) ' = 1.  [para (384 (a 1) 174 (a 1 2 1))]

given #215 (wt=12): 933 (x ^ y) v ((y ^ x) ' v z) = 1.  [para (928 (a 1) 13 (a 1 1)) demod (66) flip a]

given #216 (wt=19): 136 x ^ (y ^ (z ^ ((y ^ (x ^ z)) v u))) = x ^ (y ^ z).  [para (24 (a 1) 28 (a 1 2 2 1)) demod (15)]

given #217 (wt=12): 936 (x ^ y) v (z v (y ^ x) ') = 1.  [para (928 (a 1) 23 (a 1 2)) demod (74) flip a]

given #218 (wt=12): 952 (x ^ y) v (z ^ (y ^ x)) ' = 1.  [para (14 (a 1) 180 (a 1 2 1)) demod (15)]

given #219 (wt=12): 971 (x ^ y) ' v ((x v z) ^ y) = 1.  [para (181 (a 1) 12 (a 1)) flip a]

given #220 (wt=12): 973 (x ^ (y v z)) v (y ^ x) ' = 1.  [para (14 (a 1) 181 (a 1 1))]

given #221 (wt=19): 137 (x ^ y) v (y ^ ((x ^ y) v z)) = y ^ ((x ^ y) v z).  [para (28 (a 1) 31 (a 1 2)) demod (12)]

given #222 (wt=12): 975 ((x v y) ^ (x v z)) v x ' = 1.  [para (16 (a 1) 181 (a 1 2 1))]

given #223 (wt=12): 979 ((x v y) ^ (z v x)) v x ' = 1.  [para (25 (a 1) 181 (a 1 2 1))]

given #224 (wt=12): 1020 x v ((y v x) ' v (z v y)) = 1.  [para (36 (a 1) 95 (a 1 1)) demod (13 59 36)]

given #225 (wt=12): 1026 x v ((x v y) ' v (z v y)) = 1.  [para (157 (a 1) 95 (a 1 1)) demod (13 59 157)]

given #226 (wt=15): 138 x ^ (y ^ (((x v z) ^ y) v u)) = x ^ y.  [para (28 (a 1) 27 (a 1 2)) demod (27) flip a]

given #227 (wt=12): 1027 (x ^ y) ' v (z v (u v x)) = 1.  [para (166 (a 1) 95 (a 1 1)) demod (13 59 166)]

given #228 (wt=12): 1028 (x ^ (y ^ z)) ' v (u v y) = 1.  [para (175 (a 1) 95 (a 1 1)) demod (59 175)]

given #229 (wt=12): 1030 (x ^ y) ' v (z v (u v y)) = 1.  [para (176 (a 1) 95 (a 1 1)) demod (13 59 176)]

given #230 (wt=12): 1032 (x ^ (y ^ z)) ' v (u v z) = 1.  [para (178 (a 1) 95 (a 1 1)) demod (59 178)]

given #231 (wt=13): 139 x v ((y ^ (x ^ z)) v u) = x v u.  [para (72 (a 1) 13 (a 1 1)) flip a]

given #232 (wt=12): 1051 (x ^ y) ' v (z v (y ^ x)) = 1.  [para (928 (a 1) 95 (a 1 1)) demod (59 928)]

given #233 (wt=12): 1060 x ' v (y v (z v (x v u))) = 1.  [para (1016 (a 1) 13 (a 1 1)) demod (66 13 13) flip a]

given #234 (wt=12): 1061 x ' v (y v (z v (u v x))) = 1.  [para (13 (a 1) 1016 (a 1 2 2))]

given #235 (wt=12): 1071 (x ^ y) ' v (z v (x v u)) = 1.  [para (1022 (a 1) 13 (a 1 1)) demod (66 13) flip a]

given #236 (wt=15): 140 x v (y v (z ^ ((x v y) ^ u))) = x v y.  [para (72 (a 1) 13 (a 1)) flip a]

given #237 (wt=12): 1076 (x ^ y) ' v (z v (y v u)) = 1.  [para (116 (a 1) 1022 (a 1 1 1))]

given #238 (wt=12): 1079 (x v y) ' v (z v (y v x)) = 1.  [para (94 (a 1) 1022 (a 1 1 1))]

given #239 (wt=12): 1122 x ^ (y ^ ((y v z) ^ x) ') = 0.  [para (187 (a 1) 24 (a 1)) flip a]

given #240 (wt=12): 1124 x ^ ((x v y) ^ (x v z)) ' = 0.  [para (187 (a 1) 27 (a 1)) flip a]

given #241 (wt=15): 141 (x ^ y) v (z ^ (x ^ (y ^ u))) = x ^ y.  [para (15 (a 1) 72 (a 1 2 2))]

given #242 (wt=12): 1125 x ^ ((x v y) ^ (z v x)) ' = 0.  [para (187 (a 1) 79 (a 1)) flip a]

given #243 (wt=12): 1366 x v (y v ((z ^ y) v x) ') = 1.  [para (478 (a 1) 275 (a 1 2)) demod (12)]

given #244 (wt=12): 1381 x v ((y ^ x) v (x ^ z)) ' = 1.  [para (280 (a 1) 83 (a 1)) flip a]

given #245 (wt=12): 1411 x ^ ((x ^ y) ' ^ (z ^ y)) = 0.  [para (107 (a 1) 90 (a 1 2))]

given #246 (wt=13): 143 x v (y v (z ^ (x ^ u))) = y v x.  [para (72 (a 1) 23 (a 1 2)) flip a]

given #247 (wt=12): 1417 (x v (y v z)) ' ^ (u ^ y) = 0.  [para (107 (a 1) 210 (a 1))]

given #248 (wt=12): 1419 (x v (y v z)) ' ^ (u ^ z) = 0.  [para (107 (a 1) 226 (a 1))]

given #249 (wt=12): 1429 (x v y) ' ^ (z ^ (x ^ u)) = 0.  [para (1406 (a 1) 15 (a 1 1)) demod (69 15) flip a]

given #250 (wt=12): 1430 (x v y) ' ^ (z ^ (u ^ x)) = 0.  [para (15 (a 1) 1406 (a 1 2))]

given #251 (wt=13): 145 x ^ ((y v (z v x)) ^ u) = x ^ u.  [para (78 (a 1) 15 (a 1 1)) flip a]

given #252 (wt=12): 1437 (x v y) ' ^ (z ^ (y ^ u)) = 0.  [para (169 (a 1) 1406 (a 1 1 1))]

given #253 (wt=12): 1439 (x v y) ' ^ (z ^ (u ^ y)) = 0.  [para (478 (a 1) 1406 (a 1 1 1))]

given #254 (wt=12): 1445 x ' ^ (y ^ (z ^ (x ^ u))) = 0.  [para (72 (a 1) 1407 (a 1 1 1))]

given #255 (wt=12): 1446 x ' ^ (y ^ (z ^ (u ^ x))) = 0.  [para (85 (a 1) 1407 (a 1 1 1))]

given #256 (wt=15): 146 x ^ (y ^ (z v (u v (x ^ y)))) = x ^ y.  [para (78 (a 1) 15 (a 1)) flip a]

given #257 (wt=12): 1459 (x ^ y) ' ^ (z ^ (y ^ x)) = 0.  [para (217 (a 1) 1407 (a 1 1 1))]

given #258 (wt=12): 1468 (x v y) ' ^ (z ^ (y v x)) = 0.  [para (94 (a 1) 1422 (a 1 2 2))]

given #259 (wt=12): 1643 x ^ (y ^ ((z v y) ^ x) ') = 0.  [para (384 (a 1) 357 (a 1 2)) demod (14)]

given #260 (wt=12): 1647 x ^ ((y ^ x) ' ^ (z ^ y)) = 0.  [para (107 (a 1) 357 (a 1 2))]

given #261 (wt=15): 147 (x v y) ^ (z v (x v (u v y))) = x v y.  [para (23 (a 1) 78 (a 1 2 2))]

given #262 (wt=12): 1720 x ^ ((y v x) ^ (x v z)) ' = 0.  [para (362 (a 1) 79 (a 1)) flip a]

given #263 (wt=12): 1725 (x v y) ' ^ (x v (y ^ z)) = 0.  [para (366 (a 1) 14 (a 1)) flip a]

given #264 (wt=12): 1740 (x ^ y) ' v (x ^ (y v z)) = 1.  [para (375 (a 1) 12 (a 1)) flip a]

given #265 (wt=12): 1759 (x ^ y) ' v ((z v x) ^ y) = 1.  [para (389 (a 1) 12 (a 1)) flip a]

given #266 (wt=13): 148 x ^ (y ^ (z v (u v x))) = y ^ x.  [para (78 (a 1) 24 (a 1 2)) flip a]

given #267 (wt=12): 1761 (x ^ (y v z)) v (z ^ x) ' = 1.  [para (14 (a 1) 389 (a 1 1))]

given #268 (wt=12): 1763 ((x v y) ^ (y v z)) v y ' = 1.  [para (16 (a 1) 389 (a 1 2 1))]

given #269 (wt=12): 1767 ((x v y) ^ (z v y)) v y ' = 1.  [para (25 (a 1) 389 (a 1 2 1))]

given #270 (wt=12): 1844 x ^ ((y v x) ^ (z v x)) ' = 0.  [para (390 (a 1) 79 (a 1)) flip a]

given #271 (wt=13): 149 x v ((y ^ (z ^ x)) v u) = x v u.  [para (85 (a 1) 13 (a 1 1)) flip a]

given #272 (wt=12): 1881 (x ^ y) ' v (x ^ (z v y)) = 1.  [para (465 (a 1) 12 (a 1)) flip a]

given #273 (wt=12): 1910 (x v (y ^ z)) ^ (z v x) ' = 0.  [para (12 (a 1) 477 (a 1 1))]

given #274 (wt=12): 1911 (x v y) ' ^ ((z ^ x) v y) = 0.  [para (477 (a 1) 14 (a 1)) flip a]

given #275 (wt=12): 1912 ((x ^ y) v (y ^ z)) ^ y ' = 0.  [para (17 (a 1) 477 (a 1 2 1))]

given #276 (wt=15): 150 x v (y v (z ^ (u ^ (x v y)))) = x v y.  [para (85 (a 1) 13 (a 1)) flip a]

given #277 (wt=12): 1916 ((x ^ y) v (z ^ y)) ^ y ' = 0.  [para (31 (a 1) 477 (a 1 2 1))]

given #278 (wt=12): 2006 x v ((y ^ x) v (z ^ x)) ' = 1.  [para (482 (a 1) 83 (a 1)) flip a]

given #279 (wt=12): 2042 (x v y) ' ^ (x v (z ^ y)) = 0.  [para (498 (a 1) 14 (a 1)) flip a]

given #280 (wt=12): 2287 (x v y) ' ^ ((y ^ z) v x) = 0.  [para (797 (a 1) 14 (a 1)) flip a]

given #281 (wt=13): 152 x v (y v (z ^ (u ^ x))) = y v x.  [para (85 (a 1) 23 (a 1 2)) flip a]

given #282 (wt=12): 2301 (x v y) ' ^ ((z ^ y) v x) = 0.  [para (799 (a 1) 14 (a 1)) flip a]

given #283 (wt=12): 2400 (x v y) ' ^ (y v (x ^ z)) = 0.  [para (862 (a 1) 14 (a 1)) flip a]

given #284 (wt=12): 2481 x ' ^ ((x ^ y) v (x ^ z)) = 0.  [para (17 (a 1) 864 (a 1 1 1))]

given #285 (wt=12): 2485 x ' ^ ((x ^ y) v (z ^ x)) = 0.  [para (31 (a 1) 864 (a 1 1 1))]

given #286 (wt=15): 153 (x ^ y) v (z ^ (x ^ (u ^ y))) = x ^ y.  [para (24 (a 1) 85 (a 1 2 2))]

given #287 (wt=12): 2826 (x ^ y) ' v ((y v z) ^ x) = 1.  [para (930 (a 1) 12 (a 1)) flip a]

given #288 (wt=12): 2838 (x ^ y) ' v ((z v y) ^ x) = 1.  [para (932 (a 1) 12 (a 1)) flip a]

given #289 (wt=12): 2970 (x ^ y) ' v (y ^ (x v z)) = 1.  [para (14 (a 1) 971 (a 1 2))]

given #290 (wt=12): 2972 x ' v ((x v y) ^ (x v z)) = 1.  [para (16 (a 1) 971 (a 1 1 1))]

given #291 (wt=17): 154 x v (y v (z v (u ^ (x v y)))) = x v (y v z).  [para (26 (a 1) 85 (a 1 2 2)) demod (13 13)]

given #292 (wt=12): 2976 x ' v ((x v y) ^ (z v x)) = 1.  [para (25 (a 1) 971 (a 1 1 1))]

given #293 (wt=12): 4313 (x ^ y) ' v (y ^ (z v x)) = 1.  [para (14 (a 1) 1759 (a 1 2))]

given #294 (wt=12): 4315 x ' v ((y v x) ^ (x v z)) = 1.  [para (16 (a 1) 1759 (a 1 1 1))]

given #295 (wt=12): 4319 x ' v ((y v x) ^ (z v x)) = 1.  [para (25 (a 1) 1759 (a 1 1 1))]

given #296 (wt=17): 155 ((x v y) ^ z) v (u ^ (x ^ z)) = (x v y) ^ z.  [para (27 (a 1) 85 (a 1 2 2))]

given #297 (wt=12): 4693 (x v y) ' ^ (y v (z ^ x)) = 0.  [para (1910 (a 1) 14 (a 1)) flip a]

given #298 (wt=12): 4745 x ' ^ ((y ^ x) v (x ^ z)) = 0.  [para (17 (a 1) 1911 (a 1 1 1))]

given #299 (wt=12): 4749 x ' ^ ((y ^ x) v (z ^ x)) = 0.  [para (31 (a 1) 1911 (a 1 1 1))]

given #300 (wt=13): 191 x v (y v ((y v x) ^ z)) = x v y.  [para (12 (a 1) 30 (a 1 2 2 1))]

given #301 (wt=21): 156 (x ^ ((y ^ x) v z)) v (u ^ (y ^ x)) = x ^ ((y ^ x) v z).  [para (28 (a 1) 85 (a 1 2 2))]

given #302 (wt=13): 211 (x ^ y) v (y ^ (x ^ z)) = y ^ x.  [para (14 (a 1) 32 (a 1 1))]

given #303 (wt=13): 212 (x ^ y) v (y ^ (z ^ x)) = x ^ y.  [para (14 (a 1) 32 (a 1 2)) demod (15)]

given #304 (wt=13): 512 (x v (y v z)) ^ (u ^ y) = u ^ y.  [para (23 (a 1) 116 (a 1 1))]

given #305 (wt=13): 584 (x v (y v z)) ^ (y v x) = x v y.  [para (128 (a 1) 27 (a 2)) demod (13 582)]

given #306 (wt=14): 158 x v (y v (z v (x v (y v z)) ')) = 1.  [para (36 (a 1) 13 (a 1)) demod (13) flip a]

given #307 (wt=13): 585 x v (y v (z ^ (y v x))) = x v y.  [para (128 (a 1) 85 (a 1 2 2)) demod (13)]

given #308 (wt=13): 589 x ^ (y v (z v (u v (x v v)))) = x.  [para (13 (a 1) 130 (a 1 2 2))]

given #309 (wt=13): 596 x v (y ^ (z ^ (u ^ (x ^ v)))) = x.  [para (15 (a 1) 142 (a 1 2 2))]

given #310 (wt=13): 599 x ^ (y v (z v (u v (v v x)))) = x.  [para (13 (a 1) 144 (a 1 2 2 2))]

given #311 (wt=14): 160 x v (y v (z v (y v (x v z)) ')) = 1.  [para (23 (a 1) 36 (a 1 2 2 1)) demod (13)]

given #312 (wt=13): 654 x v (y ^ (z ^ (u ^ (v ^ x)))) = x.  [para (15 (a 1) 151 (a 1 2 2 2))]

given #313 (wt=13): 670 (x ^ (y ^ z)) v (u v y) = u v y.  [para (24 (a 1) 169 (a 1 1))]

given #314 (wt=13): 685 x ^ (y ^ (z v (y ^ x))) = x ^ y.  [para (217 (a 1) 78 (a 1 2 2)) demod (15)]

given #315 (wt=13): 689 (x ^ (y ^ z)) v (y ^ x) = y ^ x.  [para (217 (a 1) 169 (a 1 2)) demod (15 217)]

given #316 (wt=17): 161 x v (y v (((x v y) ^ z) v u)) = x v (y v u).  [para (29 (a 1) 13 (a 1)) demod (13) flip a]

given #317 (wt=13): 690 (x v (y v z)) ^ (u ^ z) = u ^ z.  [para (13 (a 1) 384 (a 1 1))]

given #318 (wt=13): 706 (x v (y v z)) ^ (z v y) = z v y.  [para (128 (a 1) 384 (a 1 2)) demod (128)]

given #319 (wt=13): 724 (x ^ (y ^ z)) v (u v z) = u v z.  [para (15 (a 1) 478 (a 1 1))]

given #320 (wt=13): 742 (x ^ (y ^ z)) v (z ^ y) = z ^ y.  [para (217 (a 1) 478 (a 1 2)) demod (217)]

given #321 (wt=17): 162 (x ^ y) v ((x ^ (y ^ z)) v u) = (x ^ y) v u.  [para (15 (a 1) 29 (a 1 2 1))]

given #322 (wt=13): 764 (x v y) ^ (z v (y v x)) = x v y.  [para (12 (a 1) 81 (a 1 2)) demod (13)]

given #323 (wt=13): 884 (x ^ y) v (z ^ (y ^ x)) = x ^ y.  [para (14 (a 1) 87 (a 1 2)) demod (15)]

given #324 (wt=13): 1010 (x v (y v z)) ^ (z v x) = z v x.  [para (95 (a 1) 14 (a 1)) flip a]

given #325 (wt=13): 3163 x ^ (((x v y) ^ (x v z)) v u) = x.  [para (138 (a 1) 27 (a 1)) demod (16) flip a]

given #326 (wt=15): 164 x v (y v ((x ^ z) v u)) = y v (x v u).  [para (29 (a 1) 23 (a 1 2)) flip a]

given #327 (wt=13): 3169 x ^ (((x v y) ^ (z v x)) v u) = x.  [para (138 (a 1) 79 (a 1)) demod (25) flip a]

given #328 (wt=13): 5829 (x ^ (y ^ z)) v (z ^ x) = z ^ x.  [para (212 (a 1) 12 (a 1)) flip a]

given #329 (wt=13): 6970 x ^ (((y v x) ^ (x v z)) v u) = x.  [para (12 (a 1) 3163 (a 1 2 1 1))]

given #330 (wt=13): 6971 x ^ (y v ((x v z) ^ (x v u))) = x.  [para (12 (a 1) 3163 (a 1 2))]

given #331 (wt=15): 165 (x v y) ^ ((x ^ z) v y) = (x ^ z) v y.  [para (29 (a 1) 25 (a 1 2)) demod (14)]

given #332 (wt=13): 7093 x ^ (((y v x) ^ (z v x)) v u) = x.  [para (12 (a 1) 3169 (a 1 2 1 1))]

given #333 (wt=13): 7094 x ^ (y v ((x v z) ^ (u v x))) = x.  [para (12 (a 1) 3169 (a 1 2))]

given #334 (wt=13): 7175 x ^ (y v ((z v x) ^ (x v u))) = x.  [para (12 (a 1) 6970 (a 1 2))]

given #335 (wt=13): 7328 x ^ (y v ((z v x) ^ (u v x))) = x.  [para (12 (a 1) 7093 (a 1 2))]

given #336 (wt=17): 170 ((x ^ y) v z) ^ (u v (x v z)) = (x ^ y) v z.  [para (29 (a 1) 78 (a 1 2 2))]

given #337 (wt=14): 182 (x ^ ((y ^ x) v z)) v (y ^ x) ' = 1.  [para (28 (a 1) 173 (a 1 2 1))]

given #338 (wt=14): 184 x ^ (y ^ (z ^ (x ^ (y ^ z)) ')) = 0.  [para (39 (a 1) 15 (a 1)) demod (15) flip a]

given #339 (wt=14): 186 x ^ (y ^ (z ^ (y ^ (x ^ z)) ')) = 0.  [para (24 (a 1) 39 (a 1 2 2 1)) demod (15)]

given #340 (wt=14): 188 x v (y v (z v ((x v y) ' v u))) = 1.  [para (89 (a 1) 13 (a 1)) flip a]

given #341 (wt=19): 192 x v (y v (z v ((x v (y v z)) ^ u))) = x v (y v z).  [para (30 (a 1) 13 (a 1)) demod (13 13) flip a]

given #342 (wt=14): 196 (x v ((y v x) ^ z)) ^ (y v x) ' = 0.  [para (30 (a 1) 117 (a 1 2 1))]

given #343 (wt=14): 199 x ^ (y ^ (z ^ ((x ^ y) ' ^ u))) = 0.  [para (91 (a 1) 15 (a 1)) flip a]

given #344 (wt=14): 202 x v (y v (z v (u v (x v y) '))) = 1.  [para (93 (a 1) 13 (a 1)) flip a]

given #345 (wt=14): 205 x ^ (y ^ (z ^ (u ^ (x ^ y) '))) = 0.  [para (103 (a 1) 15 (a 1)) flip a]

given #346 (wt=17): 193 x v (y v (z v ((x v z) ^ u))) = y v (x v z).  [para (30 (a 1) 23 (a 1 2)) flip a]

given #347 (wt=14): 208 (x v y) ^ ((x v (y v z)) ' ^ u) = 0.  [para (13 (a 1) 114 (a 1 2 1 1))]

given #348 (wt=14): 209 x ^ (y ^ (((x ^ y) v z) ' ^ u)) = 0.  [para (114 (a 1) 15 (a 1)) flip a]

given #349 (wt=14): 219 (x v y) ^ (z ^ (x v (y v u)) ') = 0.  [para (13 (a 1) 115 (a 1 2 2 1))]

given #350 (wt=14): 220 x ^ (y ^ (z ^ ((x ^ y) v u) ')) = 0.  [para (115 (a 1) 15 (a 1)) flip a]

given #351 (wt=19): 194 x v (y v (z v ((y v (x v z)) ^ u))) = x v (y v z).  [para (23 (a 1) 30 (a 1 2 2 1)) demod (13)]

given #352 (wt=14): 222 (x v y) ^ (z v (x v (y v u))) ' = 0.  [para (13 (a 1) 120 (a 1 2 1 2))]

given #353 (wt=14): 224 x ^ (y ^ (z v ((x ^ y) v u)) ') = 0.  [para (120 (a 1) 15 (a 1)) flip a]

given #354 (wt=14): 227 x ^ (y ^ (z v (u v (x ^ y))) ') = 0.  [para (121 (a 1) 15 (a 1)) flip a]

given #355 (wt=14): 228 (x v y) ^ (z v (x v (u v y))) ' = 0.  [para (23 (a 1) 121 (a 1 2 1 2))]

given #356 (wt=19): 195 (x v y) ^ (y v ((x v y) ^ z)) = y v ((x v y) ^ z).  [para (30 (a 1) 25 (a 1 2)) demod (14)]

given #357 (wt=14): 230 ((x ^ y) v z) ^ (u v (x v z)) ' = 0.  [para (29 (a 1) 121 (a 1 2 1 2))]

given #358 (wt=14): 232 x ^ (y ^ (z ^ (u v (x ^ y)) ')) = 0.  [para (32 (a 1) 121 (a 1 2 1 2)) demod (15 15)]

given #359 (wt=14): 233 x ^ (y ^ ((z v (x ^ y)) ' ^ u)) = 0.  [para (122 (a 1) 15 (a 1)) flip a]

given #360 (wt=14): 234 (x v y) ^ ((x v (z v y)) ' ^ u) = 0.  [para (23 (a 1) 122 (a 1 2 1 1))]

given #361 (wt=21): 197 (x v ((y v x) ^ z)) ^ (u v (y v x)) = x v ((y v x) ^ z).  [para (30 (a 1) 78 (a 1 2 2))]

given #362 (wt=14): 236 ((x ^ y) v z) ^ ((x v z) ' ^ u) = 0.  [para (29 (a 1) 122 (a 1 2 1 1))]

given #363 (wt=14): 272 (x v y) ^ (z ^ (x v (u v y)) ') = 0.  [para (23 (a 1) 125 (a 1 2 2 1))]

given #364 (wt=14): 273 ((x ^ y) v z) ^ (u ^ (x v z) ') = 0.  [para (29 (a 1) 125 (a 1 2 2 1))]

given #365 (wt=14): 276 x v (y v (z v (z v (x v y)) ')) = 1.  [para (157 (a 1) 13 (a 1)) flip a]

given #366 (wt=15): 198 x v (y v (((x ^ z) v y) ^ u)) = x v y.  [para (30 (a 1) 29 (a 1 2)) demod (29) flip a]

given #367 (wt=13): 8069 x v (((x ^ y) v (x ^ z)) ^ u) = x.  [para (198 (a 1) 29 (a 1)) demod (17) flip a]

given #368 (wt=13): 8073 x v (((x ^ y) v (z ^ x)) ^ u) = x.  [para (198 (a 1) 83 (a 1)) demod (31) flip a]

given #369 (wt=13): 8147 x v (((y ^ x) v (x ^ z)) ^ u) = x.  [para (14 (a 1) 8069 (a 1 2 1 1))]

given #370 (wt=13): 8148 x v (y ^ ((x ^ z) v (x ^ u))) = x.  [para (14 (a 1) 8069 (a 1 2))]

given #371 (wt=19): 213 (x ^ (y ^ z)) v (x ^ (y ^ (z ^ u))) = x ^ (y ^ z).  [para (15 (a 1) 32 (a 1 1)) demod (15 15)]

given #372 (wt=13): 8205 x v (((y ^ x) v (z ^ x)) ^ u) = x.  [para (14 (a 1) 8073 (a 1 2 1 1))]

given #373 (wt=13): 8206 x v (y ^ ((x ^ z) v (u ^ x))) = x.  [para (14 (a 1) 8073 (a 1 2))]

given #374 (wt=13): 8261 x v (y ^ ((z ^ x) v (x ^ u))) = x.  [para (14 (a 1) 8147 (a 1 2))]

given #375 (wt=13): 8369 x v (y ^ ((z ^ x) v (u ^ x))) = x.  [para (14 (a 1) 8205 (a 1 2))]

given #376 (wt=17): 214 (x ^ y) v (z v (x ^ (y ^ u))) = z v (x ^ y).  [para (32 (a 1) 23 (a 1 2)) flip a]

given #377 (wt=14): 277 x v (y v (z v (y v (z v x)) ')) = 1.  [para (13 (a 1) 157 (a 1 2 2 1)) demod (13)]

given #378 (wt=14): 279 x v (y v (z v (x v (z v y)) ')) = 1.  [para (23 (a 1) 157 (a 1 2 2 1)) demod (13)]

given #379 (wt=14): 281 x v (y v (((x v y) ^ z) ' v u)) = 1.  [para (166 (a 1) 13 (a 1)) flip a]

given #380 (wt=14): 282 (x ^ y) v ((x ^ (y ^ z)) ' v u) = 1.  [para (15 (a 1) 166 (a 1 2 1 1))]

given #381 (wt=19): 215 (x ^ (y ^ z)) v (y ^ (x ^ (z ^ u))) = y ^ (x ^ z).  [para (24 (a 1) 32 (a 1 1)) demod (15)]

given #382 (wt=14): 284 x v (y v (z v ((x v y) ^ u) ')) = 1.  [para (167 (a 1) 13 (a 1)) flip a]

given #383 (wt=14): 285 (x ^ y) v (z v (x ^ (y ^ u)) ') = 1.  [para (15 (a 1) 167 (a 1 2 2 1))]

given #384 (wt=14): 302 x v (y v (z ^ ((x v y) ^ u)) ') = 1.  [para (175 (a 1) 13 (a 1)) flip a]

given #385 (wt=14): 303 (x ^ y) v (z ^ (x ^ (y ^ u))) ' = 1.  [para (15 (a 1) 175 (a 1 2 1 2))]

given #386 (wt=15): 216 (x ^ y) v (x ^ (z ^ (y ^ u))) = x ^ y.  [para (24 (a 1) 32 (a 1 2 2))]

given #387 (wt=14): 305 x v (y v ((z ^ (x v y)) ' v u)) = 1.  [para (176 (a 1) 13 (a 1)) flip a]

given #388 (wt=14): 308 (x ^ y) v ((x ^ (z ^ y)) ' v u) = 1.  [para (24 (a 1) 176 (a 1 2 1 1))]

given #389 (wt=14): 309 ((x v y) ^ z) v ((x ^ z) ' v u) = 1.  [para (27 (a 1) 176 (a 1 2 1 1))]

given #390 (wt=14): 311 x v (y v (z ^ (u ^ (x v y))) ') = 1.  [para (178 (a 1) 13 (a 1)) flip a]

given #391 (wt=17): 218 x ^ (y ^ (z ^ (u v (x ^ y)))) = x ^ (y ^ z).  [para (32 (a 1) 78 (a 1 2 2)) demod (15 15)]

given #392 (wt=14): 314 (x ^ y) v (z ^ (x ^ (u ^ y))) ' = 1.  [para (24 (a 1) 178 (a 1 2 1 2))]

given #393 (wt=14): 315 x v (y v (z v (u ^ (x v y)) ')) = 1.  [para (26 (a 1) 178 (a 1 2 1 2)) demod (13 13)]

given #394 (wt=14): 316 ((x v y) ^ z) v (u ^ (x ^ z)) ' = 1.  [para (27 (a 1) 178 (a 1 2 1 2))]

given #395 (wt=14): 319 (x ^ y) v (z v (x ^ (u ^ y)) ') = 1.  [para (24 (a 1) 179 (a 1 2 2 1))]

given #396 (wt=16): 231 (x v ((y v x) ^ z)) ^ (u v (y v x)) ' = 0.  [para (30 (a 1) 121 (a 1 2 1 2))]

given #397 (wt=14): 320 ((x v y) ^ z) v (u v (x ^ z) ') = 1.  [para (27 (a 1) 179 (a 1 2 2 1))]

given #398 (wt=14): 358 x ^ (y ^ (z ^ (z ^ (x ^ y)) ')) = 0.  [para (183 (a 1) 15 (a 1)) flip a]

given #399 (wt=14): 359 x ^ (y ^ (z ^ (y ^ (z ^ x)) ')) = 0.  [para (15 (a 1) 183 (a 1 2 2 1)) demod (15)]

given #400 (wt=14): 361 x ^ (y ^ (z ^ (x ^ (z ^ y)) ')) = 0.  [para (24 (a 1) 183 (a 1 2 2 1)) demod (15)]

given #401 (wt=16): 237 (x v ((y v x) ^ z)) ^ ((y v x) ' ^ u) = 0.  [para (30 (a 1) 122 (a 1 2 1 1))]

given #402 (wt=14): 368 (x v (y ^ z)) ^ (u v (x v y)) ' = 0.  [para (63 (a 1) 121 (a 1 2 1 2))]

given #403 (wt=14): 369 (x v (y ^ z)) ^ ((x v y) ' ^ u) = 0.  [para (63 (a 1) 122 (a 1 2 1 1))]

given #404 (wt=14): 370 (x v (y ^ z)) ^ (u ^ (x v y) ') = 0.  [para (63 (a 1) 125 (a 1 2 2 1))]

given #405 (wt=14): 376 (x ^ (y v z)) v ((x ^ y) ' v u) = 1.  [para (71 (a 1) 176 (a 1 2 1 1))]

given #406 (wt=27): 238 x ^ (y v (z v (x ^ ((u ^ v) v (x ^ (y v z)))))) = x ^ (y v (z v (u ^ v))).  [para (13 (a 1) 41 (a 1 2)) demod (13)]

given #407 (wt=14): 377 (x ^ (y v z)) v (u ^ (x ^ y)) ' = 1.  [para (71 (a 1) 178 (a 1 2 1 2))]

given #408 (wt=14): 378 (x ^ (y v z)) v (u v (x ^ y) ') = 1.  [para (71 (a 1) 179 (a 1 2 2 1))]

given #409 (wt=14): 392 ((x v y) ^ z) v ((y ^ z) ' v u) = 1.  [para (79 (a 1) 176 (a 1 2 1 1))]

given #410 (wt=14): 393 ((x v y) ^ z) v (u ^ (y ^ z)) ' = 1.  [para (79 (a 1) 178 (a 1 2 1 2))]

given #411 (wt=21): 239 x ^ (y v (x ^ ((z ^ u) v (y ^ x)))) = x ^ (y v (z ^ u)).  [para (14 (a 1) 41 (a 1 2 2 2 2))]

given #412 (wt=14): 394 ((x v y) ^ z) v (u v (y ^ z) ') = 1.  [para (79 (a 1) 179 (a 1 2 2 1))]

given #413 (wt=14): 468 (x ^ (y v z)) v ((x ^ z) ' v u) = 1.  [para (82 (a 1) 176 (a 1 2 1 1))]

given #414 (wt=14): 469 (x ^ (y v z)) v (u ^ (x ^ z)) ' = 1.  [para (82 (a 1) 178 (a 1 2 1 2))]

given #415 (wt=14): 470 (x ^ (y v z)) v (u v (x ^ z) ') = 1.  [para (82 (a 1) 179 (a 1 2 2 1))]

given #416 (wt=25): 240 x ^ ((y v (x ^ ((z ^ u) v (x ^ y)))) ^ v) = x ^ ((y v (z ^ u)) ^ v).  [para (41 (a 1) 15 (a 1 1)) demod (15) flip a]

given #417 (wt=14): 484 ((x ^ y) v z) ^ (u v (y v z)) ' = 0.  [para (83 (a 1) 121 (a 1 2 1 2))]

given #418 (wt=14): 485 ((x ^ y) v z) ^ ((y v z) ' ^ u) = 0.  [para (83 (a 1) 122 (a 1 2 1 1))]

given #419 (wt=14): 486 ((x ^ y) v z) ^ (u ^ (y v z) ') = 0.  [para (83 (a 1) 125 (a 1 2 2 1))]

given #420 (wt=14): 501 (x v (y ^ z)) ^ (u v (x v z)) ' = 0.  [para (86 (a 1) 121 (a 1 2 1 2))]

given #421 (wt=29): 241 x ^ (y ^ (z v (x ^ (y ^ ((u ^ v) v (x ^ (y ^ z))))))) = x ^ (y ^ (z v (u ^ v))).  [para (41 (a 1) 15 (a 1)) demod (15 15 15) flip a]

given #422 (wt=14): 502 (x v (y ^ z)) ^ ((x v z) ' ^ u) = 0.  [para (86 (a 1) 122 (a 1 2 1 1))]

given #423 (wt=14): 503 (x v (y ^ z)) ^ (u ^ (x v z) ') = 0.  [para (86 (a 1) 125 (a 1 2 2 1))]

given #424 (wt=14): 714 (x ^ (y v (z ^ x))) v (z ^ x) ' = 1.  [para (80 (a 1) 173 (a 1 2 1))]

given #425 (wt=14): 745 x v (y v (z v ((x v z) ' v u))) = 1.  [para (88 (a 1) 23 (a 1 2)) demod (74) flip a]

given #426 (wt=17): 242 x ^ (y v (x ^ (z v (x ^ y)))) = x ^ (y v z).  [para (16 (a 1) 41 (a 1 2 2 2 1)) demod (16)]

given #427 (wt=13): 9216 x ^ ((y ^ z) v (x ^ y)) = x ^ y.  [para (72 (a 1) 242 (a 1 2 2 2)) demod (12 17)]

given #428 (wt=13): 9217 x ^ ((y ^ z) v (x ^ z)) = x ^ z.  [para (85 (a 1) 242 (a 1 2 2 2)) demod (12 31)]

given #429 (wt=13): 9226 x ^ ((y ^ z) v (y ^ x)) = x ^ y.  [para (211 (a 1) 242 (a 1 2 2 2)) demod (52 9216) flip a]

given #430 (wt=13): 9237 x ^ ((x ^ y) v (y ^ z)) = x ^ y.  [para (12 (a 1) 9216 (a 1 2))]

given #431 (wt=25): 243 x ^ (y ^ (z v (u ^ v))) = y ^ (x ^ (z v (y ^ ((u ^ v) v (y ^ z))))).  [para (41 (a 1) 24 (a 1 2))]

given #432 (wt=13): 9257 x ^ ((x ^ y) v (z ^ y)) = x ^ y.  [para (12 (a 1) 9217 (a 1 2))]

given #433 (wt=13): 9258 x ^ ((y ^ z) v (z ^ x)) = x ^ z.  [para (14 (a 1) 9217 (a 1 2 2))]

given #434 (wt=13): 9277 x ^ ((y ^ x) v (y ^ z)) = x ^ y.  [para (12 (a 1) 9226 (a 1 2))]

given #435 (wt=13): 9337 x ^ ((y ^ x) v (z ^ y)) = x ^ y.  [para (14 (a 1) 9257 (a 1 2 1))]

given #436 (wt=27): 244 x ^ ((y ^ z) v (x ^ ((u ^ v) v (y ^ (x ^ z))))) = x ^ ((y ^ z) v (u ^ v)).  [para (24 (a 1) 41 (a 1 2 2 2 2))]

given #437 (wt=14): 747 x v (y v (((x ^ z) v y) ' v u)) = 1.  [para (88 (a 1) 29 (a 1 2)) demod (74) flip a]

given #438 (wt=14): 748 x v (y v (((z ^ x) v y) ' v u)) = 1.  [para (88 (a 1) 83 (a 1 2)) demod (74) flip a]

given #439 (wt=14): 752 x ^ (y ^ (z ^ ((x ^ z) ' ^ u))) = 0.  [para (90 (a 1) 24 (a 1 2)) demod (76) flip a]

given #440 (wt=14): 754 x ^ (y ^ (((x v z) ^ y) ' ^ u)) = 0.  [para (90 (a 1) 27 (a 1 2)) demod (76) flip a]

given #441 (wt=31): 245 x v ((y ^ ((z ^ u) v (y ^ x))) v (y ^ (x v (z ^ u)))) = x v (y ^ ((z ^ u) v (y ^ x))).  [para (41 (a 1) 31 (a 1 2)) demod (13)]

given #442 (wt=14): 755 x ^ (y ^ (((z v x) ^ y) ' ^ u)) = 0.  [para (90 (a 1) 79 (a 1 2)) demod (76) flip a]

given #443 (wt=14): 760 x v (y v (z v (u v (x v z) '))) = 1.  [para (92 (a 1) 23 (a 1 2)) demod (74) flip a]

given #444 (wt=14): 762 x v (y v (z v ((x ^ u) v y) ')) = 1.  [para (92 (a 1) 29 (a 1 2)) demod (74) flip a]

given #445 (wt=14): 763 x v (y v (z v ((u ^ x) v y) ')) = 1.  [para (92 (a 1) 83 (a 1 2)) demod (74) flip a]

given #446 (wt=21): 247 x ^ (y v (x ^ (z v (u v (x ^ y))))) = x ^ (y v (z v u)).  [para (26 (a 1) 41 (a 1 2 2 2 1)) demod (13 26)]

given #447 (wt=14): 775 x v (y v (z v (u ^ (x v z)) ')) = 1.  [para (81 (a 1) 178 (a 1 2 1 2)) demod (13 13)]

given #448 (wt=14): 784 x ^ (y ^ (z ^ (u ^ (x ^ z) '))) = 0.  [para (102 (a 1) 24 (a 1 2)) demod (76) flip a]

given #449 (wt=14): 786 x ^ (y ^ (z ^ ((x v u) ^ y) ')) = 0.  [para (102 (a 1) 27 (a 1 2)) demod (76) flip a]

given #450 (wt=14): 787 x ^ (y ^ (z ^ ((u v x) ^ y) ')) = 0.  [para (102 (a 1) 79 (a 1 2)) demod (76) flip a]

given #451 (wt=27): 250 x ^ ((y v (z ^ u)) ^ (y v (x ^ ((z ^ u) v (x ^ y))))) = x ^ (y v (z ^ u)).  [para (41 (a 1) 54 (a 1 2)) demod (24 14 242)]

given #452 (wt=14): 793 (x v y) ^ (x v (z v (y v u))) ' = 0.  [para (23 (a 1) 118 (a 1 2 1 2))]

given #453 (wt=14): 796 (x v (y ^ z)) ^ (x v (u v y)) ' = 0.  [para (169 (a 1) 118 (a 1 2 1 2))]

given #454 (wt=14): 798 (x v (y ^ z)) ^ (x v (u v z)) ' = 0.  [para (478 (a 1) 118 (a 1 2 1 2))]

given #455 (wt=14): 800 (x v (y v z)) ^ (z v (x v y)) ' = 0.  [para (13 (a 1) 794 (a 1 1))]

given #456 (wt=25): 252 x ^ (y v ((x v z) ^ ((u ^ v) v ((x v z) ^ y)))) = x ^ (y v (u ^ v)).  [para (41 (a 1) 27 (a 1 2)) demod (27) flip a]

given #457 (wt=14): 801 (x v (y v z)) ^ (y v (z v x)) ' = 0.  [para (13 (a 1) 794 (a 1 2 1))]

given #458 (wt=14): 803 (x v (y v z)) ^ (x v (z v y)) ' = 0.  [para (23 (a 1) 794 (a 1 1)) demod (13)]

given #459 (wt=14): 808 x ^ (y ^ (z ^ ((x ^ z) v u) ')) = 0.  [para (119 (a 1) 24 (a 1 2)) demod (76) flip a]

given #460 (wt=14): 810 x ^ (y ^ (((x v z) ^ y) v u) ') = 0.  [para (119 (a 1) 27 (a 1 2)) demod (76) flip a]

given #461 (wt=29): 253 x ^ (((x v y) ^ z) v (x ^ ((u ^ v) v (x ^ z)))) = x ^ (((x v y) ^ z) v (u ^ v)).  [para (27 (a 1) 41 (a 1 2 2 2 2))]

given #462 (wt=14): 811 x ^ (y ^ (((z v x) ^ y) v u) ') = 0.  [para (119 (a 1) 79 (a 1 2)) demod (76) flip a]

given #463 (wt=14): 816 (x v (y ^ (z v x))) ^ (z v x) ' = 0.  [para (84 (a 1) 117 (a 1 2 1))]

given #464 (wt=14): 830 x ^ (y ^ (z ^ (u v (x ^ z)) ')) = 0.  [para (123 (a 1) 24 (a 1 2)) demod (76) flip a]

given #465 (wt=14): 832 x ^ (y ^ (z v ((x v u) ^ y)) ') = 0.  [para (123 (a 1) 27 (a 1 2)) demod (76) flip a]

given #466 (wt=33): 256 x ^ ((y ^ ((x ^ y) v z)) v (x ^ ((u ^ v) v (x ^ y)))) = x ^ ((y ^ ((x ^ y) v z)) v (u ^ v)).  [para (28 (a 1) 41 (a 1 2 2 2 2))]

given #467 (wt=14): 833 x ^ (y ^ (z v ((u v x) ^ y)) ') = 0.  [para (123 (a 1) 79 (a 1 2)) demod (76) flip a]

given #468 (wt=14): 837 (x v y) ^ (x v (z v (u v y))) ' = 0.  [para (13 (a 1) 124 (a 1 2 1 2))]

given #469 (wt=14): 839 (x v (y ^ (z ^ u))) ^ (x v z) ' = 0.  [para (72 (a 1) 124 (a 1 2 1 2))]

given #470 (wt=14): 840 (x v (y ^ (z ^ u))) ^ (x v u) ' = 0.  [para (85 (a 1) 124 (a 1 2 1 2))]

given #471 (wt=19): 257 x ^ ((y ^ (z ^ u)) v (x ^ (y ^ z))) = x ^ (y ^ z).  [para (72 (a 1) 41 (a 1 2 2 2)) demod (15 15 12 32)]

given #472 (wt=14): 843 (x v ((x v y) ^ z)) ^ (x v y) ' = 0.  [para (30 (a 1) 124 (a 1 2 1))]

given #473 (wt=14): 851 (x v (y ^ z)) ^ (x v (z ^ y)) ' = 0.  [para (217 (a 1) 124 (a 1 2 1 2))]

given #474 (wt=14): 853 (x v (y ^ (x v z))) ^ (x v z) ' = 0.  [para (84 (a 1) 124 (a 1 2 1))]

given #475 (wt=14): 856 x v (y v (z v (u v (x v u) '))) = 1.  [para (13 (a 1) 159 (a 1 2))]

given #476 (wt=33): 258 x v ((y ^ ((z ^ u) v (y ^ x))) v (v ^ (y ^ (x v (z ^ u))))) = x v (y ^ ((z ^ u) v (y ^ x))).  [para (41 (a 1) 85 (a 1 2 2)) demod (13)]

given #477 (wt=14): 858 x v (y v (z v ((x ^ u) v z) ')) = 1.  [para (159 (a 1) 29 (a 1 2)) demod (74) flip a]

given #478 (wt=14): 860 x v (y v (z v ((u ^ x) v z) ')) = 1.  [para (159 (a 1) 83 (a 1 2)) demod (74) flip a]

given #479 (wt=14): 869 ((x ^ (y ^ z)) v u) ^ (y v u) ' = 0.  [para (24 (a 1) 168 (a 1 1 1))]

given #480 (wt=14): 871 ((x ^ y) v (z ^ (x ^ u))) ^ x ' = 0.  [para (72 (a 1) 168 (a 1 2 1))]

given #481 (wt=45): 269 x ^ (y v ((x ^ ((z ^ u) v (x ^ y))) v (x ^ ((v ^ w) v (x ^ (y v (z ^ u))))))) = x ^ (y v ((x ^ ((z ^ u) v (x ^ y))) v (v ^ w))).  [para (41 (a 1) 41 (a 1 2 2 2 2)) demod (13 13)]

given #482 (wt=14): 872 ((x ^ y) v (z ^ (u ^ x))) ^ x ' = 0.  [para (85 (a 1) 168 (a 1 2 1))]

given #483 (wt=14): 879 ((x ^ y) v z) ^ (y v (u v z)) ' = 0.  [para (116 (a 1) 168 (a 1 1 1)) demod (13)]

given #484 (wt=14): 913 x v (y v ((z ^ (x ^ u)) v y) ') = 1.  [para (24 (a 1) 171 (a 1 2 2 1 1))]

given #485 (wt=14): 919 x v (y v (z v ((x v z) ^ u) ')) = 1.  [para (172 (a 1) 23 (a 1 2)) demod (74) flip a]

given #486 (wt=16): 274 (x v ((y v x) ^ z)) ^ (u ^ (y v x) ') = 0.  [para (30 (a 1) 125 (a 1 2 2 1))]

given #487 (wt=14): 921 x v (y v (((x ^ z) v y) ^ u) ') = 1.  [para (172 (a 1) 29 (a 1 2)) demod (74) flip a]

given #488 (wt=14): 922 x v (y v (((z ^ x) v y) ^ u) ') = 1.  [para (172 (a 1) 83 (a 1 2)) demod (74) flip a]

given #489 (wt=14): 927 (x ^ y) v (x ^ (z ^ (y ^ u))) ' = 1.  [para (24 (a 1) 174 (a 1 2 1 2))]

given #490 (wt=14): 929 (x ^ (y v z)) v (x ^ (u ^ y)) ' = 1.  [para (116 (a 1) 174 (a 1 2 1 2))]

given #491 (wt=27): 287 x ^ (y v (z v (x ^ ((x ^ (z v y)) v (u ^ v))))) = x ^ (y v (z v (u ^ v))).  [para (12 (a 1) 42 (a 1 2 2 2 2 1 2))]

given #492 (wt=14): 931 (x ^ (y v z)) v (x ^ (u ^ z)) ' = 1.  [para (384 (a 1) 174 (a 1 2 1 2))]

given #493 (wt=14): 934 (x ^ (y ^ z)) v (z ^ (x ^ y)) ' = 1.  [para (15 (a 1) 928 (a 1 1))]

given #494 (wt=14): 935 (x ^ (y ^ z)) v (y ^ (z ^ x)) ' = 1.  [para (15 (a 1) 928 (a 1 2 1))]

given #495 (wt=14): 937 (x ^ (y ^ z)) v (x ^ (z ^ y)) ' = 1.  [para (24 (a 1) 928 (a 1 1)) demod (15)]

given #496 (wt=33): 288 x ^ (y v (z v (u v (x ^ ((x ^ (y v (z v u))) v (v ^ w)))))) = x ^ (y v (z v (u v (v ^ w)))).  [para (13 (a 1) 42 (a 1 2 2 2 2 1 2)) demod (13 13)]

given #497 (wt=14): 946 (x v (y v z)) ^ (y v (x v z)) ' = 0.  [para (94 (a 1) 168 (a 1 1 1)) demod (13 13)]

given #498 (wt=14): 947 (x ^ (y v z)) v (x ^ (z v y)) ' = 1.  [para (94 (a 1) 174 (a 1 2 1 2))]

given #499 (wt=14): 950 x v (y v (z ^ ((x ^ u) v y)) ') = 1.  [para (177 (a 1) 29 (a 1 2)) demod (74) flip a]

% Back_subsumption disabled, ratio of kept to back_subsumed is 104 (0.00 of 15.50 sec).

given #500 (wt=14): 951 x v (y v (z ^ ((u ^ x) v y)) ') = 1.  [para (177 (a 1) 83 (a 1 2)) demod (74) flip a]

given #501 (wt=27): 289 x ^ (y v (z v (x ^ (((y v z) ^ x) v (u ^ v))))) = x ^ (y v (z v (u ^ v))).  [para (14 (a 1) 42 (a 1 2 2 2 2 1))]

given #502 (wt=14): 954 (x ^ y) v (x ^ (z ^ (u ^ y))) ' = 1.  [para (15 (a 1) 180 (a 1 2 1 2))]

given #503 (wt=14): 958 (x ^ (y v (z v u))) v (x ^ z) ' = 1.  [para (62 (a 1) 180 (a 1 2 1 2))]

given #504 (wt=14): 960 (x ^ ((x ^ y) v z)) v (x ^ y) ' = 1.  [para (28 (a 1) 180 (a 1 2 1))]

given #505 (wt=14): 961 (x ^ (y v (z v u))) v (x ^ u) ' = 1.  [para (78 (a 1) 180 (a 1 2 1 2))]

given #506 (wt=31): 290 x ^ ((y v (z v (x ^ ((x ^ (y v z)) v (u ^ v))))) ^ w) = x ^ ((y v (z v (u ^ v))) ^ w).  [para (42 (a 1) 15 (a 1 1)) demod (15) flip a]

given #507 (wt=14): 969 (x ^ (y v (x ^ z))) v (x ^ z) ' = 1.  [para (80 (a 1) 180 (a 1 2 1))]

given #508 (wt=14): 976 ((x v (y v z)) ^ u) v (y ^ u) ' = 1.  [para (23 (a 1) 181 (a 1 1 1))]

given #509 (wt=14): 982 ((x v y) ^ (z v (x v u))) v x ' = 1.  [para (62 (a 1) 181 (a 1 2 1))]

given #510 (wt=14): 984 ((x v y) ^ (z v (u v x))) v x ' = 1.  [para (78 (a 1) 181 (a 1 2 1))]

given #511 (wt=35): 291 x ^ (y ^ (z v (u v (x ^ (y ^ ((x ^ (y ^ (z v u))) v (v ^ w))))))) = x ^ (y ^ (z v (u v (v ^ w)))).  [para (42 (a 1) 15 (a 1)) demod (15 15 15) flip a]

given #512 (wt=14): 991 ((x v y) ^ z) v (y ^ (u ^ z)) ' = 1.  [para (169 (a 1) 181 (a 1 1 1)) demod (15)]

given #513 (wt=14): 994 (x ^ y) ' v (((x v z) ^ y) v u) = 1.  [para (181 (a 1) 94 (a 1 1)) demod (59 971)]

given #514 (wt=14): 998 x ^ (y ^ (z ^ (u ^ (x ^ u) '))) = 0.  [para (15 (a 1) 185 (a 1 2))]

given #515 (wt=14): 1000 x ^ (y ^ (z ^ ((x v u) ^ z) ')) = 0.  [para (185 (a 1) 27 (a 1 2)) demod (76) flip a]

given #516 (wt=23): 292 x ^ (y v (z v (x ^ ((x ^ (y v z)) v u)))) = x ^ (y v (z v u)).  [para (16 (a 1) 42 (a 1 2 2 2 2 2)) demod (16)]

given #517 (wt=14): 1002 x ^ (y ^ (z ^ ((u v x) ^ z) ')) = 0.  [para (185 (a 1) 79 (a 1 2)) demod (76) flip a]

given #518 (wt=14): 1029 x v (y v (z v ((z v x) ' v u))) = 1.  [para (95 (a 1) 176 (a 1 2 1 1)) demod (13 13)]

given #519 (wt=14): 1031 x v (y v (z v (u ^ (z v x)) ')) = 1.  [para (95 (a 1) 178 (a 1 2 1 2)) demod (13 13)]

given #520 (wt=14): 1033 x v (y v (z v (u v (z v x) '))) = 1.  [para (95 (a 1) 179 (a 1 2 2 1)) demod (13 13)]

given #521 (wt=33): 293 x ^ (y v (z v (u v (x ^ ((x ^ (z v (y v u))) v (v ^ w)))))) = x ^ (y v (z v (u v (v ^ w)))).  [para (23 (a 1) 42 (a 1 2 2 2 2 1 2)) demod (13 13)]

given #522 (wt=14): 1043 x v ((y v x) ' v (z v (u v y))) = 1.  [para (88 (a 1) 95 (a 1 1)) demod (13 13 59 88)]

given #523 (wt=14): 1044 x v (y v ((z v x) ' v (u v z))) = 1.  [para (92 (a 1) 95 (a 1 1)) demod (13 13 59 92)]

given #524 (wt=14): 1048 x v (((y ^ z) v x) ' v (u v y)) = 1.  [para (171 (a 1) 95 (a 1 1)) demod (13 59 171)]

given #525 (wt=14): 1049 x v (((y v x) ^ z) ' v (u v y)) = 1.  [para (172 (a 1) 95 (a 1 1)) demod (13 59 172)]

given #526 (wt=31): 294 x ^ (y ^ (z v (u v (x ^ ((x ^ (z v u)) v (v ^ w)))))) = y ^ (x ^ (z v (u v (v ^ w)))).  [para (42 (a 1) 24 (a 1 2)) flip a]

given #527 (wt=14): 1050 (x ^ (y ^ z)) ' v (u v (x ^ y)) = 1.  [para (174 (a 1) 95 (a 1 1)) demod (59 174)]

given #528 (wt=14): 1052 x v ((y ^ (z v x)) ' v (u v z)) = 1.  [para (177 (a 1) 95 (a 1 1)) demod (13 59 177)]

given #529 (wt=14): 1054 (x ^ (y ^ z)) ' v (u v (x ^ z)) = 1.  [para (180 (a 1) 95 (a 1 1)) demod (59 180)]

given #530 (wt=14): 1056 (x ^ y) ' v (z v ((x v u) ^ y)) = 1.  [para (181 (a 1) 95 (a 1 1)) demod (59 181)]

given #531 (wt=41): 295 x v (y v ((z ^ (x v (y v (u ^ v)))) v (z ^ ((z ^ (x v y)) v (u ^ v))))) = x v (y v (z ^ ((z ^ (x v y)) v (u ^ v)))).  [para (42 (a 1) 31 (a 1 2)) demod (12 23 23)]

given #532 (wt=14): 1058 x v (y v (y v ((x v y) ^ z)) ') = 1.  [para (30 (a 1) 1012 (a 1 2)) demod (12 13)]

given #533 (wt=14): 1059 x v (y v (y v (z ^ (x v y))) ') = 1.  [para (84 (a 1) 1012 (a 1 2)) demod (12 13)]

given #534 (wt=14): 1062 (x v y) ' v (z v (x v (u v y))) = 1.  [para (23 (a 1) 1016 (a 1 2 2))]

given #535 (wt=14): 1063 ((x ^ y) v z) ' v (u v (x v z)) = 1.  [para (29 (a 1) 1016 (a 1 2 2))]

given #536 (wt=31): 296 x ^ (y v (z v ((x v u) ^ (((x v u) ^ (y v z)) v (v ^ w))))) = x ^ (y v (z v (v ^ w))).  [para (42 (a 1) 27 (a 1 2)) demod (27) flip a]

given #537 (wt=14): 1065 (x v (y ^ z)) ' v (u v (x v y)) = 1.  [para (63 (a 1) 1016 (a 1 2 2))]

given #538 (wt=14): 1066 ((x ^ y) v z) ' v (u v (y v z)) = 1.  [para (83 (a 1) 1016 (a 1 2 2))]

given #539 (wt=14): 1067 (x v (y ^ z)) ' v (u v (x v z)) = 1.  [para (86 (a 1) 1016 (a 1 2 2))]

given #540 (wt=14): 1068 (x ^ (y ^ (z ^ u))) ' v (v v z) = 1.  [para (142 (a 1) 1016 (a 1 2 2))]

given #541 (wt=43): 298 x v (y v ((z ^ ((z ^ (x v y)) v (u ^ v))) v (w ^ (z ^ (x v (y v (u ^ v))))))) = x v (y v (z ^ ((z ^ (x v y)) v (u ^ v)))).  [para (42 (a 1) 85 (a 1 2 2)) demod (13 13)]

given #542 (wt=14): 1069 (x ^ (y ^ (z ^ u))) ' v (v v u) = 1.  [para (151 (a 1) 1016 (a 1 2 2))]

given #543 (wt=14): 1072 x v (((x v y) ^ z) ' v (u v y)) = 1.  [para (23 (a 1) 1022 (a 1 2)) demod (23)]

given #544 (wt=14): 1074 x v (y v ((x v (y ^ z)) ^ u) ') = 1.  [para (63 (a 1) 1022 (a 1 2)) demod (12 13)]

given #545 (wt=14): 1075 x v (y v ((x v (z ^ y)) ^ u) ') = 1.  [para (86 (a 1) 1022 (a 1 2)) demod (12 13)]

given #546 (wt=28): 300 x v (y v ((z ^ ((z ^ (x v y)) v (u ^ v))) v (z ^ (x v (y v (u ^ v)))) ')) = 1.  [para (42 (a 1) 173 (a 1 2 1)) demod (13 13)]

given #547 (wt=14): 1077 x v (y ^ (z ^ (u ^ (x ^ v)))) ' = 1.  [para (151 (a 1) 1022 (a 1 2)) demod (15 15 15 12)]

given #548 (wt=14): 1080 x v ((y ^ (x v z)) ' v (u v z)) = 1.  [para (23 (a 1) 1023 (a 1 2)) demod (23)]

given #549 (wt=14): 1081 (x v y) ' v (z v (x v (y v u))) = 1.  [para (26 (a 1) 1023 (a 1 1 1))]

given #550 (wt=14): 1084 x v (y v (z ^ (x v (y ^ u))) ') = 1.  [para (63 (a 1) 1023 (a 1 2)) demod (12 13)]

given #551 (wt=55): 301 x ^ (y v (z v ((x ^ ((x ^ (y v z)) v (u ^ v))) v (x ^ ((x ^ (y v (z v (u ^ v)))) v (w ^ v6)))))) = x ^ (y v (z v ((x ^ ((x ^ (y v z)) v (u ^ v))) v (w ^ v6)))).  [para (42 (a 1) 42 (a 1 2 2 2 2 1)) demod (13 13)]

given #552 (wt=14): 1085 (x ^ y) ' v (z v (x ^ (y v u))) = 1.  [para (71 (a 1) 1023 (a 1 1 1))]

given #553 (wt=14): 1086 (x ^ y) ' v (z v ((u v x) ^ y)) = 1.  [para (79 (a 1) 1023 (a 1 1 1))]

given #554 (wt=14): 1087 (x ^ y) ' v (z v (x ^ (u v y))) = 1.  [para (82 (a 1) 1023 (a 1 1 1))]

given #555 (wt=14): 1088 x v (y v (z ^ (x v (u ^ y))) ') = 1.  [para (86 (a 1) 1023 (a 1 2)) demod (12 13)]

given #556 (wt=16): 310 (x ^ ((y ^ x) v z)) v ((y ^ x) ' v u) = 1.  [para (28 (a 1) 176 (a 1 2 1 1))]

given #557 (wt=14): 1089 x ' v (y v (z v (u v (x v v)))) = 1.  [para (130 (a 1) 1023 (a 1 1 1))]

given #558 (wt=14): 1090 x ' v (y v (z v (u v (v v x)))) = 1.  [para (144 (a 1) 1023 (a 1 1 1))]

given #559 (wt=14): 1092 x v (y ^ (z ^ (u ^ (v ^ x)))) ' = 1.  [para (151 (a 1) 1023 (a 1 2)) demod (12)]

given #560 (wt=14): 1095 (x v y) ' v (z v (y v (u v x))) = 1.  [para (95 (a 1) 1023 (a 1 1 1))]

given #561 (wt=16): 317 (x ^ ((y ^ x) v z)) v (u ^ (y ^ x)) ' = 1.  [para (28 (a 1) 178 (a 1 2 1 2))]

given #562 (wt=14): 1121 x ^ (y ^ ((z v (x v u)) ^ y) ') = 0.  [para (23 (a 1) 187 (a 1 2 2 1 1))]

given #563 (wt=14): 1130 x v (y v (z v (u v (x ' v v)))) = 1.  [para (13 (a 1) 189 (a 1 2 2))]

given #564 (wt=14): 1131 x v (y v (z v ((x ^ u) ' v v))) = 1.  [para (189 (a 1) 29 (a 1 2)) demod (74) flip a]

given #565 (wt=14): 1132 x v (y v (z v ((u ^ x) ' v v))) = 1.  [para (189 (a 1) 83 (a 1 2)) demod (74) flip a]

given #566 (wt=16): 321 (x ^ ((y ^ x) v z)) v (u v (y ^ x) ') = 1.  [para (28 (a 1) 179 (a 1 2 2 1))]

given #567 (wt=14): 1135 x v (y v ((z ^ (x ^ u)) ' v v)) = 1.  [para (24 (a 1) 190 (a 1 2 2 1 1))]

given #568 (wt=14): 1136 x v (y v (z v ((y v x) ' v u))) = 1.  [para (94 (a 1) 190 (a 1 2 2 1 1)) demod (13)]

given #569 (wt=14): 1171 ((x ^ y) v z) ^ (x v (z v u)) ' = 0.  [para (168 (a 1) 97 (a 1 2)) demod (14 69) flip a]

given #570 (wt=14): 1180 x ^ (y ^ (z ^ (u ^ (x ' ^ v)))) = 0.  [para (15 (a 1) 200 (a 1 2 2))]

given #571 (wt=29): 323 x ^ (y ^ (z v (x ^ (y ^ ((z ^ (x ^ y)) v (u ^ v)))))) = x ^ (y ^ (z v (u ^ v))).  [para (43 (a 1) 15 (a 1)) demod (15 15) flip a]

given #572 (wt=14): 1181 x ^ (y ^ (z ^ ((x v u) ' ^ v))) = 0.  [para (200 (a 1) 27 (a 1 2)) demod (76) flip a]

given #573 (wt=14): 1182 x ^ (y ^ (z ^ ((u v x) ' ^ v))) = 0.  [para (200 (a 1) 79 (a 1 2)) demod (76) flip a]

given #574 (wt=14): 1186 x ^ (y ^ ((z v (x v u)) ' ^ v)) = 0.  [para (23 (a 1) 201 (a 1 2 2 1 1))]

given #575 (wt=14): 1189 x v (y v (z v (u v (v v x ')))) = 1.  [para (13 (a 1) 203 (a 1 2 2 2))]

given #576 (wt=27): 324 x ^ ((y ^ z) v (x ^ ((y ^ (z ^ x)) v (u ^ v)))) = x ^ ((y ^ z) v (u ^ v)).  [para (15 (a 1) 43 (a 1 2 2 2 1))]

given #577 (wt=14): 1190 x v (y v (z v (u v (x ^ v) '))) = 1.  [para (203 (a 1) 29 (a 1 2)) demod (74) flip a]

given #578 (wt=14): 1191 x v (y v (z v (u v (v ^ x) '))) = 1.  [para (203 (a 1) 83 (a 1 2)) demod (74) flip a]

given #579 (wt=14): 1194 x v (y v (z v (u ^ (x ^ v)) ')) = 1.  [para (24 (a 1) 204 (a 1 2 2 2 1))]

given #580 (wt=14): 1195 x v (y v (z v (u v (y v x) '))) = 1.  [para (94 (a 1) 204 (a 1 2 2 2 1)) demod (13)]

given #581 (wt=17): 326 x ^ (y v (x ^ ((y ^ x) v z))) = x ^ (y v z).  [para (16 (a 1) 43 (a 1 2 2 2 2)) demod (16)]

given #582 (wt=14): 1205 x v (y v ((z ^ (u ^ x)) ' v v)) = 1.  [para (178 (a 1) 98 (a 1 1 2)) demod (74 59 313)]

given #583 (wt=14): 1218 x v (y v (((y ^ z) v x) ' v u)) = 1.  [para (171 (a 1) 98 (a 1 1)) demod (59 911)]

given #584 (wt=14): 1220 x v (y v (((y v x) ^ z) ' v u)) = 1.  [para (172 (a 1) 98 (a 1 1)) demod (59 917)]

given #585 (wt=14): 1222 (x ^ y) v (z v ((y ^ x) ' v u)) = 1.  [para (928 (a 1) 98 (a 1 1 2)) demod (74 59 936)]

given #586 (wt=29): 329 x ^ (y ^ (z v (x ^ (y ^ ((x ^ (z ^ y)) v (u ^ v)))))) = x ^ (y ^ (z v (u ^ v))).  [para (24 (a 1) 43 (a 1 2 2 2 1)) demod (15 15 15)]

given #587 (wt=14): 1224 x v (y v ((z ^ (y v x)) ' v u)) = 1.  [para (177 (a 1) 98 (a 1 1)) demod (59 586)]

given #588 (wt=14): 1230 (x ^ y) ' v (z v (u v (x v v))) = 1.  [para (1022 (a 1) 98 (a 1 1 2)) demod (74 13 59 1027)]

given #589 (wt=14): 1231 (x ^ y) ' v (z v (u v (y v v))) = 1.  [para (1023 (a 1) 98 (a 1 1 2)) demod (74 13 59 1030)]

given #590 (wt=14): 1237 x ^ (y ^ (z ^ (u ^ (v ^ x ')))) = 0.  [para (15 (a 1) 206 (a 1 2 2 2))]

given #591 (wt=26): 332 x ' ^ (y ^ (x v (x ' ^ (y ^ (z ^ u))))) = x ' ^ (y ^ (x v (z ^ u))).  [para (70 (a 1) 43 (a 1 2 2 2 1)) demod (60 15 15 15)]

given #592 (wt=13): 10113 x ' ^ (y ^ (x v (y ' ^ z))) = 0.  [para (70 (a 1) 332 (a 1 2 2 2 2)) demod (14 69 40 1405) flip a]

given #593 (wt=10): 10205 x ^ (x ' ^ y) ' ' = 0.  [para (1740 (a 1) 10113 (a 1 2 2)) demod (37 14)]

given #594 (wt=8): 10212 x ^ x ' ' ' = 0.  [para (16 (a 1) 10205 (a 1 2 1 1))]

given #595 (wt=10): 10206 x ^ (y ^ x ') ' ' = 0.  [para (2970 (a 1) 10113 (a 1 2 2)) demod (37 14)]

given #596 (wt=26): 334 x ^ (y ' ^ (y v (x ^ (y ' ^ (z ^ u))))) = x ^ (y ' ^ (y v (z ^ u))).  [para (77 (a 1) 43 (a 1 2 2 2 1)) demod (60 15 15 15)]

given #597 (wt=10): 10231 x ^ (x ' ' ' ^ y) = 0.  [para (10212 (a 1) 15 (a 1 1)) demod (69) flip a]

given #598 (wt=10): 10233 x ^ (y ^ x ' ' ') = 0.  [para (10212 (a 1) 24 (a 1 2)) demod (76) flip a]

given #599 (wt=10): 10234 x ^ (x v y) ' ' ' = 0.  [para (10212 (a 1) 27 (a 1 2)) demod (76) flip a]

given #600 (wt=10): 10235 x ^ (y v x) ' ' ' = 0.  [para (10212 (a 1) 79 (a 1 2)) demod (76) flip a]

given #601 (wt=33): 336 (x v y) ^ (z ^ (x v ((x v y) ^ (z ^ ((x ^ z) v (u ^ v)))))) = (x v y) ^ (z ^ (x v (u ^ v))).  [para (27 (a 1) 43 (a 1 2 2 2 1)) demod (15 15 15)]

given #602 (wt=10): 10238 x ' ' ' ^ (y ^ x) = 0.  [para (10212 (a 1) 360 (a 1 2 2 2 1)) demod (68 37)]

given #603 (wt=11): 10193 x ' ^ (y ^ (x v y ')) = 0.  [para (16 (a 1) 10113 (a 1 2 2 2))]

given #604 (wt=10): 10421 x ' ^ (x v x ' ') = 0.  [para (10193 (a 1) 52 (a 1)) flip a]

given #605 (wt=9): 10437 x v x ' ' = x ' '.  [hyper (20 a 75 a b 10421 a) flip a]

given #606 (wt=26): 337 (x v y) ' ^ (x v ((x v y) ' ^ (z ^ u))) = (x v y) ' ^ (x v (z ^ u)).  [para (110 (a 1) 43 (a 1 2 2 2 1)) demod (60)]

given #607 (wt=7): 10441 x ^ x ' ' = x.  [para (10437 (a 1) 16 (a 1 2))]

given #608 (wt=8): 10443 x v x ' ' ' = 1.  [para (10437 (a 1) 67 (a 1 2))]

given #609 (wt=7): 10691 x ' ' ' = x '.  [hyper (20 a 10443 a b 10212 a) flip a]

given #610 (wt=9): 10446 x ^ (y v x ' ') = x.  [para (10437 (a 1) 62 (a 1 2 2))]

given #611 (wt=26): 338 (x v y) ' ^ (y v ((x v y) ' ^ (z ^ u))) = (x v y) ' ^ (y v (z ^ u)).  [para (117 (a 1) 43 (a 1 2 2 2 1)) demod (60)]

given #612 (wt=9): 10617 x ^ (x v y) ' ' = x.  [para (10441 (a 1) 27 (a 1 2)) demod (16) flip a]

given #613 (wt=9): 10620 x ^ (y v x) ' ' = x.  [para (10441 (a 1) 79 (a 1 2)) demod (25) flip a]

given #614 (wt=9): 10622 x ^ (x ' ' v y) = x.  [para (10441 (a 1) 116 (a 1 2)) demod (14 10441)]

given #615 (wt=10): 10450 x ^ (y v x ' ') ' = 0.  [para (10437 (a 1) 120 (a 1 2 1 2))]

given #616 (wt=39): 340 x ^ (((y ^ x) v z) ^ (y v (x ^ (((y ^ x) v z) ^ ((y ^ x) v (u ^ v)))))) = x ^ (((y ^ x) v z) ^ (y v (u ^ v))).  [para (28 (a 1) 43 (a 1 2 2 2 1)) demod (15 15 15)]

given #617 (wt=10): 10619 x ' ' v (y ^ x) ' = 1.  [para (10441 (a 1) 178 (a 1 2 1 2))]

low water: id=5900, wt=29

low water: id=6197, wt=27

given #618 (wt=10): 10626 x ^ (x ' ' v y) ' = 0.  [para (10441 (a 1) 1406 (a 1 2)) demod (14)]

given #619 (wt=10): 10790 x ' v (x v y) ' ' = 1.  [para (10617 (a 1) 173 (a 1 2 1)) demod (12)]

low water: id=6255, wt=26

given #620 (wt=10): 10885 (x v y) ' ^ x ' ' = 0.  [para (10617 (a 1) 10206 (a 1 2 1 1))]

given #621 (wt=22): 343 x v ((y ^ ((x ^ y) v (z ^ u))) v (y ^ (x v (z ^ u))) ') = 1.  [para (43 (a 1) 173 (a 1 2 1)) demod (13)]

given #622 (wt=10): 10892 x ' v (y v x) ' ' = 1.  [para (10620 (a 1) 173 (a 1 2 1)) demod (12)]

low water: id=6596, wt=25

given #623 (wt=10): 10990 (x v y) ' ^ y ' ' = 0.  [para (10620 (a 1) 10206 (a 1 2 1 1))]

given #624 (wt=10): 11071 (x ^ y) ' v y ' ' = 1.  [para (10619 (a 1) 12 (a 1)) flip a]

given #625 (wt=10): 11072 x ' ' v (x ^ y) ' = 1.  [para (14 (a 1) 10619 (a 1 2 1))]

low water: id=6408, wt=24

given #626 (wt=32): 344 x ^ ((y ^ x) ' ^ (y v (x ^ ((y ^ x) ' ^ (z ^ u))))) = x ^ ((y ^ x) ' ^ (y v (z ^ u))).  [para (39 (a 1) 43 (a 1 2 2 2 1)) demod (60 15 15 15)]

given #627 (wt=10): 11139 x ' ' ^ (x v y) ' = 0.  [para (10790 (a 1) 10193 (a 1 2 2)) demod (14 59)]

given #628 (wt=10): 11161 (x ^ y) ' v x ' ' = 1.  [para (17 (a 1) 10892 (a 1 2 1 1))]

low water: id=7217, wt=23

given #629 (wt=10): 11194 x ' ' ^ (y v x) ' = 0.  [para (10892 (a 1) 10193 (a 1 2 2)) demod (14 59)]

given #630 (wt=10): 11196 x ' ^ (x ^ y) ' ' = 0.  [para (17 (a 1) 10990 (a 1 1 1))]

given #631 (wt=32): 345 x ^ (y ' ^ (z ^ (y v (x ^ (y ' ^ (z ^ (u ^ v))))))) = x ^ (y ' ^ (z ^ (y v (u ^ v)))).  [para (91 (a 1) 43 (a 1 2 2 2 1)) demod (60 15 15 15 15 15 15)]

given #632 (wt=10): 11199 x ' ^ (y ^ x) ' ' = 0.  [para (31 (a 1) 10990 (a 1 1 1))]

given #633 (wt=11): 10414 x ' ^ (y ^ (y ' v x)) = 0.  [para (12 (a 1) 10193 (a 1 2 2))]

low water: id=6915, wt=22

low water: id=7839, wt=21

given #634 (wt=11): 10416 x ^ ((y v x ') ^ y ') = 0.  [para (10193 (a 1) 14 (a 1)) demod (15) flip a]

given #635 (wt=11): 10420 x ^ (y ' ^ (y v x ')) = 0.  [para (10193 (a 1) 24 (a 1)) flip a]

given #636 (wt=32): 346 x ^ (y ^ (z ' ^ (z v (x ^ (y ^ (z ' ^ (u ^ v))))))) = x ^ (y ^ (z ' ^ (z v (u ^ v)))).  [para (103 (a 1) 43 (a 1 2 2 2 1)) demod (60 15 15 15 15 15 15)]

given #637 (wt=11): 10432 (x v y ') ^ (x ' ^ y) = 0.  [para (10193 (a 1) 359 (a 1 2 2 2 1)) demod (68 37)]

given #638 (wt=11): 10445 x ^ (x ' ' ^ y) = x ^ y.  [para (10437 (a 1) 27 (a 1 2 1))]

low water: id=8363, wt=20

given #639 (wt=11): 10448 (x ^ y) v x ' ' = x ' '.  [para (10437 (a 1) 29 (a 2)) demod (10442)]

given #640 (wt=11): 10453 x ^ (y ^ x ' ') = y ^ x.  [para (10437 (a 1) 71 (a 1 2 2))]

given #641 (wt=32): 347 (x v y) ' ^ (z ^ (x v ((x v y) ' ^ (z ^ (u ^ v))))) = (x v y) ' ^ (z ^ (x v (u ^ v))).  [para (114 (a 1) 43 (a 1 2 2 2 1)) demod (60 15 15 15)]

given #642 (wt=11): 10454 (x ^ y) v y ' ' = y ' '.  [para (10437 (a 1) 83 (a 2)) demod (10442)]

given #643 (wt=11): 10455 x ' ' ^ (y ^ x) = y ^ x.  [para (10437 (a 1) 116 (a 1 1))]

given #644 (wt=11): 10456 x ^ (y v (z v x ' ')) = x.  [para (10437 (a 1) 130 (a 1 2 2 2))]

given #645 (wt=11): 10618 x ' ' v (y ^ x) = x ' '.  [para (10441 (a 1) 85 (a 1 2 2))]

given #646 (wt=32): 348 x ^ ((y v z) ' ^ (y v (x ^ ((y v z) ' ^ (u ^ v))))) = x ^ ((y v z) ' ^ (y v (u ^ v))).  [para (115 (a 1) 43 (a 1 2 2 2 1)) demod (60 15 15 15)]

given #647 (wt=11): 10631 x ^ (y v (x v z)) ' ' = x.  [para (10441 (a 1) 111 (a 1 2)) demod (62) flip a]

given #648 (wt=11): 10642 x ^ (y v (z v x)) ' ' = x.  [para (10441 (a 1) 145 (a 1 2)) demod (78) flip a]

given #649 (wt=11): 10649 x ^ (y v (x ' ' v z)) = x.  [para (10441 (a 1) 512 (a 1 2)) demod (14 10441)]

low water: id=9020, wt=19

given #650 (wt=11): 10715 x ^ (y v (x v z) ' ') = x.  [para (10446 (a 1) 27 (a 1 2)) demod (16) flip a]

given #651 (wt=32): 349 (x v (y v z)) ' ^ (y v ((x v (y v z)) ' ^ (u ^ v))) = (x v (y v z)) ' ^ (y v (u ^ v)).  [para (120 (a 1) 43 (a 1 2 2 2 1)) demod (60)]

given #652 (wt=11): 10716 x ^ (y v (z v x) ' ') = x.  [para (10446 (a 1) 79 (a 1 2)) demod (25) flip a]

given #653 (wt=11): 10796 x ^ ((x v y) ' ' v z) = x.  [para (10617 (a 1) 116 (a 1 2)) demod (14 10617)]

given #654 (wt=11): 10902 x ^ ((y v x) ' ' v z) = x.  [para (10620 (a 1) 116 (a 1 2)) demod (14 10620)]

given #655 (wt=11): 11345 x ^ ((x ' v y) ^ y ') = 0.  [para (10414 (a 1) 14 (a 1)) demod (15) flip a]

given #656 (wt=32): 350 (x v (y v z)) ' ^ (z v ((x v (y v z)) ' ^ (u ^ v))) = (x v (y v z)) ' ^ (z v (u ^ v)).  [para (121 (a 1) 43 (a 1 2 2 2 1)) demod (60)]

given #657 (wt=11): 11350 x ^ (y ' ^ (x ' v y)) = 0.  [para (10414 (a 1) 24 (a 1)) flip a]

given #658 (wt=11): 11414 (x ' v y) ^ (y ' ^ x) = 0.  [para (10414 (a 1) 359 (a 1 2 2 2 1)) demod (68 37)]

given #659 (wt=11): 11546 x ' ' v (x ^ y) = x ' '.  [para (10445 (a 1) 72 (a 1 2))]

given #660 (wt=11): 11715 x ^ (y ^ (x ' v y ')) = 0.  [para (10193 (a 1) 10445 (a 1 2)) demod (76) flip a]

given #661 (wt=32): 351 (x v y) ' ^ (z ^ (y v ((x v y) ' ^ (z ^ (u ^ v))))) = (x v y) ' ^ (z ^ (y v (u ^ v))).  [para (122 (a 1) 43 (a 1 2 2 2 1)) demod (60 15 15 15)]

given #662 (wt=11): 11716 x ^ (x ' ' v y) ' ' = x.  [para (10617 (a 1) 10445 (a 1 2)) demod (10441) flip a]

low water: id=9530, wt=18

given #663 (wt=11): 11717 x ^ (y v x ' ') ' ' = x.  [para (10620 (a 1) 10445 (a 1 2)) demod (10441) flip a]

given #664 (wt=11): 11720 x ^ (y ^ (y ' v x ')) = 0.  [para (10414 (a 1) 10445 (a 1 2)) demod (76) flip a]

given #665 (wt=11): 12332 x ^ (x ' v (x v y) ') = 0.  [para (11715 (a 1) 27 (a 1)) flip a]

given #666 (wt=32): 352 x ^ ((y v z) ' ^ (z v (x ^ ((y v z) ' ^ (u ^ v))))) = x ^ ((y v z) ' ^ (z v (u ^ v))).  [para (125 (a 1) 43 (a 1 2 2 2 1)) demod (60 15 15 15)]

given #667 (wt=10): 12456 x ' v (x v y) ' = x '.  [hyper (20 a 933 a b 12332 a) demod (33 33 33) flip a]

given #668 (wt=10): 12468 x ' v (y v x) ' = x '.  [para (12 (a 1) 12456 (a 1 2 1))]

given #669 (wt=12): 10196 x ' ^ (x v (x ' ' ^ y)) = 0.  [para (10113 (a 1) 52 (a 1)) flip a]

given #670 (wt=12): 10210 x ^ ((x ' ^ y) ' ' ^ z) = 0.  [para (10205 (a 1) 15 (a 1 1)) demod (69) flip a]

given #671 (wt=24): 353 x v ((y ^ ((x ^ y) v (z ^ u))) v ((y ^ (x v (z ^ u))) ' v v)) = 1.  [para (43 (a 1) 176 (a 1 2 1 1)) demod (13)]

given #672 (wt=12): 10213 x ^ (y ^ (x ' ^ z) ' ') = 0.  [para (10205 (a 1) 24 (a 1 2)) demod (76) flip a]

given #673 (wt=12): 10214 x ^ (y ^ (x ' ^ z)) ' ' = 0.  [para (24 (a 1) 10205 (a 1 2 1 1))]

given #674 (wt=12): 10215 x ^ ((x v y) ' ^ z) ' ' = 0.  [para (10205 (a 1) 27 (a 1 2)) demod (76) flip a]

given #675 (wt=12): 10216 x ^ ((y v x) ' ^ z) ' ' = 0.  [para (10205 (a 1) 79 (a 1 2)) demod (76) flip a]

given #676 (wt=24): 354 x v ((y ^ ((x ^ y) v (z ^ u))) v (v ^ (y ^ (x v (z ^ u)))) ') = 1.  [para (43 (a 1) 178 (a 1 2 1 2)) demod (13)]

given #677 (wt=12): 10218 x ^ (y ^ (z ^ x ')) ' ' = 0.  [para (107 (a 1) 10205 (a 1 2 1 1))]

given #678 (wt=12): 10220 (x ' ^ y) ' ' ^ (z ^ x) = 0.  [para (10205 (a 1) 360 (a 1 2 2 2 1)) demod (68 37)]

given #679 (wt=12): 10249 x ^ ((y ^ x ') ' ' ^ z) = 0.  [para (10206 (a 1) 15 (a 1 1)) demod (69) flip a]

given #680 (wt=12): 10251 x ^ (y ^ (z ^ x ') ' ') = 0.  [para (10206 (a 1) 24 (a 1 2)) demod (76) flip a]

given #681 (wt=24): 355 x v ((y ^ ((x ^ y) v (z ^ u))) v (v v (y ^ (x v (z ^ u))) ')) = 1.  [para (43 (a 1) 179 (a 1 2 2 1)) demod (13)]

given #682 (wt=12): 10252 x ^ (y ^ (x v z) ') ' ' = 0.  [para (10206 (a 1) 27 (a 1 2)) demod (76) flip a]

given #683 (wt=12): 10253 x ^ (y ^ (z v x) ') ' ' = 0.  [para (10206 (a 1) 79 (a 1 2)) demod (76) flip a]

given #684 (wt=12): 10256 (x ^ y ') ' ' ^ (z ^ y) = 0.  [para (10206 (a 1) 360 (a 1 2 2 2 1)) demod (68 37)]

given #685 (wt=12): 10422 x ' ^ (x v (x ' v y) ') = 0.  [para (10193 (a 1) 27 (a 1)) flip a]

given #686 (wt=17): 363 x v (y v (z v ((x v y) ^ u))) = z v (x v y).  [para (63 (a 1) 13 (a 1)) flip a]

given #687 (wt=5): 12787 x ' ' = x.  [hyper (20 a 36 a b 10422 a) demod (12 18 65 40)]

given #688 (wt=9): 12827 x v (x ' v y) ' = x.  [para (12787 (a 1) 12456 (a 1 1)) demod (12787)]

given #689 (wt=9): 12828 x v (y v x ') ' = x.  [para (12787 (a 1) 12468 (a 1 1)) demod (12787)]

given #690 (wt=11): 12821 x ' ^ (y ' ^ (x v y)) = 0.  [para (12787 (a 1) 10193 (a 1 2 2 2))]

given #691 (wt=15): 364 x v (y v (z v (x ^ u))) = y v (z v x).  [para (13 (a 1) 63 (a 1 2)) demod (13)]

given #692 (wt=11): 12822 x ' ^ (y ' ^ (y v x)) = 0.  [para (12787 (a 1) 10414 (a 1 2 2 1))]

given #693 (wt=11): 12823 x ' ^ ((y v x) ^ y ') = 0.  [para (12787 (a 1) 10416 (a 1 2 1 2))]

given #694 (wt=11): 12824 (x v y) ^ (x ' ^ y ') = 0.  [para (12787 (a 1) 10432 (a 1 1 2))]

given #695 (wt=11): 12825 x ' ^ ((x v y) ^ y ') = 0.  [para (12787 (a 1) 11345 (a 1 2 1 1))]

given #696 (wt=15): 365 (x v y) ^ (x v (y ^ z)) = x v (y ^ z).  [para (63 (a 1) 25 (a 1 2)) demod (14)]

given #697 (wt=11): 12826 (x v y) ^ (y ' ^ x ') = 0.  [para (12787 (a 1) 11414 (a 1 1 1))]

given #698 (wt=11): 12832 x v (y v (x ' v z)) ' = x.  [para (23 (a 1) 12827 (a 1 2 1))]

given #699 (wt=11): 12835 x v ((x ^ y) ' v z) ' = x.  [para (12827 (a 1) 29 (a 1 2)) demod (17) flip a]

given #700 (wt=11): 12839 x v ((y ^ x) ' v z) ' = x.  [para (12827 (a 1) 83 (a 1 2)) demod (31) flip a]

given #701 (wt=17): 367 (x v (y ^ z)) ^ (u v (x v y)) = x v (y ^ z).  [para (63 (a 1) 78 (a 1 2 2))]

given #702 (wt=11): 12841 x v ((x ' v y) ' ^ z) = x.  [para (12827 (a 1) 169 (a 1 2)) demod (12 12827)]

given #703 (wt=11): 12843 x v (y ^ (x ' v z) ') = x.  [para (12827 (a 1) 478 (a 1 2)) demod (12 12827)]

given #704 (wt=11): 12857 x v (y v (z v x ')) ' = x.  [para (127 (a 1) 12827 (a 1 2 1))]

given #705 (wt=11): 12931 x v (y v (x ^ z) ') ' = x.  [para (12828 (a 1) 29 (a 1 2)) demod (17) flip a]

given #706 (wt=17): 371 x ^ (y ^ (z ^ ((x ^ y) v u))) = z ^ (x ^ y).  [para (71 (a 1) 15 (a 1)) flip a]

given #707 (wt=11): 12935 x v (y v (z ^ x) ') ' = x.  [para (12828 (a 1) 83 (a 1 2)) demod (31) flip a]

given #708 (wt=11): 12937 x v ((y v x ') ' ^ z) = x.  [para (12828 (a 1) 169 (a 1 2)) demod (12 12828)]

given #709 (wt=11): 12939 x v (y ^ (z v x ') ') = x.  [para (12828 (a 1) 478 (a 1 2)) demod (12 12828)]

given #710 (wt=12): 11351 x ^ (y v (x ' v y) ') ' = 0.  [para (36 (a 1) 10414 (a 1 2 2)) demod (37 14)]

given #711 (wt=15): 372 x ^ (y ^ (z ^ (x v u))) = y ^ (z ^ x).  [para (15 (a 1) 71 (a 1 2)) demod (15)]

given #712 (wt=12): 11353 x ^ (y v (y v x ') ') ' = 0.  [para (157 (a 1) 10414 (a 1 2 2)) demod (37 14)]

given #713 (wt=12): 11354 x ^ ((x ' ^ y) ' v z) ' = 0.  [para (166 (a 1) 10414 (a 1 2 2)) demod (37 14)]

given #714 (wt=12): 11355 x ^ (y v (x ' ^ z) ') ' = 0.  [para (167 (a 1) 10414 (a 1 2 2)) demod (37 14)]

given #715 (wt=12): 11356 x ^ ((y ^ x ') ' v z) ' = 0.  [para (176 (a 1) 10414 (a 1 2 2)) demod (37 14)]

given #716 (wt=15): 373 (x ^ y) v (x ^ (y v z)) = x ^ (y v z).  [para (71 (a 1) 31 (a 1 2)) demod (12)]

given #717 (wt=12): 11357 x ^ (y v (z ^ x ') ') ' = 0.  [para (179 (a 1) 10414 (a 1 2 2)) demod (37 14)]

given #718 (wt=12): 12472 x ' v (y v (x v z)) ' = x '.  [para (23 (a 1) 12456 (a 1 2 1))]

given #719 (wt=12): 12473 x ' ^ (x v y) ' = (x v y) '.  [para (12456 (a 1) 25 (a 1 2)) demod (14)]

given #720 (wt=11): 13766 x ^ (y v (x ^ y ')) ' = 0.  [para (12473 (a 1) 123 (a 1 2))]

given #721 (wt=17): 374 (x ^ (y v z)) v (u ^ (x ^ y)) = x ^ (y v z).  [para (71 (a 1) 85 (a 1 2 2))]

given #722 (wt=11): 13778 x ^ (y v (y ' ^ x)) ' = 0.  [para (12473 (a 1) 686 (a 1 2))]

given #723 (wt=11): 13867 x ^ (y ' v (x ^ y)) ' = 0.  [para (12787 (a 1) 13766 (a 1 2 1 2 2))]

given #724 (wt=11): 13893 x ^ (y ' v (y ^ x)) ' = 0.  [para (12787 (a 1) 13778 (a 1 2 1 2 1))]

given #725 (wt=11): 13894 x ^ ((x ^ y) v y ') ' = 0.  [para (12 (a 1) 13867 (a 1 2 1))]

given #726 (wt=17): 380 x ^ (y ^ ((z v (x ^ y)) ^ u)) = x ^ (y ^ u).  [para (79 (a 1) 15 (a 1)) demod (15) flip a]

given #727 (wt=11): 13934 x ^ ((y ^ x) v y ') ' = 0.  [para (12 (a 1) 13893 (a 1 2 1))]

given #728 (wt=12): 12475 (x v y) ' ^ (z v x ') ' = 0.  [para (12456 (a 1) 121 (a 1 2 1 2))]

given #729 (wt=12): 12479 x ' v ((x v y) ' ^ z) = x '.  [para (12456 (a 1) 169 (a 1 2)) demod (12 12456)]

given #730 (wt=12): 12482 x ' v (y ^ (x v z) ') = x '.  [para (12456 (a 1) 478 (a 1 2)) demod (12 12456)]

given #731 (wt=17): 381 (x v y) ^ ((x v (z v y)) ^ u) = (x v y) ^ u.  [para (23 (a 1) 79 (a 1 2 1))]

given #732 (wt=12): 12486 x ' v ((x v y) ' ^ z) ' = 1.  [para (12456 (a 1) 1022 (a 1 2)) demod (12)]

given #733 (wt=12): 12487 x ' v (y ^ (x v z) ') ' = 1.  [para (12456 (a 1) 1023 (a 1 2)) demod (12)]

given #734 (wt=12): 12498 x ' v (y v (z v x)) ' = x '.  [para (127 (a 1) 12456 (a 1 2 1))]

given #735 (wt=12): 12556 x ' v (x ^ y) ' = (x ^ y) '.  [para (10448 (a 1) 12456 (a 1 2 1)) demod (10691 12)]

given #736 (wt=15): 382 x ^ (y ^ ((z v x) ^ u)) = y ^ (x ^ u).  [para (79 (a 1) 24 (a 1 2)) flip a]

given #737 (wt=10): 14193 x ' ^ (x ^ y) ' = x '.  [para (12556 (a 1) 16 (a 1 2))]

given #738 (wt=9): 14373 x ^ (x ' ^ y) ' = x.  [para (12787 (a 1) 14193 (a 1 1)) demod (12787)]

given #739 (wt=9): 14375 x ^ (y ^ x ') ' = x.  [para (14 (a 1) 14373 (a 1 2 1))]

given #740 (wt=10): 14322 x ' ^ (y ^ x) ' = x '.  [para (14 (a 1) 14193 (a 1 2 1))]

given #741 (wt=15): 383 (x ^ y) v ((z v x) ^ y) = (z v x) ^ y.  [para (79 (a 1) 31 (a 1 2)) demod (12)]

given #742 (wt=11): 14206 x v (y ^ (x v y ')) ' = 1.  [para (12556 (a 1) 177 (a 1 2))]

given #743 (wt=11): 14215 x v (y ^ (y ' v x)) ' = 1.  [para (12556 (a 1) 586 (a 1 2))]

given #744 (wt=11): 14379 x ^ (y ^ (x ' ^ z)) ' = x.  [para (24 (a 1) 14373 (a 1 2 1))]

given #745 (wt=11): 14380 x ^ ((x v y) ' ^ z) ' = x.  [para (14373 (a 1) 27 (a 1 2)) demod (16) flip a]

given #746 (wt=15): 385 x ^ (y ^ (((z v x) ^ y) v u)) = x ^ y.  [para (28 (a 1) 79 (a 1 2)) demod (79) flip a]

given #747 (wt=11): 14383 x ^ ((y v x) ' ^ z) ' = x.  [para (14373 (a 1) 79 (a 1 2)) demod (25) flip a]

given #748 (wt=11): 14384 x ^ ((x ' ^ y) ' v z) = x.  [para (14373 (a 1) 116 (a 1 2)) demod (14 14373)]

given #749 (wt=11): 14385 x ^ (y v (x ' ^ z) ') = x.  [para (14373 (a 1) 384 (a 1 2)) demod (14 14373)]

given #750 (wt=11): 14389 x ^ (y ^ (z ^ x ')) ' = x.  [para (107 (a 1) 14373 (a 1 2 1))]

given #751 (wt=17): 386 ((x v y) ^ z) v (u ^ (y ^ z)) = (x v y) ^ z.  [para (79 (a 1) 85 (a 1 2 2))]

given #752 (wt=11): 14458 x ^ (y ^ (x v z) ') ' = x.  [para (14375 (a 1) 27 (a 1 2)) demod (16) flip a]

given #753 (wt=11): 14461 x ^ (y ^ (z v x) ') ' = x.  [para (14375 (a 1) 79 (a 1 2)) demod (25) flip a]

given #754 (wt=11): 14462 x ^ ((y ^ x ') ' v z) = x.  [para (14375 (a 1) 116 (a 1 2)) demod (14 14375)]

given #755 (wt=11): 14463 x ^ (y v (z ^ x ') ') = x.  [para (14375 (a 1) 384 (a 1 2)) demod (14 14375)]

given #756 (wt=17): 387 x ^ (y ^ (z ^ (x ^ u))) = y ^ (z ^ (x ^ u)).  [para (85 (a 1) 79 (a 1 2 1)) demod (24 15 15 15 15)]

given #757 (wt=11): 14631 x v (y ' ^ (x v y)) ' = 1.  [para (12787 (a 1) 14206 (a 1 2 1 2 2))]

given #758 (wt=11): 14652 x v (y ' ^ (y v x)) ' = 1.  [para (12787 (a 1) 14215 (a 1 2 1 2 1))]

given #759 (wt=11): 14831 x v ((x v y) ^ y ') ' = 1.  [para (14 (a 1) 14631 (a 1 2 1))]

given #760 (wt=11): 14855 x v ((y v x) ^ y ') ' = 1.  [para (14 (a 1) 14652 (a 1 2 1))]

given #761 (wt=19): 388 (x v y) ^ (((x ^ z) v y) ^ u) = ((x ^ z) v y) ^ u.  [para (29 (a 1) 79 (a 1 2 1)) demod (24)]

given #762 (wt=12): 12557 x ' v (y ^ x) ' = (y ^ x) '.  [para (10454 (a 1) 12456 (a 1 2 1)) demod (10691 12)]

given #763 (wt=12): 12563 x ' ^ (y v x) ' = (y v x) '.  [para (12468 (a 1) 25 (a 1 2)) demod (14)]

given #764 (wt=12): 12567 (x v y) ' ^ (z v y ') ' = 0.  [para (12468 (a 1) 121 (a 1 2 1 2))]

given #765 (wt=12): 12571 x ' v ((y v x) ' ^ z) = x '.  [para (12468 (a 1) 169 (a 1 2)) demod (12 12468)]

given #766 (wt=23): 391 (x v y) ^ ((y v ((x v y) ^ z)) ^ u) = (y v ((x v y) ^ z)) ^ u.  [para (30 (a 1) 79 (a 1 2 1)) demod (24)]

given #767 (wt=12): 12573 x ' v (y ^ (z v x) ') = x '.  [para (12468 (a 1) 478 (a 1 2)) demod (12 12468)]

given #768 (wt=12): 12576 x ' v ((y v x) ' ^ z) ' = 1.  [para (12468 (a 1) 1022 (a 1 2)) demod (12)]

given #769 (wt=12): 12577 x ' v (y ^ (z v x) ') ' = 1.  [para (12468 (a 1) 1023 (a 1 2)) demod (12)]

given #770 (wt=12): 12808 (x v y) ^ (x v (x v y) ') = x.  [back_demod 10413 demod (12787) flip a]

given #771 (wt=19): 396 (x v y) ^ ((x v (y ^ z)) ^ u) = (x v (y ^ z)) ^ u.  [para (63 (a 1) 79 (a 1 2 1)) demod (24)]

given #772 (wt=12): 12809 (x v y) ^ (y v (x v y) ') = y.  [back_demod 10412 demod (12787) flip a]

given #773 (wt=12): 12836 (x ' v y) ' ^ (z v x) ' = 0.  [para (12827 (a 1) 121 (a 1 2 1 2))]

given #774 (wt=12): 12846 x v ((x ' v y) ' ^ z) ' = 1.  [para (12827 (a 1) 1022 (a 1 2)) demod (12)]

given #775 (wt=12): 12847 x v (y ^ (x ' v z) ') ' = 1.  [para (12827 (a 1) 1023 (a 1 2)) demod (12)]

given #776 (wt=33): 398 x ^ (y ^ ((z v (x ^ (y ^ ((x ^ (y ^ z)) v (u ^ v))))) ^ w)) = x ^ (y ^ ((z v (u ^ v)) ^ w)).  [para (44 (a 1) 15 (a 1)) demod (15 15 15) flip a]

given #777 (wt=12): 12932 (x v y ') ' ^ (z v y) ' = 0.  [para (12828 (a 1) 121 (a 1 2 1 2))]

given #778 (wt=12): 12942 x v ((y v x ') ' ^ z) ' = 1.  [para (12828 (a 1) 1022 (a 1 2)) demod (12)]

given #779 (wt=12): 12943 x v (y ^ (z v x ') ') ' = 1.  [para (12828 (a 1) 1023 (a 1 2)) demod (12)]

given #780 (wt=12): 13023 x ' ^ (y v (x v y) ') ' = 0.  [para (36 (a 1) 12821 (a 1 2 2)) demod (14 59)]

given #781 (wt=21): 399 x ^ ((y v (x ^ ((x ^ y) v z))) ^ u) = x ^ ((y v z) ^ u).  [para (16 (a 1) 44 (a 1 2 1 2 2 2)) demod (16)]

given #782 (wt=12): 13026 x ' ^ (y v (y v x) ') ' = 0.  [para (157 (a 1) 12821 (a 1 2 2)) demod (14 59)]

given #783 (wt=12): 13027 x ' ^ ((x ^ y) ' v z) ' = 0.  [para (166 (a 1) 12821 (a 1 2 2)) demod (14 59)]

given #784 (wt=12): 13028 x ' ^ (y v (x ^ z) ') ' = 0.  [para (167 (a 1) 12821 (a 1 2 2)) demod (14 59)]

given #785 (wt=12): 13029 x ' ^ ((y ^ x) ' v z) ' = 0.  [para (176 (a 1) 12821 (a 1 2 2)) demod (14 59)]

given #786 (wt=23): 401 x ^ ((x ' v (x ^ (y ^ z))) ^ u) = x ^ ((x ' v (y ^ z)) ^ u).  [para (19 (a 1) 44 (a 1 2 1 2 2 1)) demod (60)]

given #787 (wt=10): 15027 x ^ (x ' v y) = x ^ y.  [back_demod 612 demod (15020 52) flip a]

given #788 (wt=10): 15028 x ^ (y v x ') = x ^ y.  [para (12 (a 1) 15027 (a 1 2))]

given #789 (wt=11): 15033 x ^ (y v (x ' v y) ') = x.  [para (36 (a 1) 15027 (a 1 2)) demod (37) flip a]

given #790 (wt=11): 15036 x ^ (y v (y v x ') ') = x.  [para (157 (a 1) 15027 (a 1 2)) demod (37) flip a]

given #791 (wt=29): 404 x ^ (y ^ ((z v (x ^ ((x ^ z) v (u ^ v)))) ^ w)) = y ^ (x ^ ((z v (u ^ v)) ^ w)).  [para (44 (a 1) 24 (a 1 2)) flip a]

given #792 (wt=11): 15145 x ' ^ (x v y) = x ' ^ y.  [para (12787 (a 1) 15027 (a 1 2 1))]

given #793 (wt=11): 15171 x ' ^ (y v x) = x ' ^ y.  [para (12787 (a 1) 15028 (a 1 2 2))]

given #794 (wt=11): 15176 (x v y) ^ y ' = x ^ y '.  [para (14831 (a 1) 15028 (a 1 2)) demod (14 59 14 27)]

given #795 (wt=11): 15177 (x v y) ^ x ' = y ^ x '.  [para (14855 (a 1) 15028 (a 1 2)) demod (14 59 14 79)]

given #796 (wt=31): 405 x ^ (((y ^ z) v (x ^ ((y ^ (x ^ z)) v (u ^ v)))) ^ w) = x ^ (((y ^ z) v (u ^ v)) ^ w).  [para (24 (a 1) 44 (a 1 2 1 2 2 1))]

given #797 (wt=11): 15180 x v (y ' v x) ' = x v y.  [para (15033 (a 1) 31 (a 1 2)) demod (12 12831) flip a]

given #798 (wt=10): 15449 (x ' v y) ^ (y v x) = y.  [para (15180 (a 1) 15028 (a 1 2)) demod (14 25)]

given #799 (wt=10): 15452 (x ^ y) v (y ' ^ x) = x.  [para (15180 (a 1) 15180 (a 1 2 1)) demod (15450 12787 15450 15450 12787 12 17)]

given #800 (wt=10): 15453 x v (x ' ^ y) = x v y.  [para (15180 (a 1) 15180 (a 2)) demod (15450 12 14300 12787)]

given #801 (wt=37): 407 (x ^ ((y v (z ^ u)) ^ v)) v ((y v (x ^ ((x ^ y) v (z ^ u)))) ^ v) = (y v (x ^ ((x ^ y) v (z ^ u)))) ^ v.  [para (44 (a 1) 31 (a 1 2)) demod (12)]

given #802 (wt=10): 15491 (x v y) ^ (x v y ') = x.  [back_demod 14973 demod (15443)]

given #803 (wt=10): 15552 (x v y) ^ (x ' v y) = y.  [para (12 (a 1) 15449 (a 1 2)) demod (14)]

-------- Proof 1 -------- (43.98 + 0.86 seconds) 

-------- PROOF --------
Length of proof is 134.
Maximum clause weight is 26.
10 x ^ (y v (z ^ u)) = x ^ (y v (x ^ ((x ^ y) v (z ^ u)))) # label(H65).  [input]
12 x v y = y v x.  [input]
13 (x v y) v z = x v (y v z).  [input]
14 x ^ y = y ^ x.  [input]
15 (x ^ y) ^ z = x ^ (y ^ z).  [input]
16 x ^ (x v y) = x.  [input]
17 x v (x ^ y) = x.  [input]
18 x v x ' = 1.  [input]
19 x ^ x ' = 0.  [input]
20 x v y != 1 | x ^ y != 0 | x ' = y.  [input]
21 x ^ (y v (x ^ ((x ^ y) v (z ^ u)))) = x ^ (y v (z ^ u)) # label(H65).  [copy 10 flip a]
22 A ^ (B v C) != (A ^ B) v (A ^ C) # label(dist).  [input]
23 x v (y v z) = y v (x v z).  [para (12 (a 1) 13 (a 1 1)) demod (13)]
24 x ^ (y ^ z) = y ^ (x ^ z).  [para (14 (a 1) 15 (a 1 1)) demod (15)]
25 x ^ (y v x) = x.  [para (12 (a 1) 16 (a 1 2))]
26 (x v y) ^ (x v (y v z)) = x v y.  [para (13 (a 1) 16 (a 1 2))]
27 x ^ ((x v y) ^ z) = x ^ z.  [para (16 (a 1) 15 (a 1 1)) flip a]
28 x ^ (y ^ ((x ^ y) v z)) = x ^ y.  [para (16 (a 1) 15 (a 1)) flip a]
29 x v ((x ^ y) v z) = x v z.  [para (17 (a 1) 13 (a 1 1)) flip a]
31 x v (y ^ x) = x.  [para (14 (a 1) 17 (a 1 2))]
33 x ^ x = x.  [para (17 (a 1) 16 (a 1 2))]
34 x v x = x.  [para (16 (a 1) 17 (a 1 2))]
35 x v (x ' v y) = 1 v y.  [para (18 (a 1) 13 (a 1 1)) flip a]
36 x v (y v (x v y) ') = 1.  [para (18 (a 1) 13 (a 1)) flip a]
37 x ^ 1 = x.  [para (18 (a 1) 16 (a 1 2))]
38 x ^ (x ' ^ y) = 0 ^ y.  [para (19 (a 1) 15 (a 1 1)) flip a]
40 x v 0 = x.  [para (19 (a 1) 17 (a 1 2))]
41 x ^ (y v (x ^ ((z ^ u) v (x ^ y)))) = x ^ (y v (z ^ u)).  [para (12 (a 1) 21 (a 1 2 2 2))]
43 x ^ (y v (x ^ ((y ^ x) v (z ^ u)))) = x ^ (y v (z ^ u)).  [para (14 (a 1) 21 (a 1 2 2 2 1))]
44 x ^ ((y v (x ^ ((x ^ y) v (z ^ u)))) ^ v) = x ^ ((y v (z ^ u)) ^ v).  [para (21 (a 1) 15 (a 1 1)) demod (15) flip a]
46 x ^ (y v (x ^ ((x ^ y) v z))) = x ^ (y v z).  [para (16 (a 1) 21 (a 1 2 2 2 2)) demod (16)]
52 x ^ (x ^ y) = x ^ y.  [para (33 (a 1) 15 (a 1 1)) flip a]
54 x ^ (y ^ x) = y ^ x.  [para (33 (a 1) 15 (a 2 2)) demod (14)]
56 x v (x v y) = x v y.  [para (34 (a 1) 13 (a 1 1)) flip a]
58 x v (y v x) = y v x.  [para (34 (a 1) 13 (a 2 2)) demod (12)]
59 1 ^ x = x.  [para (37 (a 1) 14 (a 1)) flip a]
60 0 v x = x.  [para (40 (a 1) 12 (a 1)) flip a]
64 x v (y v x ') = y v 1.  [para (18 (a 1) 23 (a 1 2)) flip a]
65 1 ' = 0.  [hyper (20 a 40 a b 59 a)]
66 1 v x = 1.  [para (59 (a 1) 16 (a 1))]
67 x v (x ' v y) = 1.  [back_demod 35 demod (66)]
69 0 ^ x = 0.  [para (60 (a 1) 16 (a 1 2))]
70 x ^ (x ' ^ y) = 0.  [back_demod 38 demod (69)]
71 x ^ (y ^ (x v z)) = y ^ x.  [para (16 (a 1) 24 (a 1 2)) flip a]
74 x v 1 = 1.  [para (66 (a 1) 12 (a 1)) flip a]
75 x v (y v x ') = 1.  [back_demod 64 demod (74)]
76 x ^ 0 = 0.  [para (69 (a 1) 14 (a 1)) flip a]
79 x ^ ((y v x) ^ z) = x ^ z.  [para (25 (a 1) 15 (a 1 1)) flip a]
82 x ^ (y ^ (z v x)) = y ^ x.  [para (25 (a 1) 24 (a 1 2)) flip a]
83 x v ((y ^ x) v z) = x v z.  [para (31 (a 1) 13 (a 1 1)) flip a]
85 x v (y ^ (z ^ x)) = x.  [para (15 (a 1) 31 (a 1 2))]
86 x v (y v (z ^ x)) = y v x.  [para (31 (a 1) 23 (a 1 2)) flip a]
87 (x ^ y) v (x ^ (z ^ y)) = x ^ y.  [para (24 (a 1) 31 (a 1 2))]
97 (x v y) ^ ((x v (y v z)) ^ u) = (x v y) ^ u.  [para (26 (a 1) 15 (a 1 1)) flip a]
107 x ^ (y ^ (z ^ x)) = y ^ (z ^ x).  [para (15 (a 1) 54 (a 1 2)) demod (15)]
128 (x v y) ^ (y v x) = x v y.  [para (58 (a 1) 26 (a 1 2))]
163 x v (x ^ y) ' = 1.  [para (18 (a 1) 29 (a 1 2)) demod (74) flip a]
173 x v (y ^ x) ' = 1.  [para (14 (a 1) 163 (a 1 2 1))]
174 (x ^ y) v (x ^ (y ^ z)) ' = 1.  [para (15 (a 1) 163 (a 1 2 1))]
176 x v ((y ^ x) ' v z) = 1.  [para (173 (a 1) 13 (a 1 1)) demod (66) flip a]
242 x ^ (y v (x ^ (z v (x ^ y)))) = x ^ (y v z).  [para (16 (a 1) 41 (a 1 2 2 2 1)) demod (16)]
332 x ' ^ (y ^ (x v (x ' ^ (y ^ (z ^ u))))) = x ' ^ (y ^ (x v (z ^ u))).  [para (70 (a 1) 43 (a 1 2 2 2 1)) demod (60 15 15 15)]
375 (x ^ (y v z)) v (x ^ y) ' = 1.  [para (71 (a 1) 173 (a 1 2 1))]
381 (x v y) ^ ((x v (z v y)) ^ u) = (x v y) ^ u.  [para (23 (a 1) 79 (a 1 2 1))]
384 (x v y) ^ (z ^ y) = z ^ y.  [para (54 (a 1) 79 (a 2)) demod (107)]
389 ((x v y) ^ z) v (y ^ z) ' = 1.  [para (79 (a 1) 173 (a 1 2 1))]
401 x ^ ((x ' v (x ^ (y ^ z))) ^ u) = x ^ ((x ' v (y ^ z)) ^ u).  [para (19 (a 1) 44 (a 1 2 1 2 2 1)) demod (60)]
473 x v (y v ((z ^ x) v u)) = y v (x v u).  [para (83 (a 1) 23 (a 1 2)) flip a]
585 x v (y v (z ^ (y v x))) = x v y.  [para (128 (a 1) 85 (a 1 2 2)) demod (13)]
612 x ^ (x ' v (x ^ y)) = x ^ (x ' v y).  [para (19 (a 1) 46 (a 1 2 2 2 1)) demod (60)]
620 x ^ (y v (x ^ (y v z))) = x ^ (y v z).  [para (56 (a 1) 46 (a 2 2)) demod (23 83)]
706 (x v (y v z)) ^ (z v y) = z v y.  [para (128 (a 1) 384 (a 1 2)) demod (128)]
892 (x ^ y) v (x ^ ((x ^ y) v z)) = x ^ ((x ^ y) v z).  [para (28 (a 1) 87 (a 1 2)) demod (12)]
928 (x ^ y) v (y ^ x) ' = 1.  [para (54 (a 1) 174 (a 1 2 1))]
933 (x ^ y) v ((y ^ x) ' v z) = 1.  [para (928 (a 1) 13 (a 1 1)) demod (66) flip a]
1405 x ' ^ (y ^ x) = 0.  [para (107 (a 1) 70 (a 1))]
1740 (x ^ y) ' v (x ^ (y v z)) = 1.  [para (375 (a 1) 12 (a 1)) flip a]
1759 (x ^ y) ' v ((z v x) ^ y) = 1.  [para (389 (a 1) 12 (a 1)) flip a]
1767 ((x v y) ^ (z v y)) v y ' = 1.  [para (25 (a 1) 389 (a 1 2 1))]
4315 x ' v ((y v x) ^ (x v z)) = 1.  [para (16 (a 1) 1759 (a 1 1 1))]
6675 (x v y) ^ ((z ^ y) v x) = (z ^ y) v x.  [para (86 (a 1) 706 (a 1 1))]
10113 x ' ^ (y ^ (x v (y ' ^ z))) = 0.  [para (70 (a 1) 332 (a 1 2 2 2 2)) demod (14 69 40 1405) flip a]
10193 x ' ^ (y ^ (x v y ')) = 0.  [para (16 (a 1) 10113 (a 1 2 2 2))]
10205 x ^ (x ' ^ y) ' ' = 0.  [para (1740 (a 1) 10113 (a 1 2 2)) demod (37 14)]
10212 x ^ x ' ' ' = 0.  [para (16 (a 1) 10205 (a 1 2 1 1))]
10412 x ' ' = (y v x) ^ (x v (y v x) ').  [hyper (20 a 4315 a b 10193 a)]
10421 x ' ^ (x v x ' ') = 0.  [para (10193 (a 1) 52 (a 1)) flip a]
10422 x ' ^ (x v (x ' v y) ') = 0.  [para (10193 (a 1) 27 (a 1)) flip a]
10437 x v x ' ' = x ' '.  [hyper (20 a 75 a b 10421 a) flip a]
10442 x v (y v x ' ') = y v x ' '.  [para (10437 (a 1) 23 (a 1 2)) flip a]
10443 x v x ' ' ' = 1.  [para (10437 (a 1) 67 (a 1 2))]
10445 x ^ (x ' ' ^ y) = x ^ y.  [para (10437 (a 1) 27 (a 1 2 1))]
10448 (x ^ y) v x ' ' = x ' '.  [para (10437 (a 1) 29 (a 2)) demod (10442)]
10691 x ' ' ' = x '.  [hyper (20 a 10443 a b 10212 a) flip a]
11715 x ^ (y ^ (x ' v y ')) = 0.  [para (10193 (a 1) 10445 (a 1 2)) demod (76) flip a]
12332 x ^ (x ' v (x v y) ') = 0.  [para (11715 (a 1) 27 (a 1)) flip a]
12456 x ' v (x v y) ' = x '.  [hyper (20 a 933 a b 12332 a) demod (33 33 33) flip a]
12468 x ' v (y v x) ' = x '.  [para (12 (a 1) 12456 (a 1 2 1))]
12556 x ' v (x ^ y) ' = (x ^ y) '.  [para (10448 (a 1) 12456 (a 1 2 1)) demod (10691 12)]
12563 x ' ^ (y v x) ' = (y v x) '.  [para (12468 (a 1) 25 (a 1 2)) demod (14)]
12787 x ' ' = x.  [hyper (20 a 36 a b 10422 a) demod (12 18 65 40)]
12809 (x v y) ^ (y v (x v y) ') = y.  [back_demod 10412 demod (12787) flip a]
12827 x v (x ' v y) ' = x.  [para (12787 (a 1) 12456 (a 1 1)) demod (12787)]
12831 x v (y v (x ' v z) ') = y v x.  [para (12827 (a 1) 23 (a 1 2)) flip a]
14193 x ' ^ (x ^ y) ' = x '.  [para (12556 (a 1) 16 (a 1 2))]
14322 x ' ^ (y ^ x) ' = x '.  [para (14 (a 1) 14193 (a 1 2 1))]
14532 x ' ^ (y ^ (z ^ x) ') = y ^ x '.  [para (14322 (a 1) 24 (a 1 2)) flip a]
14985 x ^ ((x ^ y) v x ') = x ^ y.  [para (17 (a 1) 12809 (a 1 1)) demod (17)]
15020 x ^ (x ' v (y ^ z)) = x ^ (y ^ z).  [para (128 (a 1) 401 (a 1 2)) demod (612 6675 14985)]
15027 x ^ (x ' v y) = x ^ y.  [back_demod 612 demod (15020 52) flip a]
15028 x ^ (y v x ') = x ^ y.  [para (12 (a 1) 15027 (a 1 2))]
15033 x ^ (y v (x ' v y) ') = x.  [para (36 (a 1) 15027 (a 1 2)) demod (37) flip a]
15145 x ' ^ (x v y) = x ' ^ y.  [para (12787 (a 1) 15027 (a 1 2 1))]
15180 x v (y ' v x) ' = x v y.  [para (15033 (a 1) 31 (a 1 2)) demod (12 12831) flip a]
15449 (x ' v y) ^ (y v x) = y.  [para (15180 (a 1) 15028 (a 1 2)) demod (14 25)]
15450 (x ' v y) ' = y ' ^ x.  [para (15180 (a 1) 15145 (a 1 2)) demod (15145 12563) flip a]
15452 (x ^ y) v (y ' ^ x) = x.  [para (15180 (a 1) 15180 (a 1 2 1)) demod (15450 12787 15450 15450 12787 12 17)]
15552 (x v y) ^ (x ' v y) = y.  [para (12 (a 1) 15449 (a 1 2)) demod (14)]
15568 x v ((y ^ x ') ' v z) = (y ^ x ') ' v z.  [para (176 (a 1) 15449 (a 1 1)) demod (12 59)]
15606 x v ((y v x) ^ (z v x)) = (y v x) ^ (z v x).  [para (1767 (a 1) 15449 (a 1 2)) demod (12787 14 59)]
17186 x ' v (x ^ (x ^ y) ') = (x ^ y) '.  [para (14193 (a 1) 15452 (a 1 2)) demod (14 12)]
17196 x ^ (x ^ y) ' = x ^ y '.  [para (15452 (a 1) 15145 (a 1 2)) demod (14 14 15 14532)]
17227 (x ^ y) ' = x ' v (x ^ y ').  [back_demod 17186 demod (17196) flip a]
17469 x ' v ((x ^ y) v z) = x ' v (y v z).  [back_demod 15568 demod (17227 12787 13 473 17227 12787 13) flip a]
19993 (x v y) ^ (x ' v (z v y)) = (x ^ z) v y.  [para (29 (a 1) 15552 (a 1 1)) demod (17469)]
20005 (x v y) ^ (x ' v (y v z)) = (x v y) ^ (y v z).  [para (15552 (a 1) 97 (a 1 2)) flip a]
20028 (x v y) ^ (y v (z ^ (y v x))) = y v (z ^ (y v x)).  [para (585 (a 1) 15552 (a 1 1)) demod (20005)]
20060 (x v y) ^ (x ' v ((x v y) ^ (z v y))) = (x v y) ^ (y v z).  [para (15552 (a 1) 242 (a 1 2 2 2 2)) demod (13 15606 13 20005)]
20073 (x v y) ^ (z v y) = (x ^ z) v y.  [para (15552 (a 1) 381 (a 1 2)) demod (19993)]
20082 (x v y) ^ (y v z) = (x ^ z) v y.  [back_demod 20060 demod (20073 17469 19993) flip a]
20090 x v (y ^ (x v z)) = (y ^ z) v x.  [back_demod 20028 demod (20082 82) flip a]
20269 x ^ ((x ^ y) v z) = (x ^ z) v (x ^ y).  [back_demod 892 demod (20090) flip a]
20270 x ^ (y v z) = (x ^ y) v (x ^ z).  [back_demod 620 demod (20090 20269) flip a]
20271 $F.  [resolve (20270 a 22 a)]

-------- end of proof  -------

Given=803. Generated=760133. Kept=20259. Proofs=1.
Usable=220. Sos=4625. Demods=4870. Goals=0. Limbo=180, Disabled=15244. Hints=0.
Weight_deleted=573. Literals_deleted=0.
Forward_subsumed=650924. Back_subsumed=94.
Sos_limit_deleted=88377. Sos_displaced=1864. Sos_removed=0.
New_demodulators=19985 (4 lex), Back_demodulated=13275. Back_unit_deleted=0.
Demod_attempts=12504715. Demod_rewrites=2533354.
Res_instance_prunes=0. Para_instance_prunes=0. Basic_paramod_prunes=0.
Nonunit_fsub_feature_tests=0. Nonunit_bsub_feature_tests=1.
Megabytes=12.17.
User_CPU=43.98, System_CPU=0.86, Wall_clock=50.

THEOREM PROVED

Exiting with 1 proof.

Process 10960 exit (max_proofs) Fri Jul 15 15:31:23 2005
