----- Prover9 July-2005X, 13 July 2005 -----
Process 10912 was started by mccune on gyro.thornwood,
Fri Jul 15 15:24:19 2005
The command was "prover9 -f H39-H3.in".

% Reading from file H39-H3.in

set(auto).
    % set(auto) -> set(auto1).
    % set(auto1) -> set(auto_inference).
    % set(auto1) -> set(fof_reduction).
    % set(auto1) -> set(predicate_elimination).
    % set(auto1) -> set(unfold_eq).
    % set(unfold_eq) -> assign(unfold_eq_limit, 2147483647).
    % set(unfold_eq) -> clear(fold_eq).
    % set(auto1) -> set(inverse_order).
    % set(auto1) -> assign(new_constants, 1).
    % assign(new_constants, 1) -> clear(x_proofs).
    % assign(new_constants, 1) -> clear(rx_proofs).
    % set(auto1) -> assign(lex_dep_demod_lim, 11).
    % set(auto1) -> set(lex_dep_demod_sane).
    % set(auto1) -> assign(max_weight, 100).
    % set(auto1) -> assign(age_part, 1).
    % set(auto1) -> assign(weight_part, 2).
    % set(auto1) -> assign(weight_neg_part, 2).
    % set(auto1) -> assign(sos_limit, 10000).
    % set(auto1) -> clear(x_proofs).
    % set(auto1) -> assign(stats, lots).
    % set(auto1) -> assign(max_megs, 200).
    % set(auto1) -> clear(clocks).

clauses(sos).
x v y = y v x.
(x v y) v z = x v (y v z).
x ^ y = y ^ x.
(x ^ y) ^ z = x ^ (y ^ z).
x ^ (x v y) = x.
x v (x ^ y) = x.
x ^ (y v (z ^ (x v u))) = x ^ (y v (z ^ (u v (x ^ z)))) # label(H39).
A ^ (B v (A ^ C)) != A ^ (B v (C ^ (B v (A ^ (C v (A ^ B)))))) # label(H3).
end_of_list.

% Finished reading the input.

% Entering prover search function.
% Assigned IDs to 8 clauses.

% Predicate elimination: (none).
% Relation symbol precedence:  lex([ = ]).
% Function symbol precedence:  lex([ A, B, C, ^, v ]).
% After inverse_order: % Function symbol precedence:  lex([ A, B, C, ^, v ]).
% Unfolding symbols: (none).

% Auto inference settings:
  % set(paramodulation).  % (positive equality literals)
    % set(paramodulation) -> set(back_demod).

% Reasonable options, based on the structure of the clauses:
  % (nothing changed)

% Operation v is commutative; redundancy checks enabled.

% Operation v is associative-commutative; redundancy checks enabled.

% Operation ^ is commutative; redundancy checks enabled.

% Operation ^ is associative-commutative; redundancy checks enabled.

% Clauses after input processing:

clauses(usable).
end_of_list.

clauses(sos).
9 x v y = y v x.  [input]
10 (x v y) v z = x v (y v z).  [input]
11 x ^ y = y ^ x.  [input]
12 (x ^ y) ^ z = x ^ (y ^ z).  [input]
13 x ^ (x v y) = x.  [input]
14 x v (x ^ y) = x.  [input]
15 x ^ (y v (z ^ (u v (x ^ z)))) = x ^ (y v (z ^ (x v u))) # label(H39).  [copy 7 flip a]
16 A ^ (B v (C ^ (B v (A ^ (C v (A ^ B)))))) != A ^ (B v (A ^ C)) # label(H3).  [copy 8 flip a]
end_of_list.

clauses(demodulators).
9 x v y = y v x.  [input]
        % (lex-dep)
10 (x v y) v z = x v (y v z).  [input]
11 x ^ y = y ^ x.  [input]
        % (lex-dep)
12 (x ^ y) ^ z = x ^ (y ^ z).  [input]
13 x ^ (x v y) = x.  [input]
14 x v (x ^ y) = x.  [input]
end_of_list.

clauses(goals).
end_of_list.

% Starting search at 0.00 seconds.

given #1 (wt=7): 9 x v y = y v x.  [input]

given #2 (wt=11): 10 (x v y) v z = x v (y v z).  [input]

given #3 (wt=7): 11 x ^ y = y ^ x.  [input]

given #4 (wt=11): 12 (x ^ y) ^ z = x ^ (y ^ z).  [input]

given #5 (wt=7): 13 x ^ (x v y) = x.  [input]

given #6 (wt=7): 14 x v (x ^ y) = x.  [input]

given #7 (wt=21): 15 x ^ (y v (z ^ (u v (x ^ z)))) = x ^ (y v (z ^ (x v u))) # label(H39).  [copy 7 flip a]

given #8 (wt=23): 16 A ^ (B v (C ^ (B v (A ^ (C v (A ^ B)))))) != A ^ (B v (A ^ C)) # label(H3).  [copy 8 flip a]

given #9 (wt=5): 27 x ^ x = x.  [para (14 (a 1) 13 (a 1 2))]

given #10 (wt=5): 28 x v x = x.  [para (13 (a 1) 14 (a 1 2))]

given #11 (wt=11): 17 x v (y v z) = y v (x v z).  [para (9 (a 1) 10 (a 1 1)) demod (10)]

given #12 (wt=7): 19 x ^ (y v x) = x.  [para (9 (a 1) 13 (a 1 2))]

given #13 (wt=7): 25 x v (y ^ x) = x.  [para (11 (a 1) 14 (a 1 2))]

given #14 (wt=9): 42 x ^ (x ^ y) = x ^ y.  [para (27 (a 1) 12 (a 1 1)) flip a]

given #15 (wt=9): 44 x ^ (y ^ x) = y ^ x.  [para (27 (a 1) 12 (a 2 2)) demod (11)]

given #16 (wt=11): 18 x ^ (y ^ z) = y ^ (x ^ z).  [para (11 (a 1) 12 (a 1 1)) demod (12)]

given #17 (wt=9): 45 x v (x v y) = x v y.  [para (28 (a 1) 10 (a 1 1)) flip a]

given #18 (wt=9): 47 x v (y v x) = y v x.  [para (28 (a 1) 10 (a 2 2)) demod (9)]

given #19 (wt=9): 48 x ^ (y v (x v z)) = x.  [para (17 (a 1) 13 (a 1 2))]

given #20 (wt=9): 50 x ^ (y v (z v x)) = x.  [para (10 (a 1) 19 (a 1 2))]

given #21 (wt=13): 20 (x v y) ^ (x v (y v z)) = x v y.  [para (10 (a 1) 13 (a 1 2))]

given #22 (wt=9): 56 x v (y ^ (z ^ x)) = x.  [para (12 (a 1) 25 (a 1 2))]

given #23 (wt=9): 63 x v (y ^ (x ^ z)) = x.  [para (18 (a 1) 14 (a 1 2))]

given #24 (wt=11): 21 x ^ ((x v y) ^ z) = x ^ z.  [para (13 (a 1) 12 (a 1 1)) flip a]

given #25 (wt=11): 23 x v ((x ^ y) v z) = x v z.  [para (14 (a 1) 10 (a 1 1)) flip a]

given #26 (wt=13): 22 x ^ (y ^ ((x ^ y) v z)) = x ^ y.  [para (13 (a 1) 12 (a 1)) flip a]

given #27 (wt=11): 49 x v (y v (x ^ z)) = y v x.  [para (14 (a 1) 17 (a 1 2)) flip a]

given #28 (wt=11): 51 x ^ ((y v x) ^ z) = x ^ z.  [para (19 (a 1) 12 (a 1 1)) flip a]

given #29 (wt=11): 54 x v ((y ^ x) v z) = x v z.  [para (25 (a 1) 10 (a 1 1)) flip a]

given #30 (wt=11): 57 x v (y v (z ^ x)) = y v x.  [para (25 (a 1) 17 (a 1 2)) flip a]

given #31 (wt=13): 24 x v (y v ((x v y) ^ z)) = x v y.  [para (14 (a 1) 10 (a 1)) flip a]

given #32 (wt=11): 62 x ^ (y ^ (x v z)) = y ^ x.  [para (13 (a 1) 18 (a 1 2)) flip a]

given #33 (wt=11): 64 x ^ (y ^ (z v x)) = y ^ x.  [para (19 (a 1) 18 (a 1 2)) flip a]

given #34 (wt=11): 71 x ^ (y v (z v (x v u))) = x.  [para (10 (a 1) 48 (a 1 2))]

given #35 (wt=11): 75 x ^ (y v (z v (u v x))) = x.  [para (10 (a 1) 50 (a 1 2 2))]

given #36 (wt=13): 26 (x ^ y) v (x ^ (y ^ z)) = x ^ y.  [para (12 (a 1) 14 (a 1 2))]

given #37 (wt=11): 87 (x v y) ^ (y v x) = x v y.  [para (47 (a 1) 20 (a 1 2))]

given #38 (wt=11): 90 x v (y ^ (z ^ (u ^ x))) = x.  [para (12 (a 1) 56 (a 1 2 2))]

given #39 (wt=11): 97 x v (y ^ (z ^ (x ^ u))) = x.  [para (12 (a 1) 63 (a 1 2))]

given #40 (wt=11): 101 (x v y) ^ (z ^ x) = z ^ x.  [para (44 (a 1) 21 (a 2)) demod (61)]

given #41 (wt=21): 29 x ^ (y v (z ^ ((x ^ z) v u))) = x ^ (y v (z ^ (x v u))).  [para (9 (a 1) 15 (a 1 2 2 2))]

given #42 (wt=11): 108 (x ^ y) v (z v x) = z v x.  [para (47 (a 1) 23 (a 2)) demod (69)]

given #43 (wt=11): 125 (x v y) ^ (z ^ y) = z ^ y.  [para (44 (a 1) 51 (a 2)) demod (61)]

given #44 (wt=11): 136 (x ^ y) v (z v y) = z v y.  [para (47 (a 1) 54 (a 2)) demod (69)]

given #45 (wt=11): 200 (x ^ y) v (y ^ x) = x ^ y.  [para (44 (a 1) 26 (a 1 2))]

given #46 (wt=21): 30 x ^ ((y ^ (z v (x ^ y))) v u) = x ^ (u v (y ^ (x v z))).  [para (9 (a 1) 15 (a 1 2))]

given #47 (wt=25): 337 A ^ (B v (C ^ (B v (A ^ ((A ^ B) v (A ^ C)))))) != A ^ (B v (A ^ C)).  [para (30 (a 2) 16 (a 1 2 2)) demod (11 9)]

given #48 (wt=13): 52 x ^ (y ^ (z v (x ^ y))) = x ^ y.  [para (19 (a 1) 12 (a 1)) flip a]

given #49 (wt=13): 53 (x v y) ^ (x v (z v y)) = x v y.  [para (17 (a 1) 19 (a 1 2))]

given #50 (wt=13): 55 x v (y v (z ^ (x v y))) = x v y.  [para (25 (a 1) 10 (a 1)) flip a]

given #51 (wt=21): 31 x ^ (y v (z ^ (u v (x ^ z)))) = x ^ (y v (z ^ (u v x))).  [para (9 (a 1) 15 (a 2 2 2 2))]

given #52 (wt=13): 59 x ^ (y ^ (x ^ z)) = y ^ (x ^ z).  [para (42 (a 1) 12 (a 2 2)) demod (18 12)]

given #53 (wt=13): 61 x ^ (y ^ (z ^ x)) = y ^ (z ^ x).  [para (12 (a 1) 44 (a 1 2)) demod (12)]

given #54 (wt=13): 65 (x ^ y) v (x ^ (z ^ y)) = x ^ y.  [para (18 (a 1) 25 (a 1 2))]

given #55 (wt=13): 67 x v (y v (x v z)) = y v (x v z).  [para (45 (a 1) 10 (a 2 2)) demod (17 10)]

given #56 (wt=43): 38 x ^ (y v ((z v (u ^ (v v (x ^ u)))) ^ (w v (x ^ (z v (u ^ (x v v))))))) = x ^ (y v ((z v (u ^ (v v (x ^ u)))) ^ (x v w))).  [para (15 (a 1) 15 (a 1 2 2 2 2))]

given #57 (wt=13): 69 x v (y v (z v x)) = y v (z v x).  [para (10 (a 1) 47 (a 1 2)) demod (10)]

given #58 (wt=13): 72 x ^ ((y v (x v z)) ^ u) = x ^ u.  [para (48 (a 1) 12 (a 1 1)) flip a]

given #59 (wt=13): 74 x ^ (y ^ (z v (x v u))) = y ^ x.  [para (48 (a 1) 18 (a 1 2)) flip a]

given #60 (wt=13): 76 x ^ ((y v (z v x)) ^ u) = x ^ u.  [para (50 (a 1) 12 (a 1 1)) flip a]

given #61 (wt=39): 39 x ^ (y v ((z v (u ^ (x v v))) ^ (w v (x ^ (z v (u ^ (v v x))))))) = x ^ (y v ((z v (u ^ (x v v))) ^ (x v w))).  [para (15 (a 2) 15 (a 1 2 2 2 2)) demod (31)]

given #62 (wt=13): 79 x ^ (y ^ (z v (u v x))) = y ^ x.  [para (50 (a 1) 18 (a 1 2)) flip a]

given #63 (wt=13): 80 (x v y) ^ (y v (x v z)) = y v x.  [para (9 (a 1) 20 (a 1 1))]

given #64 (wt=13): 81 (x v y) ^ (y v (z v x)) = x v y.  [para (9 (a 1) 20 (a 1 2)) demod (10)]

given #65 (wt=13): 88 x v ((y ^ (z ^ x)) v u) = x v u.  [para (56 (a 1) 10 (a 1 1)) flip a]

given #66 (wt=29): 41 x ^ (y v (z ^ ((u ^ (v v (z ^ u))) v x))) = x ^ (y v (z ^ (x v (u ^ (z v v))))).  [para (15 (a 1) 15 (a 2 2 2)) demod (31)]

given #67 (wt=13): 91 x v (y v (z ^ (u ^ x))) = y v x.  [para (56 (a 1) 17 (a 1 2)) flip a]

given #68 (wt=13): 94 x v ((y ^ (x ^ z)) v u) = x v u.  [para (63 (a 1) 10 (a 1 1)) flip a]

given #69 (wt=13): 98 x v (y v (z ^ (x ^ u))) = y v x.  [para (63 (a 1) 17 (a 1 2)) flip a]

given #70 (wt=13): 110 x ^ (y ^ ((y ^ x) v z)) = x ^ y.  [para (11 (a 1) 22 (a 1 2 2 1))]

given #71 (wt=15): 70 (x v y) ^ (z v (x v (y v u))) = x v y.  [para (10 (a 1) 48 (a 1 2 2))]

given #72 (wt=13): 152 x v (y v ((y v x) ^ z)) = x v y.  [para (9 (a 1) 24 (a 1 2 2 1))]

given #73 (wt=13): 181 x ^ (y v (z v (u v (x v v)))) = x.  [para (10 (a 1) 71 (a 1 2 2))]

given #74 (wt=13): 185 x ^ (y v (z v (u v (v v x)))) = x.  [para (10 (a 1) 75 (a 1 2 2 2))]

given #75 (wt=13): 197 (x ^ y) v (y ^ (x ^ z)) = y ^ x.  [para (11 (a 1) 26 (a 1 1))]

given #76 (wt=15): 73 x ^ (y ^ (z v ((x ^ y) v u))) = x ^ y.  [para (48 (a 1) 12 (a 1)) flip a]

given #77 (wt=13): 198 (x ^ y) v (y ^ (z ^ x)) = x ^ y.  [para (11 (a 1) 26 (a 1 2)) demod (12)]

given #78 (wt=13): 211 x v (y v (z ^ (y v x))) = x v y.  [para (87 (a 1) 56 (a 1 2 2)) demod (10)]

given #79 (wt=13): 214 x v (y ^ (z ^ (u ^ (v ^ x)))) = x.  [para (12 (a 1) 90 (a 1 2 2 2))]

given #80 (wt=13): 220 x v (y ^ (z ^ (u ^ (x ^ v)))) = x.  [para (90 (a 1) 23 (a 1 2)) demod (14) flip a]

given #81 (wt=15): 77 x ^ (y ^ (z v (u v (x ^ y)))) = x ^ y.  [para (50 (a 1) 12 (a 1)) flip a]

given #82 (wt=13): 234 (x v (y v z)) ^ (u ^ y) = u ^ y.  [para (17 (a 1) 101 (a 1 1))]

given #83 (wt=13): 241 (x v (y v z)) ^ (y v x) = y v x.  [para (87 (a 1) 101 (a 1 2)) demod (10 87)]

given #84 (wt=13): 271 (x ^ (y ^ z)) v (u v y) = u v y.  [para (18 (a 1) 108 (a 1 1))]

given #85 (wt=13): 279 (x v (y v z)) ^ (u ^ z) = u ^ z.  [para (10 (a 1) 125 (a 1 1))]

given #86 (wt=15): 78 (x v y) ^ (z v (x v (u v y))) = x v y.  [para (17 (a 1) 50 (a 1 2 2))]

given #87 (wt=13): 294 (x v (y v z)) ^ (z v y) = z v y.  [para (87 (a 1) 125 (a 1 2)) demod (87)]

given #88 (wt=13): 298 (x ^ (y ^ z)) v (u v z) = u v z.  [para (12 (a 1) 136 (a 1 1))]

given #89 (wt=13): 320 x ^ (y ^ (z v (y ^ x))) = x ^ y.  [para (200 (a 1) 50 (a 1 2 2)) demod (12)]

given #90 (wt=13): 321 (x ^ (y ^ z)) v (y ^ x) = x ^ y.  [para (200 (a 1) 23 (a 2)) demod (12 316)]

given #91 (wt=19): 82 (x v (y v z)) ^ (x v (y v (z v u))) = x v (y v z).  [para (10 (a 1) 20 (a 1 1)) demod (10 10)]

given #92 (wt=13): 323 (x ^ (y ^ z)) v (z ^ y) = z ^ y.  [para (200 (a 1) 136 (a 1 2)) demod (200)]

given #93 (wt=13): 430 (x v y) ^ (z v (y v x)) = x v y.  [para (9 (a 1) 53 (a 1 2)) demod (10)]

given #94 (wt=13): 511 (x ^ y) v (z ^ (y ^ x)) = x ^ y.  [para (11 (a 1) 65 (a 1 2)) demod (12)]

given #95 (wt=13): 829 (x v (y v z)) ^ (z v x) = z v x.  [para (81 (a 1) 11 (a 1)) flip a]

given #96 (wt=17): 83 (x v y) ^ ((x v (y v z)) ^ u) = (x v y) ^ u.  [para (20 (a 1) 12 (a 1 1)) flip a]

given #97 (wt=13): 1234 (x ^ (y ^ z)) v (z ^ x) = z ^ x.  [para (198 (a 1) 9 (a 1)) flip a]

given #98 (wt=15): 85 (x v y) ^ (x v (z v (y v u))) = x v y.  [para (17 (a 1) 20 (a 1 2 2))]

given #99 (wt=15): 89 x v (y v (z ^ (u ^ (x v y)))) = x v y.  [para (56 (a 1) 10 (a 1)) flip a]

given #100 (wt=15): 92 (x ^ y) v (z ^ (x ^ (u ^ y))) = x ^ y.  [para (18 (a 1) 56 (a 1 2 2))]

given #101 (wt=19): 84 (x v (y v z)) ^ (y v (x v (z v u))) = y v (x v z).  [para (17 (a 1) 20 (a 1 1)) demod (10)]

given #102 (wt=15): 95 x v (y v (z ^ ((x v y) ^ u))) = x v y.  [para (63 (a 1) 10 (a 1)) flip a]

given #103 (wt=15): 96 (x ^ y) v (z ^ (x ^ (y ^ u))) = x ^ y.  [para (12 (a 1) 63 (a 1 2 2))]

given #104 (wt=15): 100 (x ^ y) v ((x v z) ^ y) = (x v z) ^ y.  [para (21 (a 1) 25 (a 1 2)) demod (9)]

given #105 (wt=15): 102 x ^ (y ^ ((x v z) ^ u)) = y ^ (x ^ u).  [para (21 (a 1) 18 (a 1 2)) flip a]

given #106 (wt=17): 86 (x v y) ^ (z ^ (x v (y v u))) = z ^ (x v y).  [para (20 (a 1) 18 (a 1 2)) flip a]

given #107 (wt=15): 106 x v (y v ((x ^ z) v u)) = y v (x v u).  [para (23 (a 1) 17 (a 1 2)) flip a]

given #108 (wt=15): 107 (x v y) ^ ((x ^ z) v y) = (x ^ z) v y.  [para (23 (a 1) 19 (a 1 2)) demod (11)]

given #109 (wt=15): 116 x ^ (y ^ (((x v z) ^ y) v u)) = x ^ y.  [para (22 (a 1) 21 (a 1 2)) demod (21) flip a]

given #110 (wt=13): 2316 x ^ (((x v y) ^ (x v z)) v u) = x.  [para (116 (a 1) 21 (a 1)) demod (13) flip a]

given #111 (wt=17): 93 x v (y v (z v (u ^ (x v y)))) = x v (y v z).  [para (20 (a 1) 56 (a 1 2 2)) demod (10 10)]

given #112 (wt=13): 2317 x ^ (((x v y) ^ (z v x)) v u) = x.  [para (116 (a 1) 51 (a 1)) demod (19) flip a]

given #113 (wt=13): 2370 x ^ (((y v x) ^ (x v z)) v u) = x.  [para (9 (a 1) 2316 (a 1 2 1 1))]

given #114 (wt=13): 2371 x ^ (y v ((x v z) ^ (x v u))) = x.  [para (9 (a 1) 2316 (a 1 2))]

given #115 (wt=13): 2470 x ^ (((y v x) ^ (z v x)) v u) = x.  [para (9 (a 1) 2317 (a 1 2 1 1))]

given #116 (wt=17): 99 x ^ (y ^ (((x ^ y) v z) ^ u)) = x ^ (y ^ u).  [para (21 (a 1) 12 (a 1)) demod (12) flip a]

given #117 (wt=13): 2471 x ^ (y v ((x v z) ^ (u v x))) = x.  [para (9 (a 1) 2317 (a 1 2))]

given #118 (wt=13): 2537 x ^ (y v ((z v x) ^ (x v u))) = x.  [para (9 (a 1) 2370 (a 1 2))]

given #119 (wt=13): 2617 x ^ (y v ((z v x) ^ (u v x))) = x.  [para (9 (a 1) 2470 (a 1 2))]

given #120 (wt=15): 118 x v (y v (z v (x ^ u))) = y v (z v x).  [para (10 (a 1) 49 (a 1 2)) demod (10)]

given #121 (wt=17): 103 ((x v y) ^ z) v (u ^ (x ^ z)) = (x v y) ^ z.  [para (21 (a 1) 56 (a 1 2 2))]

given #122 (wt=15): 120 (x v y) ^ (x v (y ^ z)) = x v (y ^ z).  [para (49 (a 1) 19 (a 1 2)) demod (11)]

given #123 (wt=15): 124 (x ^ y) v ((z v x) ^ y) = (z v x) ^ y.  [para (51 (a 1) 25 (a 1 2)) demod (9)]

given #124 (wt=15): 126 x ^ (y ^ ((z v x) ^ u)) = y ^ (x ^ u).  [para (51 (a 1) 18 (a 1 2)) flip a]

given #125 (wt=15): 130 x ^ (y ^ (((z v x) ^ y) v u)) = x ^ y.  [para (22 (a 1) 51 (a 1 2)) demod (51) flip a]

given #126 (wt=17): 104 x v (y v (((x v y) ^ z) v u)) = x v (y v u).  [para (23 (a 1) 10 (a 1)) demod (10) flip a]

given #127 (wt=15): 133 x v (y v ((z ^ x) v u)) = y v (x v u).  [para (54 (a 1) 17 (a 1 2)) flip a]

given #128 (wt=15): 134 (x v y) ^ ((z ^ x) v y) = (z ^ x) v y.  [para (54 (a 1) 19 (a 1 2)) demod (11)]

given #129 (wt=13): 3518 x ^ ((y ^ z) v (y ^ x)) = x ^ y.  [para (321 (a 1) 134 (a 1 2)) demod (11 12 2257 321)]

given #130 (wt=13): 3550 x ^ ((y ^ x) v (y ^ z)) = x ^ y.  [para (9 (a 1) 3518 (a 1 2))]

given #131 (wt=17): 105 (x ^ y) v ((x ^ (y ^ z)) v u) = (x ^ y) v u.  [para (12 (a 1) 23 (a 1 2 1))]

given #132 (wt=13): 3551 x ^ ((y ^ z) v (z ^ x)) = x ^ z.  [para (11 (a 1) 3518 (a 1 2 1))]

given #133 (wt=13): 3552 x ^ ((y ^ z) v (x ^ y)) = x ^ y.  [para (11 (a 1) 3518 (a 1 2 2))]

given #134 (wt=13): 3636 x ^ ((x ^ y) v (y ^ z)) = x ^ y.  [para (11 (a 1) 3550 (a 1 2 1))]

given #135 (wt=13): 3637 x ^ ((y ^ x) v (z ^ y)) = x ^ y.  [para (11 (a 1) 3550 (a 1 2 2))]

given #136 (wt=17): 109 ((x ^ y) v z) ^ (u v (x v z)) = (x ^ y) v z.  [para (23 (a 1) 50 (a 1 2 2))]

given #137 (wt=13): 3766 x ^ ((y ^ z) v (x ^ z)) = x ^ z.  [para (11 (a 1) 3551 (a 1 2 2))]

given #138 (wt=13): 3933 x ^ ((x ^ y) v (z ^ y)) = x ^ y.  [para (11 (a 1) 3636 (a 1 2 2))]

given #139 (wt=15): 143 x v (y v (z v (u ^ x))) = y v (z v x).  [para (10 (a 1) 57 (a 1 2)) demod (10)]

given #140 (wt=15): 144 (x v y) ^ (x v (z ^ y)) = x v (z ^ y).  [para (57 (a 1) 19 (a 1 2)) demod (11)]

given #141 (wt=19): 111 x ^ (y ^ (z ^ ((x ^ (y ^ z)) v u))) = x ^ (y ^ z).  [para (22 (a 1) 12 (a 1)) demod (12 12) flip a]

given #142 (wt=15): 158 x v (y v (((x ^ z) v y) ^ u)) = x v y.  [para (24 (a 1) 23 (a 1 2)) demod (23) flip a]

given #143 (wt=13): 4455 x v (((x ^ y) v (x ^ z)) ^ u) = x.  [para (158 (a 1) 23 (a 1)) demod (14) flip a]

given #144 (wt=13): 4457 x v (((x ^ y) v (z ^ x)) ^ u) = x.  [para (158 (a 1) 54 (a 1)) demod (25) flip a]

given #145 (wt=13): 4524 x v (((y ^ x) v (x ^ z)) ^ u) = x.  [para (11 (a 1) 4455 (a 1 2 1 1))]

given #146 (wt=19): 112 (x ^ y) v (y ^ ((x ^ y) v z)) = y ^ ((x ^ y) v z).  [para (22 (a 1) 25 (a 1 2)) demod (9)]

given #147 (wt=13): 4525 x v (y ^ ((x ^ z) v (x ^ u))) = x.  [para (11 (a 1) 4455 (a 1 2))]

given #148 (wt=13): 4584 x v (((y ^ x) v (z ^ x)) ^ u) = x.  [para (11 (a 1) 4457 (a 1 2 1 1))]

given #149 (wt=13): 4585 x v (y ^ ((x ^ z) v (u ^ x))) = x.  [para (11 (a 1) 4457 (a 1 2))]

given #150 (wt=13): 4696 x v (y ^ ((z ^ x) v (x ^ u))) = x.  [para (11 (a 1) 4524 (a 1 2))]

given #151 (wt=17): 113 x ^ (y ^ (z ^ ((x ^ z) v u))) = y ^ (x ^ z).  [para (22 (a 1) 18 (a 1 2)) flip a]

given #152 (wt=13): 4897 x v (y ^ ((z ^ x) v (u ^ x))) = x.  [para (11 (a 1) 4584 (a 1 2))]

given #153 (wt=15): 160 x v (y v (((z ^ x) v y) ^ u)) = x v y.  [para (24 (a 1) 54 (a 1 2)) demod (54) flip a]

given #154 (wt=15): 162 x ^ (y ^ (z ^ (x v u))) = y ^ (z ^ x).  [para (12 (a 1) 62 (a 1 2)) demod (12)]

given #155 (wt=15): 163 (x ^ y) v (x ^ (y v z)) = x ^ (y v z).  [para (62 (a 1) 25 (a 1 2)) demod (9)]

given #156 (wt=19): 114 x ^ (y ^ (z ^ ((y ^ (x ^ z)) v u))) = x ^ (y ^ z).  [para (18 (a 1) 22 (a 1 2 2 1)) demod (12)]

given #157 (wt=15): 168 x ^ (y ^ (z ^ (u v x))) = y ^ (z ^ x).  [para (12 (a 1) 64 (a 1 2)) demod (12)]

given #158 (wt=15): 170 (x ^ y) v (x ^ (z v y)) = x ^ (z v y).  [para (64 (a 1) 25 (a 1 2)) demod (9)]

given #159 (wt=13): 5800 x v ((y v x) ^ (y v z)) = x v y.  [para (80 (a 1) 170 (a 1 2)) demod (17 9 2087 80)]

given #160 (wt=13): 5880 x v ((x v y) ^ (y v z)) = x v y.  [para (9 (a 1) 5800 (a 1 2 1))]

given #161 (wt=21): 115 (x ^ ((y ^ x) v z)) v (u ^ (y ^ x)) = x ^ ((y ^ x) v z).  [para (22 (a 1) 56 (a 1 2 2))]

given #162 (wt=13): 5881 x v ((y v x) ^ (z v y)) = x v y.  [para (9 (a 1) 5800 (a 1 2 2))]

given #163 (wt=13): 5885 x v ((y v z) ^ (y v x)) = x v y.  [para (11 (a 1) 5800 (a 1 2))]

given #164 (wt=13): 5972 x v ((x v y) ^ (z v y)) = x v y.  [para (9 (a 1) 5880 (a 1 2 2))]

given #165 (wt=13): 5976 x v ((y v z) ^ (x v y)) = x v y.  [para (11 (a 1) 5880 (a 1 2))]

given #166 (wt=17): 117 x v (y v (z v ((x v y) ^ u))) = z v (x v y).  [para (49 (a 1) 10 (a 1)) flip a]

given #167 (wt=13): 6110 x v ((y v z) ^ (z v x)) = x v z.  [para (11 (a 1) 5881 (a 1 2))]

given #168 (wt=13): 6318 x v ((y v z) ^ (x v z)) = x v z.  [para (11 (a 1) 5972 (a 1 2))]

given #169 (wt=15): 173 x ^ (y ^ (z v (y ^ (x v u)))) = x ^ y.  [para (22 (a 1) 64 (a 2)) demod (29 18 12 99)]

given #170 (wt=15): 182 x ^ ((y v (z v (x v u))) ^ v) = x ^ v.  [para (71 (a 1) 12 (a 1 1)) flip a]

given #171 (wt=17): 119 (x ^ y) v (z v (x ^ (y ^ u))) = z v (x ^ y).  [para (12 (a 1) 49 (a 1 2 2))]

given #172 (wt=15): 184 x ^ (y ^ (z v (u v (x v v)))) = y ^ x.  [para (71 (a 1) 18 (a 1 2)) flip a]

given #173 (wt=15): 186 x ^ ((y v (z v (u v x))) ^ v) = x ^ v.  [para (75 (a 1) 12 (a 1 1)) flip a]

given #174 (wt=15): 190 x ^ (y ^ (z v (u v (v v x)))) = y ^ x.  [para (75 (a 1) 18 (a 1 2)) flip a]

given #175 (wt=15): 202 (x ^ y) v (x ^ (z ^ (y ^ u))) = x ^ y.  [para (18 (a 1) 26 (a 1 2 2))]

given #176 (wt=17): 121 (x v (y ^ z)) ^ (u v (x v y)) = x v (y ^ z).  [para (49 (a 1) 50 (a 1 2 2))]

given #177 (wt=15): 207 (x v y) ^ ((y v x) ^ z) = (x v y) ^ z.  [para (87 (a 1) 12 (a 1 1)) flip a]

given #178 (wt=15): 212 x v ((y ^ (z ^ (u ^ x))) v v) = x v v.  [para (90 (a 1) 10 (a 1 1)) flip a]

given #179 (wt=15): 215 x v (y v (z ^ (u ^ (v ^ x)))) = y v x.  [para (90 (a 1) 17 (a 1 2)) flip a]

given #180 (wt=15): 226 x v (y v (z ^ (u ^ (y v x)))) = x v y.  [para (87 (a 1) 90 (a 1 2 2 2)) demod (10)]

given #181 (wt=17): 122 x ^ (y ^ ((z v (x ^ y)) ^ u)) = x ^ (y ^ u).  [para (51 (a 1) 12 (a 1)) demod (12) flip a]

given #182 (wt=15): 227 x v ((y ^ (z ^ (x ^ u))) v v) = x v v.  [para (97 (a 1) 10 (a 1 1)) flip a]

given #183 (wt=15): 230 x v (y v (z ^ (u ^ (x ^ v)))) = y v x.  [para (97 (a 1) 17 (a 1 2)) flip a]

given #184 (wt=15): 232 (x v y) ^ (z ^ (x ^ u)) = z ^ (x ^ u).  [para (101 (a 1) 12 (a 1 1)) demod (12 12) flip a]

given #185 (wt=15): 233 (x v y) ^ (z ^ (u ^ x)) = z ^ (u ^ x).  [para (12 (a 1) 101 (a 1 2)) demod (12)]

given #186 (wt=17): 123 (x v y) ^ ((x v (z v y)) ^ u) = (x v y) ^ u.  [para (17 (a 1) 51 (a 1 2 1))]

given #187 (wt=15): 237 x ^ (y ^ ((x ^ (y v z)) v u)) = x ^ y.  [para (62 (a 1) 101 (a 1 2)) demod (11 12 62)]

given #188 (wt=15): 238 x ^ (y ^ ((x ^ (z v y)) v u)) = x ^ y.  [para (64 (a 1) 101 (a 1 2)) demod (11 12 64)]

given #189 (wt=15): 240 ((x v y) ^ z) v (z ^ x) = (x v y) ^ z.  [para (101 (a 1) 26 (a 1 2))]

given #190 (wt=15): 267 (x ^ y) v (z v (x v u)) = z v (x v u).  [para (108 (a 1) 10 (a 1 1)) demod (10 10) flip a]

given #191 (wt=17): 127 ((x v y) ^ z) v (u ^ (y ^ z)) = (x v y) ^ z.  [para (51 (a 1) 56 (a 1 2 2))]

given #192 (wt=15): 268 (x ^ y) v (z v (u v x)) = z v (u v x).  [para (10 (a 1) 108 (a 1 2)) demod (10)]

given #193 (wt=15): 273 ((x ^ y) v z) ^ (z v x) = (x ^ y) v z.  [para (108 (a 1) 20 (a 1 2))]

given #194 (wt=15): 274 x v (y v ((x v (y ^ z)) ^ u)) = x v y.  [para (49 (a 1) 108 (a 1 2)) demod (9 10 49)]

given #195 (wt=15): 275 x v (y v ((x v (z ^ y)) ^ u)) = x v y.  [para (57 (a 1) 108 (a 1 2)) demod (9 10 57)]

given #196 (wt=17): 128 x ^ (y ^ (z ^ (x ^ u))) = y ^ (z ^ (x ^ u)).  [para (56 (a 1) 51 (a 1 2 1)) demod (18 12 12 12 12)]

given #197 (wt=15): 277 (x v y) ^ (z ^ (y ^ u)) = z ^ (y ^ u).  [para (108 (a 1) 101 (a 1 1))]

given #198 (wt=15): 278 (x ^ y) v (z v (y v u)) = z v (y v u).  [para (101 (a 1) 108 (a 1 1))]

given #199 (wt=15): 280 (x v y) ^ (z ^ (u ^ y)) = z ^ (u ^ y).  [para (12 (a 1) 125 (a 1 2)) demod (12)]

given #200 (wt=15): 283 x ^ (y ^ (z v ((x v u) ^ y))) = x ^ y.  [para (21 (a 1) 125 (a 1 2)) demod (11 12 21)]

given #201 (wt=19): 129 (x v y) ^ (((x ^ z) v y) ^ u) = ((x ^ z) v y) ^ u.  [para (23 (a 1) 51 (a 1 2 1)) demod (18)]

given #202 (wt=15): 285 x ^ (y ^ (z v (x ^ (y v u)))) = y ^ x.  [para (22 (a 1) 125 (a 1 2)) demod (11 12 252 22)]

given #203 (wt=15): 287 x ^ (y ^ (z v ((u v x) ^ y))) = x ^ y.  [para (51 (a 1) 125 (a 1 2)) demod (11 12 51)]

given #204 (wt=15): 291 x ^ (y ^ (z v (x ^ (u v y)))) = x ^ y.  [para (64 (a 1) 125 (a 1 2)) demod (11 12 64)]

given #205 (wt=15): 293 ((x v y) ^ z) v (z ^ y) = (x v y) ^ z.  [para (125 (a 1) 26 (a 1 2))]

given #206 (wt=19): 131 (x v y) ^ ((x v (y ^ z)) ^ u) = (x v (y ^ z)) ^ u.  [para (49 (a 1) 51 (a 1 2 1)) demod (18)]

given #207 (wt=15): 297 (x ^ y) v (z v (u v y)) = z v (u v y).  [para (125 (a 1) 108 (a 1 1))]

given #208 (wt=15): 302 ((x ^ y) v z) ^ (z v y) = (x ^ y) v z.  [para (136 (a 1) 20 (a 1 2))]

given #209 (wt=15): 304 x v (y v (z ^ ((x ^ u) v y))) = x v y.  [para (23 (a 1) 136 (a 1 2)) demod (9 10 23)]

given #210 (wt=15): 306 x v (y v (z ^ (x v (y ^ u)))) = x v y.  [para (49 (a 1) 136 (a 1 2)) demod (9 10 49)]

given #211 (wt=17): 132 x v (y v ((z ^ (x v y)) v u)) = x v (y v u).  [para (54 (a 1) 10 (a 1)) demod (10) flip a]

given #212 (wt=15): 308 x v (y v (z ^ ((u ^ x) v y))) = x v y.  [para (54 (a 1) 136 (a 1 2)) demod (9 10 54)]

given #213 (wt=15): 309 x v (y v (z ^ (x v (u ^ y)))) = x v y.  [para (57 (a 1) 136 (a 1 2)) demod (9 10 57)]

given #214 (wt=15): 315 (x ^ y) v ((y ^ x) v z) = (x ^ y) v z.  [para (200 (a 1) 10 (a 1 1)) flip a]

given #215 (wt=15): 316 (x ^ y) v (z v (y ^ x)) = z v (y ^ x).  [para (200 (a 1) 10 (a 2 2)) demod (9)]

given #216 (wt=17): 135 (x ^ y) v ((x ^ (z ^ y)) v u) = (x ^ y) v u.  [para (18 (a 1) 54 (a 1 2 1))]

given #217 (wt=15): 322 x ^ (y ^ (z v (u v (y ^ x)))) = x ^ y.  [para (200 (a 1) 75 (a 1 2 2 2)) demod (12)]

given #218 (wt=15): 421 x ^ (y ^ (z v (y ^ (u v x)))) = x ^ y.  [para (52 (a 1) 64 (a 2)) demod (31 18 12 122)]

given #219 (wt=15): 432 (x v y) ^ (x v (z v (u v y))) = x v y.  [para (10 (a 1) 53 (a 1 2 2))]

given #220 (wt=15): 503 (x v (y v (z v u))) ^ (v ^ z) = v ^ z.  [para (71 (a 1) 61 (a 1 2 2)) demod (71)]

given #221 (wt=17): 137 ((x ^ y) v z) ^ (u v (y v z)) = (x ^ y) v z.  [para (54 (a 1) 50 (a 1 2 2))]

given #222 (wt=15): 504 (x v (y v (z v u))) ^ (v ^ u) = v ^ u.  [para (75 (a 1) 61 (a 1 2 2)) demod (75)]

given #223 (wt=15): 505 (x ^ y) v (x ^ (z ^ (u ^ y))) = x ^ y.  [para (61 (a 1) 26 (a 1 2 2))]

given #224 (wt=15): 506 (x v y) ^ (z ^ (y v x)) = z ^ (y v x).  [para (87 (a 1) 61 (a 1 2 2)) demod (87)]

given #225 (wt=15): 627 (x ^ (y ^ (z ^ u))) v (v v u) = v v u.  [para (90 (a 1) 69 (a 1 2 2)) demod (90)]

given #226 (wt=17): 138 x v (y v (z v (x v u))) = y v (z v (x v u)).  [para (50 (a 1) 54 (a 1 2 1)) demod (17 10 10 10 10)]

given #227 (wt=15): 628 (x ^ (y ^ (z ^ u))) v (v v z) = v v z.  [para (97 (a 1) 69 (a 1 2 2)) demod (97)]

given #228 (wt=15): 638 x ^ (y v (z v (u v (v v (x v w))))) = x.  [para (75 (a 1) 72 (a 1 2)) demod (48) flip a]

given #229 (wt=15): 639 (x v (y v (z v u))) ^ (z v y) = y v z.  [para (87 (a 1) 72 (a 2)) demod (10 506)]

given #230 (wt=15): 681 x ^ (y v (z v (u v (v v (w v x))))) = x.  [para (75 (a 1) 76 (a 1 2)) demod (50) flip a]

given #231 (wt=19): 139 (x ^ y) v (((x v z) ^ y) v u) = ((x v z) ^ y) v u.  [para (21 (a 1) 54 (a 1 2 1)) demod (17)]

given #232 (wt=15): 820 (x v y) ^ (y v (z v (x v u))) = y v x.  [para (17 (a 1) 80 (a 1 2 2))]

given #233 (wt=15): 825 (x v y) ^ (y v (z v (u v x))) = y v x.  [para (69 (a 1) 80 (a 1 2 2))]

given #234 (wt=15): 846 (x v (y v (z v u))) ^ (z v x) = z v x.  [para (81 (a 1) 101 (a 1 2)) demod (10 10 81)]

given #235 (wt=15): 847 (x v (y v (z v u))) ^ (u v y) = u v y.  [para (81 (a 1) 125 (a 1 2)) demod (81)]

given #236 (wt=23): 140 (x ^ y) v ((y ^ ((x ^ y) v z)) v u) = (y ^ ((x ^ y) v z)) v u.  [para (22 (a 1) 54 (a 1 2 1)) demod (17)]

given #237 (wt=15): 873 x v (y ^ (z ^ (u ^ (v ^ (w ^ x))))) = x.  [para (90 (a 1) 88 (a 1 2)) demod (56) flip a]

given #238 (wt=15): 874 x v (y ^ (z ^ (u ^ (v ^ (x ^ w))))) = x.  [para (97 (a 1) 88 (a 1 2)) demod (56 12 12) flip a]

given #239 (wt=15): 1058 (x ^ (y ^ (z ^ u))) v (z ^ y) = y ^ z.  [para (200 (a 1) 94 (a 2)) demod (12 316)]

given #240 (wt=15): 1091 x ^ (y ^ (z v ((y ^ x) v u))) = x ^ y.  [para (17 (a 1) 110 (a 1 2 2))]

given #241 (wt=19): 141 (x v y) ^ (((z ^ x) v y) ^ u) = ((z ^ x) v y) ^ u.  [para (54 (a 1) 51 (a 1 2 1)) demod (18)]

given #242 (wt=15): 1096 x ^ (y ^ ((y ^ (x v z)) v u)) = x ^ y.  [para (110 (a 1) 21 (a 1 2)) demod (21) flip a]

given #243 (wt=15): 1097 x ^ (y ^ ((y ^ (z v x)) v u)) = x ^ y.  [para (110 (a 1) 51 (a 1 2)) demod (51) flip a]

given #244 (wt=15): 1117 (x v y) ^ (z v (y v (x v u))) = y v x.  [para (9 (a 1) 70 (a 1 1))]

given #245 (wt=15): 1118 (x v y) ^ (z v (y v (u v x))) = x v y.  [para (9 (a 1) 70 (a 1 2 2)) demod (10)]

given #246 (wt=19): 142 (x ^ y) v (((z v x) ^ y) v u) = ((z v x) ^ y) v u.  [para (51 (a 1) 54 (a 1 2 1)) demod (17)]

given #247 (wt=15): 1139 x v (y v (z ^ ((y v x) ^ u))) = x v y.  [para (18 (a 1) 152 (a 1 2 2))]

given #248 (wt=15): 1141 x v (y v ((y v (x ^ z)) ^ u)) = x v y.  [para (152 (a 1) 23 (a 1 2)) demod (23) flip a]

given #249 (wt=15): 1143 x v (y v ((y v (z ^ x)) ^ u)) = x v y.  [para (152 (a 1) 54 (a 1 2)) demod (54) flip a]

given #250 (wt=15): 1195 (x ^ y) v (y ^ (z ^ (x ^ u))) = y ^ x.  [para (18 (a 1) 197 (a 1 2 2))]

given #251 (wt=17): 145 (x ^ y) v (z v (x ^ (u ^ y))) = z v (x ^ y).  [para (18 (a 1) 57 (a 1 2 2))]

given #252 (wt=15): 1199 (x ^ y) v (y ^ (z ^ (u ^ x))) = y ^ x.  [para (61 (a 1) 197 (a 1 2 2))]

given #253 (wt=15): 1255 (x ^ (y ^ (z ^ u))) v (z ^ x) = z ^ x.  [para (198 (a 1) 108 (a 1 2)) demod (12 12 198)]

given #254 (wt=15): 1256 (x ^ (y ^ (z ^ u))) v (u ^ y) = u ^ y.  [para (198 (a 1) 136 (a 1 2)) demod (198)]

given #255 (wt=15): 1295 x v (y v (z ^ (y v (x ^ u)))) = x v y.  [para (211 (a 1) 23 (a 1 2)) demod (23) flip a]

given #256 (wt=17): 146 (x v (y ^ z)) ^ (u v (x v z)) = x v (y ^ z).  [para (57 (a 1) 50 (a 1 2 2))]

given #257 (wt=15): 1297 x v (y v (z ^ (y v (u ^ x)))) = x v y.  [para (211 (a 1) 54 (a 1 2)) demod (54) flip a]

given #258 (wt=15): 1427 (x v (y v (z v u))) ^ (u v x) = u v x.  [para (69 (a 1) 241 (a 1 1 2))]

low water: id=5672, wt=45

given #259 (wt=15): 1472 (x v (y v (z v u))) ^ (u v z) = u v z.  [para (87 (a 1) 279 (a 1 2)) demod (87)]

low water: id=5703, wt=43

low water: id=6099, wt=41

low water: id=6103, wt=39

low water: id=6104, wt=37

given #260 (wt=15): 1503 (x v y) ^ (z v (u v (y v x))) = x v y.  [para (9 (a 1) 78 (a 1 2 2)) demod (10)]

given #261 (wt=23): 149 (x ^ ((y ^ x) v z)) v (u v (y ^ x)) = u v (x ^ ((y ^ x) v z)).  [para (22 (a 1) 57 (a 1 2 2))]

given #262 (wt=15): 1542 (x v y) ^ (y v (x ^ z)) = y v (x ^ z).  [para (23 (a 1) 294 (a 1 1))]

low water: id=6482, wt=35

low water: id=6818, wt=33

given #263 (wt=15): 1543 (x v y) ^ ((y ^ z) v x) = (y ^ z) v x.  [para (49 (a 1) 294 (a 1 1))]

given #264 (wt=15): 1544 (x v y) ^ (y v (z ^ x)) = y v (z ^ x).  [para (54 (a 1) 294 (a 1 1))]

low water: id=7176, wt=31

given #265 (wt=15): 1545 (x v y) ^ ((z ^ y) v x) = (z ^ y) v x.  [para (57 (a 1) 294 (a 1 1))]

given #266 (wt=19): 150 (x v y) ^ ((x v (z ^ y)) ^ u) = (x v (z ^ y)) ^ u.  [para (57 (a 1) 51 (a 1 2 1)) demod (18)]

given #267 (wt=15): 1573 (x ^ (y ^ (z ^ u))) v (u ^ z) = u ^ z.  [para (200 (a 1) 298 (a 1 2)) demod (200)]

given #268 (wt=15): 1645 (x ^ (y ^ (z ^ u))) v (u ^ x) = x ^ u.  [para (61 (a 1) 321 (a 1 1 2))]

given #269 (wt=15): 1691 (x ^ y) v (y ^ (x v z)) = y ^ (x v z).  [para (21 (a 1) 323 (a 1 1))]

low water: id=7792, wt=29

given #270 (wt=15): 1692 (x ^ y) v (y ^ (z v x)) = y ^ (z v x).  [para (51 (a 1) 323 (a 1 1))]

given #271 (wt=19): 153 x v (y v (z v ((x v (y v z)) ^ u))) = x v (y v z).  [para (24 (a 1) 10 (a 1)) demod (10 10) flip a]

given #272 (wt=15): 1693 (x ^ y) v ((y v z) ^ x) = (y v z) ^ x.  [para (62 (a 1) 323 (a 1 1))]

given #273 (wt=15): 1694 (x ^ y) v ((z v y) ^ x) = (z v y) ^ x.  [para (64 (a 1) 323 (a 1 1))]

given #274 (wt=15): 1721 (x v (y ^ z)) ^ (y v x) = x v (y ^ z).  [para (23 (a 1) 430 (a 1 2))]

given #275 (wt=15): 1722 (x v (y ^ z)) ^ (z v x) = x v (y ^ z).  [para (54 (a 1) 430 (a 1 2))]

given #276 (wt=17): 154 x v (y v (z v ((x v z) ^ u))) = y v (x v z).  [para (24 (a 1) 17 (a 1 2)) flip a]

given #277 (wt=15): 1730 (x ^ y) v (z ^ (u ^ (y ^ x))) = x ^ y.  [para (12 (a 1) 511 (a 1 2))]

given #278 (wt=15): 1732 (x ^ (y v z)) v (y ^ x) = x ^ (y v z).  [para (21 (a 1) 511 (a 1 2))]

given #279 (wt=15): 1733 (x ^ y) v (z ^ (y ^ (x ^ u))) = x ^ y.  [para (511 (a 1) 49 (a 2)) demod (12 12 1685)]

given #280 (wt=15): 1734 (x ^ (y v z)) v (z ^ x) = x ^ (y v z).  [para (51 (a 1) 511 (a 1 2))]

given #281 (wt=19): 155 x v (y v (z v ((y v (x v z)) ^ u))) = x v (y v z).  [para (17 (a 1) 24 (a 1 2 2 1)) demod (10)]

given #282 (wt=15): 1927 (x ^ y) v (z ^ (y ^ (u ^ x))) = y ^ x.  [para (11 (a 1) 92 (a 1 1))]

given #283 (wt=15): 2177 x ^ (y ^ (((y v z) ^ x) v u)) = x ^ y.  [para (110 (a 1) 102 (a 1 2)) demod (62) flip a]

low water: id=8471, wt=27

given #284 (wt=15): 2184 x ^ (y ^ (z v ((y v u) ^ x))) = x ^ y.  [para (320 (a 1) 102 (a 1 2)) demod (62) flip a]

given #285 (wt=15): 2246 x v (y v (((y ^ z) v x) ^ u)) = x v y.  [para (152 (a 1) 106 (a 1 2)) demod (49) flip a]

given #286 (wt=19): 156 (x v y) ^ (y v ((x v y) ^ z)) = y v ((x v y) ^ z).  [para (24 (a 1) 19 (a 1 2)) demod (11)]

given #287 (wt=15): 2248 x v (y v (z ^ ((y ^ u) v x))) = x v y.  [para (211 (a 1) 106 (a 1 2)) demod (49) flip a]

given #288 (wt=15): 2336 x ^ (((x v y) ^ (z v (x v u))) v v) = x.  [para (116 (a 1) 72 (a 1)) demod (48) flip a]

given #289 (wt=15): 2338 x ^ (((x v y) ^ (z v (u v x))) v v) = x.  [para (116 (a 1) 76 (a 1)) demod (50) flip a]

given #290 (wt=15): 2374 x ^ (((y v (x v z)) ^ (x v u)) v v) = x.  [para (17 (a 1) 2316 (a 1 2 1 1))]

given #291 (wt=21): 157 (x v ((y v x) ^ z)) ^ (u v (y v x)) = x v ((y v x) ^ z).  [para (24 (a 1) 50 (a 1 2 2))]

given #292 (wt=15): 2375 x ^ (y v (((x v z) ^ (x v u)) v v)) = x.  [para (17 (a 1) 2316 (a 1 2))]

given #293 (wt=15): 2390 x ^ (((y v (z v x)) ^ (x v u)) v v) = x.  [para (69 (a 1) 2316 (a 1 2 1 1))]

given #294 (wt=15): 2391 x ^ (y v (z v ((x v u) ^ (x v v)))) = x.  [para (69 (a 1) 2316 (a 1 2))]

given #295 (wt=15): 2476 x ^ (((y v (x v z)) ^ (u v x)) v v) = x.  [para (17 (a 1) 2317 (a 1 2 1 1))]

given #296 (wt=23): 159 (x v y) ^ ((y v ((x v y) ^ z)) ^ u) = (y v ((x v y) ^ z)) ^ u.  [para (24 (a 1) 51 (a 1 2 1)) demod (18)]

given #297 (wt=15): 2478 x ^ (y v (((x v z) ^ (u v x)) v v)) = x.  [para (17 (a 1) 2317 (a 1 2))]

given #298 (wt=15): 2502 x ^ (((y v (z v x)) ^ (u v x)) v v) = x.  [para (69 (a 1) 2317 (a 1 2 1 1))]

given #299 (wt=15): 2503 x ^ (y v (z v ((x v u) ^ (v v x)))) = x.  [para (69 (a 1) 2317 (a 1 2))]

given #300 (wt=15): 2542 x ^ (((y v x) ^ (z v (x v u))) v v) = x.  [para (17 (a 1) 2370 (a 1 2 1 2))]

given #301 (wt=17): 161 x ^ (y ^ (z ^ ((x ^ y) v u))) = z ^ (x ^ y).  [para (62 (a 1) 12 (a 1)) flip a]

given #302 (wt=15): 2543 x ^ (y v (((z v x) ^ (x v u)) v v)) = x.  [para (17 (a 1) 2370 (a 1 2))]

given #303 (wt=15): 2556 x ^ (((y v x) ^ (z v (u v x))) v v) = x.  [para (69 (a 1) 2370 (a 1 2 1 2))]

given #304 (wt=15): 2557 x ^ (y v (z v ((u v x) ^ (x v v)))) = x.  [para (69 (a 1) 2370 (a 1 2))]

given #305 (wt=15): 2579 x ^ (y v ((z v (x v u)) ^ (x v v))) = x.  [para (17 (a 1) 2371 (a 1 2 2 1))]

given #306 (wt=17): 164 (x ^ (y v z)) v (u ^ (x ^ y)) = x ^ (y v z).  [para (62 (a 1) 56 (a 1 2 2))]

given #307 (wt=15): 2580 x ^ (y v ((x v z) ^ (u v (x v v)))) = x.  [para (17 (a 1) 2371 (a 1 2 2 2))]

given #308 (wt=15): 2593 x ^ (y v ((z v (u v x)) ^ (x v v))) = x.  [para (69 (a 1) 2371 (a 1 2 2 1))]

given #309 (wt=15): 2594 x ^ (y v ((x v z) ^ (u v (v v x)))) = x.  [para (69 (a 1) 2371 (a 1 2 2 2))]

given #310 (wt=15): 2623 x ^ (y v (((z v x) ^ (u v x)) v v)) = x.  [para (17 (a 1) 2470 (a 1 2))]

given #311 (wt=19): 165 (x ^ y) v ((x ^ (y v z)) v u) = (x ^ (y v z)) v u.  [para (62 (a 1) 54 (a 1 2 1)) demod (17)]

given #312 (wt=15): 2646 x ^ (y v (z v ((u v x) ^ (v v x)))) = x.  [para (69 (a 1) 2470 (a 1 2))]

given #313 (wt=15): 2759 x ^ (y v ((z v (x v u)) ^ (v v x))) = x.  [para (17 (a 1) 2471 (a 1 2 2 1))]

given #314 (wt=15): 2782 x ^ (y v ((z v (u v x)) ^ (v v x))) = x.  [para (69 (a 1) 2471 (a 1 2 2 1))]

given #315 (wt=15): 2819 x ^ (y v ((z v x) ^ (u v (x v v)))) = x.  [para (17 (a 1) 2537 (a 1 2 2 2))]

low water: id=9364, wt=25

given #316 (wt=17): 167 x ^ (y ^ (z ^ (u v (x ^ y)))) = z ^ (x ^ y).  [para (64 (a 1) 12 (a 1)) flip a]

given #317 (wt=15): 2830 x ^ (y v ((z v x) ^ (u v (v v x)))) = x.  [para (69 (a 1) 2537 (a 1 2 2 2))]

given #318 (wt=15): 3217 x ^ (y ^ (((z v y) ^ x) v u)) = x ^ y.  [para (110 (a 1) 126 (a 1 2)) demod (64) flip a]

given #319 (wt=15): 3225 x ^ (y ^ (z v ((u v y) ^ x))) = x ^ y.  [para (320 (a 1) 126 (a 1 2)) demod (64) flip a]

given #320 (wt=15): 3426 x v (y v (((z ^ y) v x) ^ u)) = x v y.  [para (152 (a 1) 133 (a 1 2)) demod (57) flip a]

given #321 (wt=17): 169 (x v y) ^ (z ^ (x v (u v y))) = z ^ (x v y).  [para (17 (a 1) 64 (a 1 2 2))]

given #322 (wt=15): 3429 x v (y v (z ^ ((u ^ y) v x))) = x v y.  [para (211 (a 1) 133 (a 1 2)) demod (57) flip a]

given #323 (wt=15): 3557 x ^ ((y ^ (z ^ u)) v (z ^ x)) = x ^ z.  [para (18 (a 1) 3518 (a 1 2 1))]

given #324 (wt=15): 3559 x ^ ((y ^ z) v (y ^ (x v u))) = x ^ y.  [para (3518 (a 1) 21 (a 1 2)) demod (21) flip a]

given #325 (wt=15): 3562 x ^ ((y ^ z) v (y ^ (u v x))) = x ^ y.  [para (3518 (a 1) 51 (a 1 2)) demod (51) flip a]

given #326 (wt=17): 171 (x ^ (y v z)) v (u ^ (x ^ z)) = x ^ (y v z).  [para (64 (a 1) 56 (a 1 2 2))]

given #327 (wt=15): 3580 x ^ ((y ^ (z ^ u)) v (u ^ x)) = x ^ u.  [para (61 (a 1) 3518 (a 1 2 1))]

given #328 (wt=15): 3643 x ^ ((y ^ x) v (z ^ (y ^ u))) = x ^ y.  [para (18 (a 1) 3550 (a 1 2 2))]

given #329 (wt=15): 3644 x ^ ((y ^ (x v z)) v (y ^ u)) = x ^ y.  [para (3550 (a 1) 21 (a 1 2)) demod (21) flip a]

given #330 (wt=15): 3645 x ^ ((y ^ (z v x)) v (y ^ u)) = x ^ y.  [para (3550 (a 1) 51 (a 1 2)) demod (51) flip a]

given #331 (wt=19): 175 (x ^ y) v ((x ^ (z v y)) v u) = (x ^ (z v y)) v u.  [para (64 (a 1) 54 (a 1 2 1)) demod (17)]

given #332 (wt=15): 3657 x ^ ((y ^ x) v (z ^ (u ^ y))) = x ^ y.  [para (61 (a 1) 3550 (a 1 2 2))]

given #333 (wt=15): 3770 x ^ (y v ((y v z) ^ x)) = x ^ (y v z).  [para (13 (a 1) 3551 (a 1 2 1))]

given #334 (wt=15): 3771 x ^ (y v ((z v y) ^ x)) = x ^ (z v y).  [para (19 (a 1) 3551 (a 1 2 1))]

given #335 (wt=15): 3778 x ^ ((y ^ z) v (z ^ (x v u))) = x ^ z.  [para (3551 (a 1) 21 (a 1 2)) demod (21) flip a]

given #336 (wt=23): 179 (x v ((y v x) ^ z)) ^ (u ^ (y v x)) = u ^ (x v ((y v x) ^ z)).  [para (24 (a 1) 64 (a 1 2 2))]

given #337 (wt=15): 3783 x ^ ((y ^ z) v (z ^ (u v x))) = x ^ z.  [para (3551 (a 1) 51 (a 1 2)) demod (51) flip a]

given #338 (wt=15): 3895 x ^ ((y ^ (z ^ u)) v (x ^ z)) = x ^ z.  [para (18 (a 1) 3552 (a 1 2 1))]

given #339 (wt=15): 3897 x ^ ((y ^ z) v ((x v u) ^ y)) = x ^ y.  [para (3552 (a 1) 21 (a 1 2)) demod (21) flip a]

given #340 (wt=15): 3898 x ^ ((y ^ z) v ((u v x) ^ y)) = x ^ y.  [para (3552 (a 1) 51 (a 1 2)) demod (51) flip a]

given #341 (wt=17): 180 (x v y) ^ (z v (u v (x v (y v v)))) = x v y.  [para (10 (a 1) 71 (a 1 2 2 2))]

given #342 (wt=15): 3906 x ^ ((y ^ (z ^ u)) v (x ^ u)) = x ^ u.  [para (61 (a 1) 3552 (a 1 2 1))]

given #343 (wt=15): 3939 x ^ ((x ^ y) v (z ^ (y ^ u))) = x ^ y.  [para (18 (a 1) 3636 (a 1 2 2))]

given #344 (wt=15): 3940 x ^ (((x v y) ^ z) v (z ^ u)) = x ^ z.  [para (3636 (a 1) 21 (a 1 2)) demod (21) flip a]

given #345 (wt=15): 3941 x ^ (((y v x) ^ z) v (z ^ u)) = x ^ z.  [para (3636 (a 1) 51 (a 1 2)) demod (51) flip a]

given #346 (wt=17): 183 x ^ (y ^ (z v (u v ((x ^ y) v v)))) = x ^ y.  [para (71 (a 1) 12 (a 1)) flip a]

given #347 (wt=15): 3949 x ^ ((x ^ y) v (z ^ (u ^ y))) = x ^ y.  [para (61 (a 1) 3636 (a 1 2 2))]

given #348 (wt=15): 3979 x ^ ((y ^ (x v z)) v (u ^ y)) = x ^ y.  [para (3637 (a 1) 21 (a 1 2)) demod (21) flip a]

given #349 (wt=15): 3980 x ^ ((y ^ (z v x)) v (u ^ y)) = x ^ y.  [para (3637 (a 1) 51 (a 1 2)) demod (51) flip a]

given #350 (wt=15): 4118 x ^ (y v (x ^ (y v z))) = x ^ (y v z).  [para (13 (a 1) 3766 (a 1 2 1))]

given #351 (wt=17): 187 x ^ (y ^ (z v (u v (v v (x ^ y))))) = x ^ y.  [para (75 (a 1) 12 (a 1)) flip a]

given #352 (wt=15): 4119 x ^ (y v (x ^ (z v y))) = x ^ (z v y).  [para (19 (a 1) 3766 (a 1 2 1))]

given #353 (wt=15): 4126 x ^ ((y ^ z) v ((x v u) ^ z)) = x ^ z.  [para (3766 (a 1) 21 (a 1 2)) demod (21) flip a]

given #354 (wt=15): 4129 x ^ ((y ^ z) v ((u v x) ^ z)) = x ^ z.  [para (3766 (a 1) 51 (a 1 2)) demod (51) flip a]

given #355 (wt=15): 4206 x ^ (((x v y) ^ z) v (u ^ z)) = x ^ z.  [para (3933 (a 1) 21 (a 1 2)) demod (21) flip a]

given #356 (wt=17): 188 (x v y) ^ (z v (u v (x v (v v y)))) = x v y.  [para (17 (a 1) 75 (a 1 2 2 2))]

given #357 (wt=15): 4207 x ^ (((y v x) ^ z) v (u ^ z)) = x ^ z.  [para (3933 (a 1) 51 (a 1 2)) demod (51) flip a]

given #358 (wt=15): 4474 x v (((x ^ y) v (z ^ (u ^ x))) ^ v) = x.  [para (158 (a 1) 88 (a 1)) demod (56) flip a]

given #359 (wt=15): 4476 x v (((x ^ y) v (z ^ (x ^ u))) ^ v) = x.  [para (158 (a 1) 94 (a 1)) demod (63) flip a]

given #360 (wt=15): 4528 x v (((y ^ (x ^ z)) v (x ^ u)) ^ v) = x.  [para (18 (a 1) 4455 (a 1 2 1 1))]

given #361 (wt=17): 189 x v (y v (z v (u v x))) = y v (z v (u v x)).  [para (75 (a 1) 25 (a 1 2)) demod (9)]

given #362 (wt=15): 4529 x v (y ^ (((x ^ z) v (x ^ u)) ^ v)) = x.  [para (18 (a 1) 4455 (a 1 2))]

given #363 (wt=15): 4543 x v (((y ^ (z ^ x)) v (x ^ u)) ^ v) = x.  [para (61 (a 1) 4455 (a 1 2 1 1))]

given #364 (wt=15): 4544 x v (y ^ (z ^ ((x ^ u) v (x ^ v)))) = x.  [para (61 (a 1) 4455 (a 1 2))]

given #365 (wt=15): 4590 x v (((y ^ (x ^ z)) v (u ^ x)) ^ v) = x.  [para (18 (a 1) 4457 (a 1 2 1 1))]

given #366 (wt=19): 191 ((x ^ y) v z) ^ (u v (v v (x v z))) = (x ^ y) v z.  [para (23 (a 1) 75 (a 1 2 2 2))]

given #367 (wt=15): 4592 x v (y ^ (((x ^ z) v (u ^ x)) ^ v)) = x.  [para (18 (a 1) 4457 (a 1 2))]

given #368 (wt=15): 4620 x v (((y ^ (z ^ x)) v (u ^ x)) ^ v) = x.  [para (61 (a 1) 4457 (a 1 2 1 1))]

given #369 (wt=15): 4621 x v (y ^ (z ^ ((x ^ u) v (v ^ x)))) = x.  [para (61 (a 1) 4457 (a 1 2))]

given #370 (wt=15): 4701 x v (((y ^ x) v (z ^ (x ^ u))) ^ v) = x.  [para (18 (a 1) 4524 (a 1 2 1 2))]

given #371 (wt=19): 192 (x v (y ^ z)) ^ (u v (v v (x v y))) = x v (y ^ z).  [para (49 (a 1) 75 (a 1 2 2 2))]

given #372 (wt=15): 4702 x v (y ^ (((z ^ x) v (x ^ u)) ^ v)) = x.  [para (18 (a 1) 4524 (a 1 2))]

given #373 (wt=15): 4716 x v (((y ^ x) v (z ^ (u ^ x))) ^ v) = x.  [para (61 (a 1) 4524 (a 1 2 1 2))]

given #374 (wt=15): 4717 x v (y ^ (z ^ ((u ^ x) v (x ^ v)))) = x.  [para (61 (a 1) 4524 (a 1 2))]

given #375 (wt=15): 4796 x v (y ^ ((z ^ y) v x)) = x v (z ^ y).  [para (112 (a 1) 211 (a 1 2))]

given #376 (wt=21): 193 x v (y v (z v (u v (x v v)))) = y v (z v (u v (x v v))).  [para (75 (a 1) 54 (a 1 2 1)) demod (17 10 10 10 10 10 10)]

given #377 (wt=15): 4844 x v (y ^ ((z ^ (x ^ u)) v (x ^ v))) = x.  [para (18 (a 1) 4525 (a 1 2 2 1))]

given #378 (wt=15): 4845 x v (y ^ ((x ^ z) v (u ^ (x ^ v)))) = x.  [para (18 (a 1) 4525 (a 1 2 2 2))]

given #379 (wt=15): 4857 x v (y ^ ((z ^ (u ^ x)) v (x ^ v))) = x.  [para (61 (a 1) 4525 (a 1 2 2 1))]

given #380 (wt=15): 4858 x v (y ^ ((x ^ z) v (u ^ (v ^ x)))) = x.  [para (61 (a 1) 4525 (a 1 2 2 2))]

given #381 (wt=19): 194 ((x ^ y) v z) ^ (u v (v v (y v z))) = (x ^ y) v z.  [para (54 (a 1) 75 (a 1 2 2 2))]

given #382 (wt=15): 4903 x v (y ^ (((z ^ x) v (u ^ x)) ^ v)) = x.  [para (18 (a 1) 4584 (a 1 2))]

given #383 (wt=15): 4932 x v (y ^ (z ^ ((u ^ x) v (v ^ x)))) = x.  [para (61 (a 1) 4584 (a 1 2))]

given #384 (wt=15): 5005 x v (y ^ ((z ^ (x ^ u)) v (v ^ x))) = x.  [para (18 (a 1) 4585 (a 1 2 2 1))]

given #385 (wt=15): 5034 x v (y ^ ((z ^ (u ^ x)) v (v ^ x))) = x.  [para (61 (a 1) 4585 (a 1 2 2 1))]

given #386 (wt=19): 195 (x v (y ^ z)) ^ (u v (v v (x v z))) = x v (y ^ z).  [para (57 (a 1) 75 (a 1 2 2 2))]

given #387 (wt=15): 5110 x v (y ^ ((z ^ x) v (u ^ (x ^ v)))) = x.  [para (18 (a 1) 4696 (a 1 2 2 2))]

given #388 (wt=15): 5125 x v (y ^ ((z ^ x) v (u ^ (v ^ x)))) = x.  [para (61 (a 1) 4696 (a 1 2 2 2))]

given #389 (wt=15): 5888 x v ((y v x) ^ (z v (y v u))) = x v y.  [para (17 (a 1) 5800 (a 1 2 2))]

given #390 (wt=15): 5889 x v ((y v (x ^ z)) ^ (y v u)) = x v y.  [para (5800 (a 1) 23 (a 1 2)) demod (23) flip a]

given #391 (wt=23): 196 (x v ((y v x) ^ z)) ^ (u v (v v (y v x))) = x v ((y v x) ^ z).  [para (24 (a 1) 75 (a 1 2 2 2))]

given #392 (wt=15): 5892 x v ((y v (z ^ x)) ^ (y v u)) = x v y.  [para (5800 (a 1) 54 (a 1 2)) demod (54) flip a]

given #393 (wt=15): 5902 x v ((y v x) ^ (z v (u v y))) = x v y.  [para (69 (a 1) 5800 (a 1 2 2))]

given #394 (wt=15): 5955 x v (y ^ ((y ^ z) v x)) = x v (y ^ z).  [para (3518 (a 1) 5800 (a 1 2)) demod (11)]

given #395 (wt=15): 5978 x v ((x v y) ^ (z v (y v u))) = x v y.  [para (17 (a 1) 5880 (a 1 2 2))]

given #396 (wt=19): 199 (x ^ (y ^ z)) v (x ^ (y ^ (z ^ u))) = x ^ (y ^ z).  [para (12 (a 1) 26 (a 1 1)) demod (12 12)]

given #397 (wt=15): 5979 x v (((x ^ y) v z) ^ (z v u)) = x v z.  [para (5880 (a 1) 23 (a 1 2)) demod (23) flip a]

given #398 (wt=15): 5980 x v (((y ^ x) v z) ^ (z v u)) = x v z.  [para (5880 (a 1) 54 (a 1 2)) demod (54) flip a]

given #399 (wt=15): 5985 x v ((x v y) ^ (z v (u v y))) = x v y.  [para (69 (a 1) 5880 (a 1 2 2))]

given #400 (wt=15): 6002 x v (y ^ (x v (y ^ z))) = x v (y ^ z).  [para (3518 (a 1) 5880 (a 1 2)) demod (11)]

given #401 (wt=19): 201 (x ^ (y ^ z)) v (y ^ (x ^ (z ^ u))) = y ^ (x ^ z).  [para (18 (a 1) 26 (a 1 1)) demod (12)]

given #402 (wt=15): 6004 x v (y ^ (x v (z ^ y))) = x v (z ^ y).  [para (3551 (a 1) 5880 (a 1 2)) demod (11)]

given #403 (wt=15): 6116 x v ((y v (x ^ z)) ^ (u v y)) = x v y.  [para (5881 (a 1) 23 (a 1 2)) demod (23) flip a]

given #404 (wt=15): 6120 x v ((y v (z ^ x)) ^ (u v y)) = x v y.  [para (5881 (a 1) 54 (a 1 2)) demod (54) flip a]

given #405 (wt=15): 6234 x v ((y v (z v u)) ^ (z v x)) = x v z.  [para (17 (a 1) 5885 (a 1 2 1))]

given #406 (wt=19): 204 x ^ (y ^ (z ^ (u v (v v (x ^ y))))) = x ^ (y ^ z).  [para (26 (a 1) 75 (a 1 2 2 2)) demod (12 12)]

given #407 (wt=15): 6236 x v ((y v z) ^ (y v (x ^ u))) = x v y.  [para (5885 (a 1) 23 (a 1 2)) demod (23) flip a]

given #408 (wt=15): 6238 x v ((y v z) ^ (y v (u ^ x))) = x v y.  [para (5885 (a 1) 54 (a 1 2)) demod (54) flip a]

given #409 (wt=15): 6250 x v ((y v (z v u)) ^ (u v x)) = x v u.  [para (69 (a 1) 5885 (a 1 2 1))]

given #410 (wt=15): 6324 x v (((x ^ y) v z) ^ (u v z)) = x v z.  [para (5972 (a 1) 23 (a 1 2)) demod (23) flip a]

given #411 (wt=17): 205 (x v (y v z)) ^ (z v (x v y)) = x v (y v z).  [para (10 (a 1) 87 (a 1 1)) demod (10)]

given #412 (wt=15): 6327 x v (((y ^ x) v z) ^ (u v z)) = x v z.  [para (5972 (a 1) 54 (a 1 2)) demod (54) flip a]

given #413 (wt=15): 6393 x v ((y v (z v u)) ^ (x v z)) = x v z.  [para (17 (a 1) 5976 (a 1 2 1))]

given #414 (wt=15): 6395 x v ((y v z) ^ ((x ^ u) v y)) = x v y.  [para (5976 (a 1) 23 (a 1 2)) demod (23) flip a]

given #415 (wt=15): 6396 x v ((y v z) ^ ((u ^ x) v y)) = x v y.  [para (5976 (a 1) 54 (a 1 2)) demod (54) flip a]

given #416 (wt=17): 206 (x v (y v z)) ^ (y v (z v x)) = x v (y v z).  [para (10 (a 1) 87 (a 1 2))]

given #417 (wt=15): 6402 x v ((y v (z v u)) ^ (x v u)) = x v u.  [para (69 (a 1) 5976 (a 1 2 1))]

given #418 (wt=15): 6505 x v ((y v z) ^ (z v (x ^ u))) = x v z.  [para (6110 (a 1) 23 (a 1 2)) demod (23) flip a]

given #419 (wt=15): 6507 x v ((y v z) ^ (z v (u ^ x))) = x v z.  [para (6110 (a 1) 54 (a 1 2)) demod (54) flip a]

given #420 (wt=15): 6591 x v ((y v z) ^ ((x ^ u) v z)) = x v z.  [para (6318 (a 1) 23 (a 1 2)) demod (23) flip a]

given #421 (wt=17): 209 (x v (y v z)) ^ (x v (z v y)) = x v (y v z).  [para (17 (a 1) 87 (a 1 2)) demod (10 10)]

given #422 (wt=15): 6592 x v ((y v z) ^ ((u ^ x) v z)) = x v z.  [para (6318 (a 1) 54 (a 1 2)) demod (54) flip a]

given #423 (wt=17): 213 x v (y v (z ^ (u ^ (v ^ (x v y))))) = x v y.  [para (90 (a 1) 10 (a 1)) flip a]

given #424 (wt=17): 216 x ^ (y ^ (z ^ (u ^ x))) = y ^ (z ^ (u ^ x)).  [para (90 (a 1) 19 (a 1 2)) demod (11)]

given #425 (wt=17): 217 (x ^ y) v (z ^ (u ^ (x ^ (v ^ y)))) = x ^ y.  [para (18 (a 1) 90 (a 1 2 2 2))]

given #426 (wt=19): 218 x v (y v (z v (u ^ (v ^ (x v y))))) = x v (y v z).  [para (20 (a 1) 90 (a 1 2 2 2)) demod (10 10)]

given #427 (wt=17): 228 x v (y v (z ^ (u ^ ((x v y) ^ v)))) = x v y.  [para (97 (a 1) 10 (a 1)) flip a]

given #428 (wt=17): 229 (x ^ y) v (z ^ (u ^ (x ^ (y ^ v)))) = x ^ y.  [para (12 (a 1) 97 (a 1 2 2 2))]

given #429 (wt=17): 231 (x v (y v z)) ^ (u ^ (x v y)) = u ^ (x v y).  [para (10 (a 1) 101 (a 1 1))]

given #430 (wt=17): 236 x ^ (y ^ ((y ^ ((x ^ y) v z)) v u)) = x ^ y.  [para (22 (a 1) 101 (a 1 2)) demod (11 12 22)]

given #431 (wt=19): 219 ((x v y) ^ z) v (u ^ (v ^ (x ^ z))) = (x v y) ^ z.  [para (21 (a 1) 90 (a 1 2 2 2))]

given #432 (wt=17): 239 (x ^ (y v z)) v (x ^ (u ^ y)) = x ^ (y v z).  [para (101 (a 1) 26 (a 1 2 2))]

given #433 (wt=17): 269 (x ^ (y ^ z)) v (u v (x ^ y)) = u v (x ^ y).  [para (12 (a 1) 108 (a 1 1))]

given #434 (wt=17): 272 (x v (y ^ z)) ^ (x v (u v y)) = x v (y ^ z).  [para (108 (a 1) 20 (a 1 2 2))]

given #435 (wt=17): 276 x v (y v ((y v ((x v y) ^ z)) ^ u)) = x v y.  [para (24 (a 1) 108 (a 1 2)) demod (9 10 24)]

given #436 (wt=23): 221 (x ^ ((y ^ x) v z)) v (u ^ (v ^ (y ^ x))) = x ^ ((y ^ x) v z).  [para (22 (a 1) 90 (a 1 2 2 2))]

given #437 (wt=17): 281 (x v (y v z)) ^ (u ^ (x v z)) = u ^ (x v z).  [para (17 (a 1) 125 (a 1 1))]

given #438 (wt=17): 292 (x ^ (y v z)) v (x ^ (u ^ z)) = x ^ (y v z).  [para (125 (a 1) 26 (a 1 2 2))]

given #439 (wt=17): 300 (x ^ (y ^ z)) v (u v (x ^ z)) = u v (x ^ z).  [para (18 (a 1) 136 (a 1 1))]

given #440 (wt=17): 301 (x v (y ^ z)) ^ (x v (u v z)) = x v (y ^ z).  [para (136 (a 1) 20 (a 1 2 2))]

given #441 (wt=21): 222 x ^ (y ^ (z ^ (u ^ (x ^ v)))) = y ^ (z ^ (u ^ (x ^ v))).  [para (90 (a 1) 51 (a 1 2 1)) demod (18 12 12 12 12 12 12)]

given #442 (wt=17): 310 x v (y v (z ^ (y v ((x v y) ^ u)))) = x v y.  [para (24 (a 1) 136 (a 1 2)) demod (9 10 24)]

given #443 (wt=17): 317 (x ^ (y ^ z)) v (z ^ (x ^ y)) = x ^ (y ^ z).  [para (12 (a 1) 200 (a 1 1)) demod (12)]

given #444 (wt=17): 318 (x ^ (y ^ z)) v (y ^ (z ^ x)) = x ^ (y ^ z).  [para (12 (a 1) 200 (a 1 2))]

given #445 (wt=17): 319 (x ^ (y ^ z)) v (x ^ (z ^ y)) = y ^ (x ^ z).  [para (18 (a 1) 200 (a 1 1)) demod (12)]

given #446 (wt=19): 223 ((x v y) ^ z) v (u ^ (v ^ (y ^ z))) = (x v y) ^ z.  [para (51 (a 1) 90 (a 1 2 2 2))]

given #447 (wt=17): 380 x ^ (y ^ ((x ^ (z v (y ^ x))) v u)) = x ^ y.  [para (30 (a 2) 64 (a 1 2)) demod (18 12 102 62)]

given #448 (wt=17): 416 x ^ (y ^ (z ^ (u v (x ^ z)))) = y ^ (x ^ z).  [para (52 (a 1) 18 (a 1 2)) flip a]

given #449 (wt=17): 423 x ^ (y ^ ((y ^ (z v (x ^ y))) v u)) = x ^ y.  [para (52 (a 1) 101 (a 1 2)) demod (11 12 52)]

given #450 (wt=17): 434 x v (y v (z v (u ^ (x v z)))) = x v (y v z).  [para (53 (a 1) 56 (a 1 2 2)) demod (10 10)]

given #451 (wt=19): 224 (x ^ (y v z)) v (u ^ (v ^ (x ^ y))) = x ^ (y v z).  [para (62 (a 1) 90 (a 1 2 2 2))]

given #452 (wt=17): 447 (x v (y ^ z)) ^ (x v (z ^ y)) = x v (y ^ z).  [para (200 (a 1) 53 (a 1 2 2))]

given #453 (wt=17): 456 x v (y v ((y v (z ^ (x v y))) ^ u)) = x v y.  [para (55 (a 1) 108 (a 1 2)) demod (9 10 55)]

given #454 (wt=17): 458 x v (y v (z ^ (y v (u ^ (x v y))))) = x v y.  [para (55 (a 1) 136 (a 1 2)) demod (9 10 55)]

given #455 (wt=17): 526 (x ^ (y v z)) v (x ^ (z v y)) = x ^ (y v z).  [para (87 (a 1) 65 (a 1 2 2))]

given #456 (wt=19): 225 (x ^ (y v z)) v (u ^ (v ^ (x ^ z))) = x ^ (y v z).  [para (64 (a 1) 90 (a 1 2 2 2))]

given #457 (wt=17): 633 x ^ (y ^ ((z v (x v u)) ^ v)) = y ^ (x ^ v).  [para (72 (a 1) 18 (a 1 2)) flip a]

given #458 (wt=17): 635 x ^ (y ^ (((z v (x v u)) ^ y) v v)) = x ^ y.  [para (22 (a 1) 72 (a 1 2)) demod (72) flip a]

given #459 (wt=17): 643 x ^ (y ^ ((z v (u v x)) ^ v)) = x ^ (y ^ v).  [para (108 (a 1) 72 (a 1 2 1 2)) demod (12 12)]

given #460 (wt=17): 644 x ^ (y ^ (z v ((u v (x v v)) ^ y))) = x ^ y.  [para (72 (a 1) 125 (a 1 2)) demod (11 12 72)]

given #461 (wt=21): 242 x ^ ((y ^ ((x ^ y) v z)) v u) = x ^ (u v (y ^ (x v z))).  [para (9 (a 1) 29 (a 1 2))]

-------- Proof 1 -------- (29.50 + 0.56 seconds) 

-------- PROOF --------
Length of proof is 40.
Maximum clause weight is 23.
7 x ^ (y v (z ^ (x v u))) = x ^ (y v (z ^ (u v (x ^ z)))) # label(H39).  [input]
8 A ^ (B v (A ^ C)) != A ^ (B v (C ^ (B v (A ^ (C v (A ^ B)))))) # label(H3).  [input]
9 x v y = y v x.  [input]
10 (x v y) v z = x v (y v z).  [input]
11 x ^ y = y ^ x.  [input]
12 (x ^ y) ^ z = x ^ (y ^ z).  [input]
13 x ^ (x v y) = x.  [input]
14 x v (x ^ y) = x.  [input]
15 x ^ (y v (z ^ (u v (x ^ z)))) = x ^ (y v (z ^ (x v u))) # label(H39).  [copy 7 flip a]
16 A ^ (B v (C ^ (B v (A ^ (C v (A ^ B)))))) != A ^ (B v (A ^ C)) # label(H3).  [copy 8 flip a]
17 x v (y v z) = y v (x v z).  [para (9 (a 1) 10 (a 1 1)) demod (10)]
18 x ^ (y ^ z) = y ^ (x ^ z).  [para (11 (a 1) 12 (a 1 1)) demod (12)]
19 x ^ (y v x) = x.  [para (9 (a 1) 13 (a 1 2))]
20 (x v y) ^ (x v (y v z)) = x v y.  [para (10 (a 1) 13 (a 1 2))]
21 x ^ ((x v y) ^ z) = x ^ z.  [para (13 (a 1) 12 (a 1 1)) flip a]
23 x v ((x ^ y) v z) = x v z.  [para (14 (a 1) 10 (a 1 1)) flip a]
25 x v (y ^ x) = x.  [para (11 (a 1) 14 (a 1 2))]
26 (x ^ y) v (x ^ (y ^ z)) = x ^ y.  [para (12 (a 1) 14 (a 1 2))]
27 x ^ x = x.  [para (14 (a 1) 13 (a 1 2))]
29 x ^ (y v (z ^ ((x ^ z) v u))) = x ^ (y v (z ^ (x v u))).  [para (9 (a 1) 15 (a 1 2 2 2))]
44 x ^ (y ^ x) = y ^ x.  [para (27 (a 1) 12 (a 2 2)) demod (11)]
54 x v ((y ^ x) v z) = x v z.  [para (25 (a 1) 10 (a 1 1)) flip a]
64 x ^ (y ^ (z v x)) = y ^ x.  [para (19 (a 1) 18 (a 1 2)) flip a]
80 (x v y) ^ (y v (x v z)) = y v x.  [para (9 (a 1) 20 (a 1 1))]
100 (x ^ y) v ((x v z) ^ y) = (x v z) ^ y.  [para (21 (a 1) 25 (a 1 2)) demod (9)]
107 (x v y) ^ ((x ^ z) v y) = (x ^ z) v y.  [para (23 (a 1) 19 (a 1 2)) demod (11)]
134 (x v y) ^ ((z ^ x) v y) = (z ^ x) v y.  [para (54 (a 1) 19 (a 1 2)) demod (11)]
170 (x ^ y) v (x ^ (z v y)) = x ^ (z v y).  [para (64 (a 1) 25 (a 1 2)) demod (9)]
200 (x ^ y) v (y ^ x) = x ^ y.  [para (44 (a 1) 26 (a 1 2))]
242 x ^ ((y ^ ((x ^ y) v z)) v u) = x ^ (u v (y ^ (x v z))).  [para (9 (a 1) 29 (a 1 2))]
316 (x ^ y) v (z v (y ^ x)) = z v (y ^ x).  [para (200 (a 1) 10 (a 2 2)) demod (9)]
321 (x ^ (y ^ z)) v (y ^ x) = x ^ y.  [para (200 (a 1) 23 (a 2)) demod (12 316)]
2087 x v ((x v y) ^ (x v z)) = (x v y) ^ (x v z).  [para (13 (a 1) 100 (a 1 1))]
2257 x ^ ((x ^ y) v (x ^ z)) = (x ^ y) v (x ^ z).  [para (14 (a 1) 107 (a 1 1))]
3518 x ^ ((y ^ z) v (y ^ x)) = x ^ y.  [para (321 (a 1) 134 (a 1 2)) demod (11 12 2257 321)]
3551 x ^ ((y ^ z) v (z ^ x)) = x ^ z.  [para (11 (a 1) 3518 (a 1 2 1))]
5800 x v ((y v x) ^ (y v z)) = x v y.  [para (80 (a 1) 170 (a 1 2)) demod (17 9 2087 80)]
5880 x v ((x v y) ^ (y v z)) = x v y.  [para (9 (a 1) 5800 (a 1 2 1))]
6004 x v (y ^ (x v (z ^ y))) = x v (z ^ y).  [para (3551 (a 1) 5880 (a 1 2)) demod (11)]
12591 $F.  [para (242 (a 2) 16 (a 1 2 2)) demod (11 9 2257 9 54 6004) xx a]

-------- end of proof  -------

Given=461. Generated=401176. Kept=12582. Proofs=1.
Usable=457. Sos=9996. Demods=9685. Goals=0. Limbo=0, Disabled=2137. Hints=0.
Weight_deleted=14. Literals_deleted=0.
Forward_subsumed=311474. Back_subsumed=230.
Sos_limit_deleted=77105. Sos_displaced=1240. Sos_removed=0.
New_demodulators=11397 (4 lex), Back_demodulated=659. Back_unit_deleted=0.
Demod_attempts=6379679. Demod_rewrites=1024800.
Res_instance_prunes=0. Para_instance_prunes=0. Basic_paramod_prunes=0.
Nonunit_fsub_feature_tests=0. Nonunit_bsub_feature_tests=0.
Megabytes=12.67.
User_CPU=29.50, System_CPU=0.56, Wall_clock=32.

THEOREM PROVED

Exiting with 1 proof.

Process 10912 exit (max_proofs) Fri Jul 15 15:24:51 2005
