----- Prover9 July-2005X, 13 July 2005 -----
Process 10723 was started by mccune on gyro.thornwood,
Fri Jul 15 14:55:42 2005
The command was "prover9 -t60 -f H7b.in".

% Reading from file H7b.in

set(auto).
    % set(auto) -> set(auto1).
    % set(auto1) -> set(auto_inference).
    % set(auto1) -> set(fof_reduction).
    % set(auto1) -> set(predicate_elimination).
    % set(auto1) -> set(unfold_eq).
    % set(unfold_eq) -> assign(unfold_eq_limit, 2147483647).
    % set(unfold_eq) -> clear(fold_eq).
    % set(auto1) -> set(inverse_order).
    % set(auto1) -> assign(new_constants, 1).
    % assign(new_constants, 1) -> clear(x_proofs).
    % assign(new_constants, 1) -> clear(rx_proofs).
    % set(auto1) -> assign(lex_dep_demod_lim, 11).
    % set(auto1) -> set(lex_dep_demod_sane).
    % set(auto1) -> assign(max_weight, 100).
    % set(auto1) -> assign(age_part, 1).
    % set(auto1) -> assign(weight_part, 2).
    % set(auto1) -> assign(weight_neg_part, 2).
    % set(auto1) -> assign(sos_limit, 10000).
    % set(auto1) -> clear(x_proofs).
    % set(auto1) -> assign(stats, lots).
    % set(auto1) -> assign(max_megs, 200).
    % set(auto1) -> clear(clocks).
clear(lex_dep_demod).
    % clear(lex_dep_demod) -> assign(lex_dep_demod_lim, 0).
assign(max_literals,1).
assign(max_weight,25).
assign(sos_limit,20000).
clear(print_given).

terms(weights).
x ' = x.
x v (y v (z v u)) = 1000.
x ^ (y ^ (z ^ u)) = 1000.
end_of_list.

clauses(sos).
x v y = y v x.
(x v y) v z = x v (y v z).
x ^ y = y ^ x.
(x ^ y) ^ z = x ^ (y ^ z).
x ^ (x v y) = x.
x v (x ^ y) = x.
x v x ' = 1.
x ^ x ' = 0.
x v y != 1 | x ^ y != 0 | x ' = y.
x ^ (y v (x ^ z)) = x ^ (y v (x ^ ((x ^ y) v (z ^ (x v y))))) # label(H7).
A ^ B = A.
A ' v B ' != A '.
end_of_list.

% From the command line: assign(max_seconds, 60).

% Finished reading the input.

% Entering prover search function.
% Assigned IDs to 12 clauses.

% Predicate elimination: (none).
% Relation symbol precedence:  lex([ = ]).
% Function symbol precedence:  lex([ 0, 1, A, B, ^, v, ' ]).
% After inverse_order: % Function symbol precedence:  lex([ 0, 1, A, B, v, ^, ' ]).
% Unfolding symbols: (none).

% Auto inference settings:
  % set(paramodulation).  % (positive equality literals)
    % set(paramodulation) -> set(back_demod).
  % set(hyper_resolution).  % (nonunit Horn with equality)
  % set(neg_ur_resolution).  % (nonunit Horn with equality)
  % assign(para_lit_limit, 2).  % (nonunit Horn with equality)

% Reasonable options, based on the structure of the clauses:
  % (nothing changed)

% Operation v is commutative; redundancy checks enabled.

% Operation v is associative-commutative; redundancy checks enabled.

% Operation ^ is commutative; redundancy checks enabled.

% Operation ^ is associative-commutative; redundancy checks enabled.

% Clauses after input processing:

clauses(usable).
end_of_list.

clauses(sos).
13 x v y = y v x.  [input]
14 (x v y) v z = x v (y v z).  [input]
15 x ^ y = y ^ x.  [input]
16 (x ^ y) ^ z = x ^ (y ^ z).  [input]
17 x ^ (x v y) = x.  [input]
18 x v (x ^ y) = x.  [input]
19 x v x ' = 1.  [input]
20 x ^ x ' = 0.  [input]
21 x v y != 1 | x ^ y != 0 | x ' = y.  [input]
22 x ^ (y v (x ^ ((x ^ y) v (z ^ (x v y))))) = x ^ (y v (x ^ z)) # label(H7).  [copy 10 flip a]
23 A ^ B = A.  [input]
24 A ' v B ' != A '.  [input]
end_of_list.

clauses(demodulators).
14 (x v y) v z = x v (y v z).  [input]
16 (x ^ y) ^ z = x ^ (y ^ z).  [input]
17 x ^ (x v y) = x.  [input]
18 x v (x ^ y) = x.  [input]
19 x v x ' = 1.  [input]
20 x ^ x ' = 0.  [input]
22 x ^ (y v (x ^ ((x ^ y) v (z ^ (x v y))))) = x ^ (y v (x ^ z)) # label(H7).  [copy 10 flip a]
23 A ^ B = A.  [input]
end_of_list.

clauses(goals).
end_of_list.

% Starting search at 0.00 seconds.

% Back_subsumption disabled, ratio of kept to back_subsumed is 87 (0.00 of 5.27 sec).

-------- Proof 1 -------- (12.13 + 0.35 seconds) 

-------- PROOF --------
Length of proof is 38.
Maximum clause weight is 23.
10 x ^ (y v (x ^ z)) = x ^ (y v (x ^ ((x ^ y) v (z ^ (x v y))))) # label(H7).  [input]
13 x v y = y v x.  [input]
14 (x v y) v z = x v (y v z).  [input]
15 x ^ y = y ^ x.  [input]
16 (x ^ y) ^ z = x ^ (y ^ z).  [input]
17 x ^ (x v y) = x.  [input]
18 x v (x ^ y) = x.  [input]
19 x v x ' = 1.  [input]
20 x ^ x ' = 0.  [input]
21 x v y != 1 | x ^ y != 0 | x ' = y.  [input]
22 x ^ (y v (x ^ ((x ^ y) v (z ^ (x v y))))) = x ^ (y v (x ^ z)) # label(H7).  [copy 10 flip a]
23 A ^ B = A.  [input]
24 A ' v B ' != A '.  [input]
27 x ^ (y v x) = x.  [para (13 (a 1) 17 (a 1 2))]
32 (x ^ y) v x = x.  [para (18 (a 1) 13 (a 1)) flip a]
35 x v (y ^ x) = x.  [para (15 (a 1) 18 (a 1 2))]
36 (x ^ y) v (x ^ (y ^ z)) = x ^ y.  [para (16 (a 1) 18 (a 1 2))]
39 x ' v x = 1.  [para (19 (a 1) 13 (a 1)) flip a]
42 x ^ 1 = x.  [para (19 (a 1) 17 (a 1 2))]
45 x ^ (y ^ (x ^ y) ') = 0.  [para (20 (a 1) 16 (a 1)) flip a]
55 B ^ A = A.  [para (23 (a 1) 15 (a 1)) flip a]
67 x ' v (x v y) = 1 v y.  [para (39 (a 1) 14 (a 1 1)) flip a]
71 1 ^ x = x.  [para (42 (a 1) 15 (a 1)) flip a]
89 B v A = B.  [para (55 (a 1) 18 (a 1 2))]
93 (x v y) ^ y = y.  [para (27 (a 1) 15 (a 1)) flip a]
102 1 v x = 1.  [para (71 (a 1) 17 (a 1))]
104 x ' v (x v y) = 1.  [back_demod 67 demod (102)]
108 A v B = B.  [para (89 (a 1) 13 (a 1)) flip a]
164 A ' v B = 1.  [para (108 (a 1) 104 (a 1 2))]
171 B v A ' = 1.  [para (164 (a 1) 13 (a 1)) flip a]
173 A ' ^ (B v (A ' ^ ((A ' ^ B) v x))) = A ' ^ (B v (A ' ^ x)).  [para (164 (a 1) 22 (a 1 2 2 2 2 2)) demod (42)]
225 ((x v (y ^ z)) ^ y) v (y ^ z) = (x v (y ^ z)) ^ y.  [para (93 (a 1) 36 (a 1 2))]
256 x ^ (y ^ (y ^ x) ') = 0.  [para (15 (a 1) 45 (a 1 2 2 1))]
2653 A ' ^ (B v (A ' ^ (A ' ^ B) ')) = A '.  [para (19 (a 1) 173 (a 1 2 2 2)) demod (42 171 42) flip a]
11464 B v (A ' ^ (A ' ^ B) ') = 1.  [para (2653 (a 1) 35 (a 1 2)) demod (14 32 171) flip a]
11471 A ' ^ (A ' ^ B) ' = B '.  [hyper (21 a 11464 a b 256 a) flip a]
11474 A ' v B ' = A '.  [para (11464 (a 1) 225 (a 1 1 1)) demod (71 11471 11471 19 71)]
11475 $F.  [resolve (11474 a 24 a)]

-------- end of proof  -------

Given=733. Generated=347427. Kept=11462. Proofs=1.
Usable=707. Sos=10173. Demods=10759. Goals=0. Limbo=3, Disabled=590. Hints=0.
Weight_deleted=49965. Literals_deleted=0.
Forward_subsumed=285929. Back_subsumed=80.
Sos_limit_deleted=71. Sos_displaced=0. Sos_removed=0.
New_demodulators=11310 (0 lex), Back_demodulated=498. Back_unit_deleted=0.
Demod_attempts=5879548. Demod_rewrites=907056.
Res_instance_prunes=0. Para_instance_prunes=0. Basic_paramod_prunes=0.
Nonunit_fsub_feature_tests=0. Nonunit_bsub_feature_tests=1.
Megabytes=11.72.
User_CPU=12.13, System_CPU=0.35, Wall_clock=12.

THEOREM PROVED

Exiting with 1 proof.

Process 10723 exit (max_proofs) Fri Jul 15 14:55:54 2005
