[
  [4,
    [ "=(number,1)",  "=(seconds,0)" ],
    [
      ["relation", "<=", 2,
        [
          [ 1, 1, 1, 1],
          [ 0, 1, 0, 0],
          [ 0, 1, 1, 0],
          [ 0, 1, 0, 1]
        ]
      ],
      ["function", "^", 2,
        [
          [ 0, 0, 0, 0],
          [ 0, 1, 2, 3],
          [ 0, 2, 2, 0],
          [ 0, 3, 0, 3]
        ]
      ],
      ["function", "v", 2,
        [
          [ 0, 1, 2, 3],
          [ 1, 1, 1, 1],
          [ 2, 1, 2, 1],
          [ 3, 1, 1, 3]
        ]
      ],
      ["function", "c1", 0,
         2
      ],
      ["function", "c2", 0,
         0
      ],
      ["function", "c3", 0,
         3
      ],
      ["relation", "A", 3,
        [
          [
            [ 1, 1, 1, 1],
            [ 0, 1, 0, 0],
            [ 0, 1, 1, 0],
            [ 0, 1, 0, 1]
          ],
          [
            [ 1, 0, 0, 0],
            [ 1, 1, 1, 1],
            [ 1, 0, 1, 0],
            [ 1, 0, 0, 1]
          ],
          [
            [ 1, 0, 0, 0],
            [ 0, 1, 0, 0],
            [ 1, 1, 1, 0],
            [ 0, 0, 0, 0]
          ],
          [
            [ 1, 0, 0, 0],
            [ 0, 1, 0, 0],
            [ 0, 0, 0, 0],
            [ 1, 1, 0, 1]
          ]
        ]
      ],
      ["relation", "B", 3,
        [
          [
            [ 1, 1, 1, 1],
            [ 0, 1, 0, 0],
            [ 0, 1, 1, 0],
            [ 0, 1, 0, 1]
          ],
          [
            [ 1, 0, 0, 0],
            [ 1, 1, 1, 1],
            [ 1, 0, 1, 0],
            [ 1, 0, 0, 1]
          ],
          [
            [ 1, 0, 0, 1],
            [ 0, 1, 0, 1],
            [ 1, 1, 1, 1],
            [ 0, 0, 0, 1]
          ],
          [
            [ 1, 0, 1, 0],
            [ 0, 1, 1, 0],
            [ 0, 0, 1, 0],
            [ 1, 1, 1, 1]
          ]
        ]
      ]
    ]
  ]
]
