============================== Mace4 =================================
Mace4 (32) version 2009-11A, November 2009.
Process 25632 was started by mccune on cleo,
Tue Nov  3 17:08:19 2009
The command was "/home/mccune/LADR/bin/mace4 -n8 -f queens1.in".
============================== end of head ===========================

============================== INPUT =================================

% Reading from file queens1.in

set(arithmetic).
    % set(arithmetic) -> clear(lnh).
    % set(arithmetic) -> assign(selection_order, 0).

    % Declaring Mace4 arithmetic parse types.

formulas(assumptions).
x != z -> Q(x) != Q(z).
x != z -> z + -x != Q(z) + -Q(x).
x != z -> z + -x != Q(x) + -Q(z).
end_of_list.
    % assign(domain_size, 8) -> assign(start_size, 8).
    % assign(domain_size, 8) -> assign(end_size, 8).

% From the command line: assign(domain_size, 8).

============================== end of input ==========================

============================== PROCESS NON-CLAUSAL FORMULAS ==========

% Formulas that are not ordinary clauses:
1 x != z -> Q(x) != Q(z) # label(non_clause).  [assumption].
2 x != z -> z + -x != Q(z) + -Q(x) # label(non_clause).  [assumption].
3 x != z -> z + -x != Q(x) + -Q(z) # label(non_clause).  [assumption].

============================== end of process non-clausal formulas ===

============================== CLAUSES FOR SEARCH ====================

formulas(mace4_clauses).
x = y | Q(x) != Q(y).
x = y | Q(x) + -Q(y) != x + -y.
x = y | Q(y) + -Q(x) != x + -y.
end_of_list.

============================== end of clauses for search =============

% There are no natural numbers in the input.

============================== DOMAIN SIZE 8 =========================

============================== MODEL =================================

interpretation( 8, [number=1, seconds=0], [

        function(Q(_), [ 0, 4, 7, 5, 2, 6, 1, 3 ])
]).

============================== end of model ==========================

============================== STATISTICS ============================

For domain size 8.

Current CPU time: 0.00 seconds (total CPU time: 0.02 seconds).
Ground clauses: seen=192, kept=168.
Selections=101, assignments=784, propagations=12, current_models=1.
Rewrite_terms=17812, rewrite_bools=10246, indexes=0.
Rules_from_neg_clauses=12, cross_offs=342.

============================== end of statistics =====================

User_CPU=0.02, System_CPU=0.00, Wall_clock=0.

Exiting with 1 model.

Process 25632 exit (max_models) Tue Nov  3 17:08:19 2009
The process finished Tue Nov  3 17:08:19 2009
